{"/Users/nicholasmitchell/LoRaWAN_Web_App_1/server/src/app.js":{"path":"/Users/nicholasmitchell/LoRaWAN_Web_App_1/server/src/app.js","statementMap":{"0":{"start":{"line":1,"column":16},"end":{"line":1,"column":34}},"1":{"start":{"line":2,"column":19},"end":{"line":2,"column":41}},"2":{"start":{"line":3,"column":13},"end":{"line":3,"column":28}},"3":{"start":{"line":4,"column":15},"end":{"line":4,"column":32}},"4":{"start":{"line":5,"column":15},"end":{"line":5,"column":48}},"5":{"start":{"line":6,"column":12},"end":{"line":6,"column":21}},"6":{"start":{"line":7,"column":11},"end":{"line":7,"column":54}},"7":{"start":{"line":9,"column":0},"end":{"line":9,"column":27}},"8":{"start":{"line":12,"column":0},"end":{"line":12,"column":27}},"9":{"start":{"line":13,"column":0},"end":{"line":13,"column":16}},"10":{"start":{"line":14,"column":0},"end":{"line":14,"column":22}},"11":{"start":{"line":16,"column":0},"end":{"line":18,"column":3}},"12":{"start":{"line":17,"column":4},"end":{"line":17,"column":56}},"13":{"start":{"line":20,"column":11},"end":{"line":20,"column":26}},"14":{"start":{"line":21,"column":0},"end":{"line":21,"column":21}},"15":{"start":{"line":22,"column":0},"end":{"line":22,"column":25}}},"fnMap":{"0":{"name":"(anonymous_0)","decl":{"start":{"line":16,"column":24},"end":{"line":16,"column":25}},"loc":{"start":{"line":16,"column":29},"end":{"line":18,"column":1}},"line":16}},"branchMap":{},"s":{"0":1,"1":1,"2":1,"3":1,"4":1,"5":1,"6":1,"7":1,"8":1,"9":1,"10":1,"11":1,"12":1,"13":1,"14":1,"15":1},"f":{"0":1},"b":{},"_coverageSchema":"43e27e138ebf9cfc5966b082cf9a028302ed4184","hash":"b79f247bd8bd3dbcd775ab345595b516c7835eca","contentHash":"21479e6a1b7535d45179e8fef6bd63fa"},"/Users/nicholasmitchell/LoRaWAN_Web_App_1/server/src/configeration/config.js":{"path":"/Users/nicholasmitchell/LoRaWAN_Web_App_1/server/src/configeration/config.js","statementMap":{"0":{"start":{"line":2,"column":0},"end":{"line":21,"column":1}}},"fnMap":{},"branchMap":{},"s":{"0":1},"f":{},"b":{},"_coverageSchema":"43e27e138ebf9cfc5966b082cf9a028302ed4184","hash":"2bbd51d6f50b1a83a421548900a7d8b5fe30fd30","contentHash":"28ae933c51b7cc82d3830459fa2783da"},"/Users/nicholasmitchell/LoRaWAN_Web_App_1/server/src/services/database/device_rx_db.js":{"path":"/Users/nicholasmitchell/LoRaWAN_Web_App_1/server/src/services/database/device_rx_db.js","statementMap":{"0":{"start":{"line":1,"column":11},"end":{"line":1,"column":30}},"1":{"start":{"line":3,"column":0},"end":{"line":57,"column":2}},"2":{"start":{"line":5,"column":18},"end":{"line":11,"column":193}},"3":{"start":{"line":12,"column":8},"end":{"line":12,"column":34}},"4":{"start":{"line":15,"column":18},"end":{"line":19,"column":193}},"5":{"start":{"line":20,"column":8},"end":{"line":20,"column":34}},"6":{"start":{"line":23,"column":18},"end":{"line":25,"column":54}},"7":{"start":{"line":26,"column":8},"end":{"line":26,"column":34}},"8":{"start":{"line":29,"column":8},"end":{"line":29,"column":34}},"9":{"start":{"line":32,"column":18},"end":{"line":34,"column":38}},"10":{"start":{"line":35,"column":8},"end":{"line":35,"column":34}},"11":{"start":{"line":38,"column":18},"end":{"line":40,"column":68}},"12":{"start":{"line":41,"column":8},"end":{"line":41,"column":34}},"13":{"start":{"line":44,"column":18},"end":{"line":46,"column":54}},"14":{"start":{"line":47,"column":8},"end":{"line":47,"column":34}}},"fnMap":{"0":{"name":"(anonymous_0)","decl":{"start":{"line":4,"column":12},"end":{"line":4,"column":13}},"loc":{"start":{"line":4,"column":28},"end":{"line":13,"column":5}},"line":4},"1":{"name":"(anonymous_1)","decl":{"start":{"line":14,"column":22},"end":{"line":14,"column":23}},"loc":{"start":{"line":14,"column":38},"end":{"line":21,"column":5}},"line":14},"2":{"name":"(anonymous_2)","decl":{"start":{"line":22,"column":9},"end":{"line":22,"column":10}},"loc":{"start":{"line":22,"column":34},"end":{"line":27,"column":5}},"line":22},"3":{"name":"(anonymous_3)","decl":{"start":{"line":28,"column":30},"end":{"line":28,"column":31}},"loc":{"start":{"line":28,"column":45},"end":{"line":30,"column":5}},"line":28},"4":{"name":"(anonymous_4)","decl":{"start":{"line":31,"column":28},"end":{"line":31,"column":29}},"loc":{"start":{"line":31,"column":65},"end":{"line":36,"column":5}},"line":31},"5":{"name":"(anonymous_5)","decl":{"start":{"line":37,"column":33},"end":{"line":37,"column":34}},"loc":{"start":{"line":37,"column":91},"end":{"line":42,"column":5}},"line":37},"6":{"name":"(anonymous_6)","decl":{"start":{"line":43,"column":22},"end":{"line":43,"column":23}},"loc":{"start":{"line":43,"column":48},"end":{"line":48,"column":5}},"line":43}},"branchMap":{},"s":{"0":1,"1":1,"2":0,"3":0,"4":0,"5":0,"6":0,"7":0,"8":0,"9":0,"10":0,"11":0,"12":0,"13":0,"14":0},"f":{"0":0,"1":0,"2":0,"3":0,"4":0,"5":0,"6":0},"b":{},"_coverageSchema":"43e27e138ebf9cfc5966b082cf9a028302ed4184","hash":"ff8dec45cd68983f44901181da86b4f31f5d1ff2","contentHash":"aedf7d4840d787a63c432d37b1ecd4d9"},"/Users/nicholasmitchell/LoRaWAN_Web_App_1/server/src/db.js":{"path":"/Users/nicholasmitchell/LoRaWAN_Web_App_1/server/src/db.js","statementMap":{"0":{"start":{"line":2,"column":15},"end":{"line":2,"column":48}},"1":{"start":{"line":3,"column":14},"end":{"line":3,"column":33}},"2":{"start":{"line":4,"column":12},"end":{"line":4,"column":28}},"3":{"start":{"line":5,"column":0},"end":{"line":5,"column":64}},"4":{"start":{"line":6,"column":0},"end":{"line":6,"column":58}},"5":{"start":{"line":8,"column":16},"end":{"line":13,"column":1}},"6":{"start":{"line":14,"column":7},"end":{"line":14,"column":8}},"7":{"start":{"line":16,"column":9},"end":{"line":16,"column":42}},"8":{"start":{"line":19,"column":0},"end":{"line":26,"column":3}},"9":{"start":{"line":20,"column":4},"end":{"line":25,"column":5}},"10":{"start":{"line":21,"column":6},"end":{"line":21,"column":50}},"11":{"start":{"line":22,"column":6},"end":{"line":22,"column":13}},"12":{"start":{"line":24,"column":6},"end":{"line":24,"column":62}},"13":{"start":{"line":28,"column":0},"end":{"line":30,"column":3}},"14":{"start":{"line":29,"column":2},"end":{"line":29,"column":21}},"15":{"start":{"line":33,"column":2},"end":{"line":33,"column":41}},"16":{"start":{"line":35,"column":2},"end":{"line":45,"column":4}},"17":{"start":{"line":36,"column":4},"end":{"line":43,"column":5}},"18":{"start":{"line":37,"column":6},"end":{"line":37,"column":54}},"19":{"start":{"line":38,"column":6},"end":{"line":38,"column":13}},"20":{"start":{"line":39,"column":6},"end":{"line":39,"column":42}},"21":{"start":{"line":42,"column":6},"end":{"line":42,"column":61}},"22":{"start":{"line":46,"column":2},"end":{"line":52,"column":5}},"23":{"start":{"line":47,"column":4},"end":{"line":51,"column":5}},"24":{"start":{"line":48,"column":6},"end":{"line":48,"column":25}},"25":{"start":{"line":55,"column":0},"end":{"line":55,"column":20}}},"fnMap":{"0":{"name":"(anonymous_0)","decl":{"start":{"line":19,"column":11},"end":{"line":19,"column":12}},"loc":{"start":{"line":19,"column":18},"end":{"line":26,"column":1}},"line":19},"1":{"name":"(anonymous_1)","decl":{"start":{"line":28,"column":15},"end":{"line":28,"column":16}},"loc":{"start":{"line":28,"column":30},"end":{"line":30,"column":1}},"line":28},"2":{"name":"handleDisconnect","decl":{"start":{"line":32,"column":9},"end":{"line":32,"column":25}},"loc":{"start":{"line":32,"column":28},"end":{"line":53,"column":1}},"line":32},"3":{"name":"(anonymous_3)","decl":{"start":{"line":35,"column":13},"end":{"line":35,"column":14}},"loc":{"start":{"line":35,"column":20},"end":{"line":44,"column":3}},"line":35},"4":{"name":"(anonymous_4)","decl":{"start":{"line":46,"column":17},"end":{"line":46,"column":18}},"loc":{"start":{"line":46,"column":32},"end":{"line":52,"column":3}},"line":46}},"branchMap":{"0":{"loc":{"start":{"line":20,"column":4},"end":{"line":25,"column":5}},"type":"if","locations":[{"start":{"line":20,"column":4},"end":{"line":25,"column":5}},{"start":{"line":20,"column":4},"end":{"line":25,"column":5}}],"line":20},"1":{"loc":{"start":{"line":36,"column":4},"end":{"line":43,"column":5}},"type":"if","locations":[{"start":{"line":36,"column":4},"end":{"line":43,"column":5}},{"start":{"line":36,"column":4},"end":{"line":43,"column":5}}],"line":36},"2":{"loc":{"start":{"line":47,"column":4},"end":{"line":51,"column":5}},"type":"if","locations":[{"start":{"line":47,"column":4},"end":{"line":51,"column":5}},{"start":{"line":47,"column":4},"end":{"line":51,"column":5}}],"line":47}},"s":{"0":1,"1":1,"2":1,"3":1,"4":1,"5":1,"6":1,"7":1,"8":1,"9":1,"10":0,"11":0,"12":1,"13":1,"14":0,"15":0,"16":0,"17":0,"18":0,"19":0,"20":0,"21":0,"22":0,"23":0,"24":0,"25":1},"f":{"0":1,"1":0,"2":0,"3":0,"4":0},"b":{"0":[0,1],"1":[0,0],"2":[0,0]},"_coverageSchema":"43e27e138ebf9cfc5966b082cf9a028302ed4184","hash":"9ea0449f82c528bb5d05930cbd67923dbc9a4180","contentHash":"02bf3de01d6f63518525d47bf0db76b3"},"/Users/nicholasmitchell/LoRaWAN_Web_App_1/server/src/services/MQTT.js":{"path":"/Users/nicholasmitchell/LoRaWAN_Web_App_1/server/src/services/MQTT.js","statementMap":{"0":{"start":{"line":1,"column":13},"end":{"line":1,"column":28}},"1":{"start":{"line":3,"column":15},"end":{"line":3,"column":52}},"2":{"start":{"line":4,"column":25},"end":{"line":4,"column":63}},"3":{"start":{"line":5,"column":18},"end":{"line":5,"column":52}},"4":{"start":{"line":7,"column":0},"end":{"line":14,"column":3}},"5":{"start":{"line":8,"column":4},"end":{"line":10,"column":7}},"6":{"start":{"line":9,"column":8},"end":{"line":9,"column":34}},"7":{"start":{"line":16,"column":0},"end":{"line":53,"column":2}},"8":{"start":{"line":18,"column":4},"end":{"line":18,"column":34}},"9":{"start":{"line":25,"column":28},"end":{"line":25,"column":60}},"10":{"start":{"line":26,"column":4},"end":{"line":52,"column":5}},"11":{"start":{"line":27,"column":19},"end":{"line":30,"column":14}},"12":{"start":{"line":31,"column":8},"end":{"line":51,"column":9}},"13":{"start":{"line":32,"column":12},"end":{"line":32,"column":53}},"14":{"start":{"line":33,"column":12},"end":{"line":33,"column":53}},"15":{"start":{"line":34,"column":12},"end":{"line":49,"column":13}},"16":{"start":{"line":35,"column":16},"end":{"line":48,"column":17}},"17":{"start":{"line":36,"column":20},"end":{"line":40,"column":26}},"18":{"start":{"line":39,"column":28},"end":{"line":39,"column":45}},"19":{"start":{"line":42,"column":20},"end":{"line":47,"column":22}},"20":{"start":{"line":45,"column":24},"end":{"line":45,"column":41}},"21":{"start":{"line":56,"column":4},"end":{"line":84,"column":5}},"22":{"start":{"line":58,"column":8},"end":{"line":78,"column":9}},"23":{"start":{"line":59,"column":12},"end":{"line":77,"column":13}},"24":{"start":{"line":60,"column":37},"end":{"line":60,"column":66}},"25":{"start":{"line":61,"column":33},"end":{"line":61,"column":58}},"26":{"start":{"line":62,"column":16},"end":{"line":62,"column":104}},"27":{"start":{"line":63,"column":19},"end":{"line":77,"column":13}},"28":{"start":{"line":64,"column":37},"end":{"line":64,"column":66}},"29":{"start":{"line":65,"column":33},"end":{"line":65,"column":58}},"30":{"start":{"line":66,"column":16},"end":{"line":66,"column":108}},"31":{"start":{"line":67,"column":19},"end":{"line":77,"column":13}},"32":{"start":{"line":68,"column":37},"end":{"line":68,"column":66}},"33":{"start":{"line":69,"column":33},"end":{"line":69,"column":58}},"34":{"start":{"line":70,"column":16},"end":{"line":70,"column":105}},"35":{"start":{"line":71,"column":19},"end":{"line":77,"column":13}},"36":{"start":{"line":72,"column":37},"end":{"line":72,"column":66}},"37":{"start":{"line":73,"column":33},"end":{"line":73,"column":58}},"38":{"start":{"line":74,"column":16},"end":{"line":74,"column":107}},"39":{"start":{"line":79,"column":8},"end":{"line":81,"column":9}},"40":{"start":{"line":80,"column":10},"end":{"line":80,"column":33}},"41":{"start":{"line":83,"column":8},"end":{"line":83,"column":25}},"42":{"start":{"line":88,"column":16},"end":{"line":88,"column":38}},"43":{"start":{"line":89,"column":16},"end":{"line":89,"column":41}},"44":{"start":{"line":90,"column":4},"end":{"line":90,"column":46}},"45":{"start":{"line":93,"column":16},"end":{"line":93,"column":38}},"46":{"start":{"line":94,"column":16},"end":{"line":94,"column":45}},"47":{"start":{"line":95,"column":16},"end":{"line":95,"column":41}},"48":{"start":{"line":96,"column":4},"end":{"line":96,"column":50}}},"fnMap":{"0":{"name":"(anonymous_0)","decl":{"start":{"line":7,"column":21},"end":{"line":7,"column":22}},"loc":{"start":{"line":7,"column":27},"end":{"line":14,"column":1}},"line":7},"1":{"name":"(anonymous_1)","decl":{"start":{"line":8,"column":38},"end":{"line":8,"column":39}},"loc":{"start":{"line":8,"column":44},"end":{"line":10,"column":5}},"line":8},"2":{"name":"(anonymous_2)","decl":{"start":{"line":16,"column":21},"end":{"line":16,"column":22}},"loc":{"start":{"line":16,"column":53},"end":{"line":53,"column":1}},"line":16},"3":{"name":"(anonymous_3)","decl":{"start":{"line":28,"column":19},"end":{"line":28,"column":20}},"loc":{"start":{"line":28,"column":26},"end":{"line":30,"column":13}},"line":28},"4":{"name":"(anonymous_4)","decl":{"start":{"line":37,"column":31},"end":{"line":37,"column":32}},"loc":{"start":{"line":37,"column":38},"end":{"line":40,"column":25}},"line":37},"5":{"name":"(anonymous_5)","decl":{"start":{"line":43,"column":22},"end":{"line":43,"column":23}},"loc":{"start":{"line":43,"column":29},"end":{"line":46,"column":23}},"line":43},"6":{"name":"extract_topic_information","decl":{"start":{"line":55,"column":9},"end":{"line":55,"column":34}},"loc":{"start":{"line":55,"column":41},"end":{"line":85,"column":1}},"line":55},"7":{"name":"extract_application_id","decl":{"start":{"line":87,"column":9},"end":{"line":87,"column":31}},"loc":{"start":{"line":87,"column":38},"end":{"line":91,"column":1}},"line":87},"8":{"name":"extract_device_eui","decl":{"start":{"line":92,"column":9},"end":{"line":92,"column":27}},"loc":{"start":{"line":92,"column":35},"end":{"line":97,"column":1}},"line":92}},"branchMap":{"0":{"loc":{"start":{"line":26,"column":4},"end":{"line":52,"column":5}},"type":"if","locations":[{"start":{"line":26,"column":4},"end":{"line":52,"column":5}},{"start":{"line":26,"column":4},"end":{"line":52,"column":5}}],"line":26},"1":{"loc":{"start":{"line":31,"column":8},"end":{"line":51,"column":9}},"type":"if","locations":[{"start":{"line":31,"column":8},"end":{"line":51,"column":9}},{"start":{"line":31,"column":8},"end":{"line":51,"column":9}}],"line":31},"2":{"loc":{"start":{"line":34,"column":12},"end":{"line":49,"column":13}},"type":"if","locations":[{"start":{"line":34,"column":12},"end":{"line":49,"column":13}},{"start":{"line":34,"column":12},"end":{"line":49,"column":13}}],"line":34},"3":{"loc":{"start":{"line":35,"column":16},"end":{"line":48,"column":17}},"type":"if","locations":[{"start":{"line":35,"column":16},"end":{"line":48,"column":17}},{"start":{"line":35,"column":16},"end":{"line":48,"column":17}}],"line":35},"4":{"loc":{"start":{"line":58,"column":8},"end":{"line":78,"column":9}},"type":"if","locations":[{"start":{"line":58,"column":8},"end":{"line":78,"column":9}},{"start":{"line":58,"column":8},"end":{"line":78,"column":9}}],"line":58},"5":{"loc":{"start":{"line":59,"column":12},"end":{"line":77,"column":13}},"type":"if","locations":[{"start":{"line":59,"column":12},"end":{"line":77,"column":13}},{"start":{"line":59,"column":12},"end":{"line":77,"column":13}}],"line":59},"6":{"loc":{"start":{"line":63,"column":19},"end":{"line":77,"column":13}},"type":"if","locations":[{"start":{"line":63,"column":19},"end":{"line":77,"column":13}},{"start":{"line":63,"column":19},"end":{"line":77,"column":13}}],"line":63},"7":{"loc":{"start":{"line":67,"column":19},"end":{"line":77,"column":13}},"type":"if","locations":[{"start":{"line":67,"column":19},"end":{"line":77,"column":13}},{"start":{"line":67,"column":19},"end":{"line":77,"column":13}}],"line":67},"8":{"loc":{"start":{"line":71,"column":19},"end":{"line":77,"column":13}},"type":"if","locations":[{"start":{"line":71,"column":19},"end":{"line":77,"column":13}},{"start":{"line":71,"column":19},"end":{"line":77,"column":13}}],"line":71},"9":{"loc":{"start":{"line":79,"column":8},"end":{"line":81,"column":9}},"type":"if","locations":[{"start":{"line":79,"column":8},"end":{"line":81,"column":9}},{"start":{"line":79,"column":8},"end":{"line":81,"column":9}}],"line":79}},"s":{"0":1,"1":1,"2":1,"3":1,"4":1,"5":1,"6":1,"7":1,"8":0,"9":0,"10":0,"11":0,"12":0,"13":0,"14":0,"15":0,"16":0,"17":0,"18":0,"19":0,"20":0,"21":0,"22":0,"23":0,"24":0,"25":0,"26":0,"27":0,"28":0,"29":0,"30":0,"31":0,"32":0,"33":0,"34":0,"35":0,"36":0,"37":0,"38":0,"39":0,"40":0,"41":0,"42":0,"43":0,"44":0,"45":0,"46":0,"47":0,"48":0},"f":{"0":1,"1":1,"2":0,"3":0,"4":0,"5":0,"6":0,"7":0,"8":0},"b":{"0":[0,0],"1":[0,0],"2":[0,0],"3":[0,0],"4":[0,0],"5":[0,0],"6":[0,0],"7":[0,0],"8":[0,0],"9":[0,0]},"_coverageSchema":"43e27e138ebf9cfc5966b082cf9a028302ed4184","hash":"fd2aca01f329759d9cd5cc3071b07100d71d38cf","contentHash":"20a288f2f1eec0170b7872b04904190e"},"/Users/nicholasmitchell/LoRaWAN_Web_App_1/server/src/services/database/vessel_device_db.js":{"path":"/Users/nicholasmitchell/LoRaWAN_Web_App_1/server/src/services/database/vessel_device_db.js","statementMap":{"0":{"start":{"line":1,"column":11},"end":{"line":1,"column":30}},"1":{"start":{"line":3,"column":0},"end":{"line":109,"column":2}},"2":{"start":{"line":6,"column":14},"end":{"line":8,"column":40}},"3":{"start":{"line":9,"column":4},"end":{"line":9,"column":30}},"4":{"start":{"line":13,"column":14},"end":{"line":16,"column":95}},"5":{"start":{"line":17,"column":4},"end":{"line":17,"column":30}},"6":{"start":{"line":21,"column":14},"end":{"line":24,"column":40}},"7":{"start":{"line":25,"column":4},"end":{"line":25,"column":30}},"8":{"start":{"line":28,"column":20},"end":{"line":28,"column":22}},"9":{"start":{"line":29,"column":16},"end":{"line":29,"column":18}},"10":{"start":{"line":30,"column":14},"end":{"line":30,"column":141}},"11":{"start":{"line":31,"column":4},"end":{"line":39,"column":5}},"12":{"start":{"line":32,"column":6},"end":{"line":32,"column":63}},"13":{"start":{"line":33,"column":6},"end":{"line":36,"column":7}},"14":{"start":{"line":34,"column":8},"end":{"line":34,"column":94}},"15":{"start":{"line":37,"column":6},"end":{"line":37,"column":28}},"16":{"start":{"line":38,"column":6},"end":{"line":38,"column":17}},"17":{"start":{"line":40,"column":4},"end":{"line":50,"column":5}},"18":{"start":{"line":41,"column":6},"end":{"line":48,"column":7}},"19":{"start":{"line":42,"column":8},"end":{"line":47,"column":9}},"20":{"start":{"line":44,"column":10},"end":{"line":44,"column":50}},"21":{"start":{"line":46,"column":10},"end":{"line":46,"column":46}},"22":{"start":{"line":49,"column":6},"end":{"line":49,"column":37}},"23":{"start":{"line":51,"column":4},"end":{"line":51,"column":30}},"24":{"start":{"line":55,"column":14},"end":{"line":57,"column":42}},"25":{"start":{"line":58,"column":4},"end":{"line":58,"column":30}},"26":{"start":{"line":61,"column":4},"end":{"line":61,"column":50}},"27":{"start":{"line":63,"column":14},"end":{"line":65,"column":65}},"28":{"start":{"line":66,"column":4},"end":{"line":66,"column":30}},"29":{"start":{"line":74,"column":14},"end":{"line":76,"column":45}},"30":{"start":{"line":77,"column":4},"end":{"line":77,"column":30}},"31":{"start":{"line":85,"column":14},"end":{"line":87,"column":43}},"32":{"start":{"line":88,"column":4},"end":{"line":88,"column":30}},"33":{"start":{"line":91,"column":14},"end":{"line":93,"column":43}},"34":{"start":{"line":94,"column":4},"end":{"line":94,"column":30}},"35":{"start":{"line":103,"column":14},"end":{"line":106,"column":38}},"36":{"start":{"line":107,"column":4},"end":{"line":107,"column":30}}},"fnMap":{"0":{"name":"(anonymous_0)","decl":{"start":{"line":4,"column":19},"end":{"line":4,"column":20}},"loc":{"start":{"line":4,"column":30},"end":{"line":10,"column":3}},"line":4},"1":{"name":"(anonymous_1)","decl":{"start":{"line":11,"column":35},"end":{"line":11,"column":36}},"loc":{"start":{"line":11,"column":56},"end":{"line":18,"column":3}},"line":11},"2":{"name":"(anonymous_2)","decl":{"start":{"line":19,"column":25},"end":{"line":19,"column":26}},"loc":{"start":{"line":19,"column":44},"end":{"line":26,"column":3}},"line":19},"3":{"name":"(anonymous_3)","decl":{"start":{"line":27,"column":19},"end":{"line":27,"column":20}},"loc":{"start":{"line":27,"column":46},"end":{"line":52,"column":3}},"line":27},"4":{"name":"(anonymous_4)","decl":{"start":{"line":54,"column":10},"end":{"line":54,"column":11}},"loc":{"start":{"line":54,"column":42},"end":{"line":59,"column":3}},"line":54},"5":{"name":"(anonymous_5)","decl":{"start":{"line":60,"column":10},"end":{"line":60,"column":11}},"loc":{"start":{"line":60,"column":53},"end":{"line":67,"column":3}},"line":60},"6":{"name":"(anonymous_6)","decl":{"start":{"line":73,"column":27},"end":{"line":73,"column":28}},"loc":{"start":{"line":73,"column":48},"end":{"line":78,"column":3}},"line":73},"7":{"name":"(anonymous_7)","decl":{"start":{"line":84,"column":26},"end":{"line":84,"column":27}},"loc":{"start":{"line":84,"column":46},"end":{"line":89,"column":3}},"line":84},"8":{"name":"(anonymous_8)","decl":{"start":{"line":90,"column":34},"end":{"line":90,"column":35}},"loc":{"start":{"line":90,"column":61},"end":{"line":95,"column":3}},"line":90},"9":{"name":"(anonymous_9)","decl":{"start":{"line":102,"column":30},"end":{"line":102,"column":31}},"loc":{"start":{"line":102,"column":51},"end":{"line":108,"column":3}},"line":102}},"branchMap":{"0":{"loc":{"start":{"line":33,"column":6},"end":{"line":36,"column":7}},"type":"if","locations":[{"start":{"line":33,"column":6},"end":{"line":36,"column":7}},{"start":{"line":33,"column":6},"end":{"line":36,"column":7}}],"line":33},"1":{"loc":{"start":{"line":40,"column":4},"end":{"line":50,"column":5}},"type":"if","locations":[{"start":{"line":40,"column":4},"end":{"line":50,"column":5}},{"start":{"line":40,"column":4},"end":{"line":50,"column":5}}],"line":40},"2":{"loc":{"start":{"line":42,"column":8},"end":{"line":47,"column":9}},"type":"if","locations":[{"start":{"line":42,"column":8},"end":{"line":47,"column":9}},{"start":{"line":42,"column":8},"end":{"line":47,"column":9}}],"line":42}},"s":{"0":1,"1":1,"2":0,"3":0,"4":0,"5":0,"6":0,"7":0,"8":0,"9":0,"10":0,"11":0,"12":0,"13":0,"14":0,"15":0,"16":0,"17":0,"18":0,"19":0,"20":0,"21":0,"22":0,"23":0,"24":0,"25":0,"26":0,"27":0,"28":0,"29":0,"30":0,"31":23,"32":23,"33":0,"34":0,"35":0,"36":0},"f":{"0":0,"1":0,"2":0,"3":0,"4":0,"5":0,"6":0,"7":23,"8":0,"9":0},"b":{"0":[0,0],"1":[0,0],"2":[0,0]},"_coverageSchema":"43e27e138ebf9cfc5966b082cf9a028302ed4184","hash":"2b3bd78fd82cf86b152a2e6fcb3c0abe6f7361c7","contentHash":"f5a8ef0d9b3f97b991dfd39a08b9b83a"},"/Users/nicholasmitchell/LoRaWAN_Web_App_1/server/src/passport.js":{"path":"/Users/nicholasmitchell/LoRaWAN_Web_App_1/server/src/passport.js","statementMap":{"0":{"start":{"line":1,"column":20},"end":{"line":1,"column":52}},"1":{"start":{"line":2,"column":19},"end":{"line":2,"column":53}},"2":{"start":{"line":3,"column":17},"end":{"line":3,"column":36}},"3":{"start":{"line":4,"column":15},"end":{"line":4,"column":48}},"4":{"start":{"line":6,"column":0},"end":{"line":18,"column":1}},"5":{"start":{"line":7,"column":4},"end":{"line":14,"column":7}},"6":{"start":{"line":12,"column":8},"end":{"line":12,"column":39}},"7":{"start":{"line":16,"column":4},"end":{"line":16,"column":21}},"8":{"start":{"line":17,"column":4},"end":{"line":17,"column":28}}},"fnMap":{"0":{"name":"(anonymous_0)","decl":{"start":{"line":10,"column":7},"end":{"line":10,"column":8}},"loc":{"start":{"line":11,"column":8},"end":{"line":13,"column":9}},"line":11}},"branchMap":{},"s":{"0":1,"1":1,"2":1,"3":1,"4":1,"5":1,"6":10,"7":0,"8":0},"f":{"0":10},"b":{},"_coverageSchema":"43e27e138ebf9cfc5966b082cf9a028302ed4184","hash":"c5b1200c0b007a4a63973eeabed29c01bca52f57","contentHash":"bcf9dbe4270b1be86c4c9163ab50b42c"},"/Users/nicholasmitchell/LoRaWAN_Web_App_1/server/src/routes.js":{"path":"/Users/nicholasmitchell/LoRaWAN_Web_App_1/server/src/routes.js","statementMap":{"0":{"start":{"line":1,"column":25},"end":{"line":1,"column":63}},"1":{"start":{"line":2,"column":13},"end":{"line":2,"column":42}},"2":{"start":{"line":3,"column":21},"end":{"line":3,"column":58}},"3":{"start":{"line":4,"column":21},"end":{"line":4,"column":70}},"4":{"start":{"line":5,"column":26},"end":{"line":5,"column":80}},"5":{"start":{"line":6,"column":17},"end":{"line":6,"column":50}},"6":{"start":{"line":7,"column":21},"end":{"line":7,"column":58}},"7":{"start":{"line":8,"column":16},"end":{"line":8,"column":48}},"8":{"start":{"line":9,"column":16},"end":{"line":9,"column":48}},"9":{"start":{"line":10,"column":17},"end":{"line":10,"column":50}},"10":{"start":{"line":11,"column":27},"end":{"line":11,"column":70}},"11":{"start":{"line":12,"column":25},"end":{"line":12,"column":66}},"12":{"start":{"line":13,"column":24},"end":{"line":13,"column":64}},"13":{"start":{"line":14,"column":24},"end":{"line":14,"column":64}},"14":{"start":{"line":15,"column":25},"end":{"line":15,"column":66}},"15":{"start":{"line":16,"column":20},"end":{"line":16,"column":56}},"16":{"start":{"line":17,"column":19},"end":{"line":17,"column":54}},"17":{"start":{"line":20,"column":23},"end":{"line":20,"column":59}},"18":{"start":{"line":21,"column":27},"end":{"line":21,"column":67}},"19":{"start":{"line":22,"column":22},"end":{"line":22,"column":57}},"20":{"start":{"line":23,"column":22},"end":{"line":23,"column":57}},"21":{"start":{"line":24,"column":23},"end":{"line":24,"column":59}},"22":{"start":{"line":25,"column":31},"end":{"line":25,"column":75}},"23":{"start":{"line":26,"column":24},"end":{"line":26,"column":66}},"24":{"start":{"line":32,"column":0},"end":{"line":252,"column":3}},"25":{"start":{"line":35,"column":4},"end":{"line":35,"column":81}},"26":{"start":{"line":38,"column":4},"end":{"line":38,"column":39}},"27":{"start":{"line":41,"column":4},"end":{"line":41,"column":53}},"28":{"start":{"line":46,"column":4},"end":{"line":46,"column":60}},"29":{"start":{"line":49,"column":4},"end":{"line":49,"column":65}},"30":{"start":{"line":52,"column":4},"end":{"line":52,"column":63}},"31":{"start":{"line":55,"column":4},"end":{"line":55,"column":70}},"32":{"start":{"line":59,"column":4},"end":{"line":59,"column":56}},"33":{"start":{"line":62,"column":4},"end":{"line":62,"column":59}},"34":{"start":{"line":65,"column":4},"end":{"line":65,"column":109}},"35":{"start":{"line":68,"column":4},"end":{"line":68,"column":90}},"36":{"start":{"line":73,"column":4},"end":{"line":73,"column":76}},"37":{"start":{"line":76,"column":4},"end":{"line":76,"column":94}},"38":{"start":{"line":79,"column":4},"end":{"line":79,"column":103}},"39":{"start":{"line":82,"column":4},"end":{"line":82,"column":114}},"40":{"start":{"line":85,"column":4},"end":{"line":85,"column":94}},"41":{"start":{"line":89,"column":4},"end":{"line":89,"column":75}},"42":{"start":{"line":92,"column":4},"end":{"line":92,"column":99}},"43":{"start":{"line":95,"column":4},"end":{"line":95,"column":127}},"44":{"start":{"line":98,"column":4},"end":{"line":98,"column":109}},"45":{"start":{"line":101,"column":4},"end":{"line":101,"column":106}},"46":{"start":{"line":104,"column":4},"end":{"line":104,"column":121}},"47":{"start":{"line":107,"column":4},"end":{"line":107,"column":97}},"48":{"start":{"line":111,"column":4},"end":{"line":111,"column":110}},"49":{"start":{"line":114,"column":4},"end":{"line":114,"column":93}},"50":{"start":{"line":117,"column":4},"end":{"line":117,"column":82}},"51":{"start":{"line":120,"column":4},"end":{"line":120,"column":65}},"52":{"start":{"line":123,"column":4},"end":{"line":123,"column":90}},"53":{"start":{"line":126,"column":4},"end":{"line":126,"column":87}},"54":{"start":{"line":129,"column":4},"end":{"line":129,"column":91}},"55":{"start":{"line":132,"column":4},"end":{"line":132,"column":101}},"56":{"start":{"line":135,"column":4},"end":{"line":135,"column":82}},"57":{"start":{"line":139,"column":4},"end":{"line":139,"column":81}},"58":{"start":{"line":142,"column":4},"end":{"line":142,"column":65}},"59":{"start":{"line":145,"column":4},"end":{"line":145,"column":93}},"60":{"start":{"line":148,"column":4},"end":{"line":148,"column":92}},"61":{"start":{"line":151,"column":4},"end":{"line":151,"column":91}},"62":{"start":{"line":154,"column":4},"end":{"line":154,"column":102}},"63":{"start":{"line":157,"column":4},"end":{"line":157,"column":83}},"64":{"start":{"line":161,"column":4},"end":{"line":161,"column":107}},"65":{"start":{"line":164,"column":4},"end":{"line":164,"column":111}},"66":{"start":{"line":167,"column":4},"end":{"line":167,"column":113}},"67":{"start":{"line":171,"column":4},"end":{"line":171,"column":75}},"68":{"start":{"line":174,"column":4},"end":{"line":174,"column":94}},"69":{"start":{"line":177,"column":4},"end":{"line":177,"column":67}},"70":{"start":{"line":180,"column":4},"end":{"line":180,"column":82}},"71":{"start":{"line":183,"column":4},"end":{"line":183,"column":94}},"72":{"start":{"line":186,"column":4},"end":{"line":186,"column":105}},"73":{"start":{"line":189,"column":4},"end":{"line":189,"column":90}},"74":{"start":{"line":193,"column":4},"end":{"line":193,"column":122}},"75":{"start":{"line":196,"column":4},"end":{"line":196,"column":136}},"76":{"start":{"line":200,"column":4},"end":{"line":200,"column":128}},"77":{"start":{"line":203,"column":4},"end":{"line":203,"column":83}},"78":{"start":{"line":206,"column":4},"end":{"line":206,"column":134}},"79":{"start":{"line":209,"column":4},"end":{"line":209,"column":158}},"80":{"start":{"line":212,"column":4},"end":{"line":212,"column":130}},"81":{"start":{"line":216,"column":4},"end":{"line":216,"column":119}},"82":{"start":{"line":219,"column":4},"end":{"line":219,"column":81}},"83":{"start":{"line":222,"column":4},"end":{"line":222,"column":81}},"84":{"start":{"line":225,"column":4},"end":{"line":225,"column":83}},"85":{"start":{"line":229,"column":4},"end":{"line":229,"column":119}},"86":{"start":{"line":232,"column":4},"end":{"line":232,"column":84}},"87":{"start":{"line":235,"column":4},"end":{"line":235,"column":94}},"88":{"start":{"line":238,"column":4},"end":{"line":238,"column":102}},"89":{"start":{"line":241,"column":4},"end":{"line":241,"column":97}},"90":{"start":{"line":244,"column":4},"end":{"line":244,"column":133}},"91":{"start":{"line":247,"column":4},"end":{"line":247,"column":165}},"92":{"start":{"line":251,"column":4},"end":{"line":251,"column":71}}},"fnMap":{"0":{"name":"(anonymous_0)","decl":{"start":{"line":32,"column":18},"end":{"line":32,"column":19}},"loc":{"start":{"line":32,"column":27},"end":{"line":252,"column":1}},"line":32}},"branchMap":{},"s":{"0":1,"1":1,"2":1,"3":1,"4":1,"5":1,"6":1,"7":1,"8":1,"9":1,"10":1,"11":1,"12":1,"13":1,"14":1,"15":1,"16":1,"17":1,"18":1,"19":1,"20":1,"21":1,"22":1,"23":1,"24":1,"25":1,"26":1,"27":1,"28":1,"29":1,"30":1,"31":1,"32":1,"33":1,"34":1,"35":1,"36":1,"37":1,"38":1,"39":1,"40":1,"41":1,"42":1,"43":1,"44":1,"45":1,"46":1,"47":1,"48":1,"49":1,"50":1,"51":1,"52":1,"53":1,"54":1,"55":1,"56":1,"57":1,"58":1,"59":1,"60":1,"61":1,"62":1,"63":1,"64":1,"65":1,"66":1,"67":1,"68":1,"69":1,"70":1,"71":1,"72":1,"73":1,"74":1,"75":1,"76":1,"77":1,"78":1,"79":1,"80":1,"81":1,"82":1,"83":1,"84":1,"85":1,"86":1,"87":1,"88":1,"89":1,"90":1,"91":1,"92":1},"f":{"0":1},"b":{},"_coverageSchema":"43e27e138ebf9cfc5966b082cf9a028302ed4184","hash":"0f587830b30a7b63abef09eca633b0a4b58b3f21","contentHash":"cd2a75614385e5954915b562587b8641"},"/Users/nicholasmitchell/LoRaWAN_Web_App_1/server/src/policies/CreateUserPolicy.js":{"path":"/Users/nicholasmitchell/LoRaWAN_Web_App_1/server/src/policies/CreateUserPolicy.js","statementMap":{"0":{"start":{"line":1,"column":12},"end":{"line":1,"column":26}},"1":{"start":{"line":3,"column":0},"end":{"line":106,"column":1}},"2":{"start":{"line":5,"column":8},"end":{"line":5,"column":40}},"3":{"start":{"line":6,"column":23},"end":{"line":25,"column":9}},"4":{"start":{"line":26,"column":31},"end":{"line":26,"column":61}},"5":{"start":{"line":27,"column":8},"end":{"line":58,"column":9}},"6":{"start":{"line":28,"column":12},"end":{"line":55,"column":13}},"7":{"start":{"line":30,"column":20},"end":{"line":30,"column":71}},"8":{"start":{"line":31,"column":20},"end":{"line":31,"column":26}},"9":{"start":{"line":33,"column":20},"end":{"line":33,"column":70}},"10":{"start":{"line":34,"column":20},"end":{"line":34,"column":26}},"11":{"start":{"line":36,"column":20},"end":{"line":36,"column":68}},"12":{"start":{"line":37,"column":20},"end":{"line":37,"column":26}},"13":{"start":{"line":39,"column":20},"end":{"line":39,"column":78}},"14":{"start":{"line":40,"column":20},"end":{"line":40,"column":26}},"15":{"start":{"line":42,"column":20},"end":{"line":42,"column":80}},"16":{"start":{"line":43,"column":20},"end":{"line":43,"column":26}},"17":{"start":{"line":45,"column":20},"end":{"line":45,"column":66}},"18":{"start":{"line":46,"column":20},"end":{"line":46,"column":26}},"19":{"start":{"line":48,"column":20},"end":{"line":48,"column":69}},"20":{"start":{"line":49,"column":20},"end":{"line":49,"column":26}},"21":{"start":{"line":51,"column":20},"end":{"line":51,"column":71}},"22":{"start":{"line":52,"column":20},"end":{"line":52,"column":26}},"23":{"start":{"line":54,"column":20},"end":{"line":54,"column":72}},"24":{"start":{"line":57,"column":12},"end":{"line":57,"column":19}},"25":{"start":{"line":61,"column":23},"end":{"line":76,"column":9}},"26":{"start":{"line":77,"column":31},"end":{"line":77,"column":61}},"27":{"start":{"line":78,"column":8},"end":{"line":103,"column":9}},"28":{"start":{"line":79,"column":12},"end":{"line":100,"column":13}},"29":{"start":{"line":81,"column":20},"end":{"line":81,"column":71}},"30":{"start":{"line":82,"column":20},"end":{"line":82,"column":26}},"31":{"start":{"line":84,"column":20},"end":{"line":84,"column":70}},"32":{"start":{"line":85,"column":20},"end":{"line":85,"column":26}},"33":{"start":{"line":87,"column":20},"end":{"line":87,"column":68}},"34":{"start":{"line":88,"column":20},"end":{"line":88,"column":26}},"35":{"start":{"line":90,"column":20},"end":{"line":90,"column":78}},"36":{"start":{"line":91,"column":20},"end":{"line":91,"column":26}},"37":{"start":{"line":93,"column":20},"end":{"line":93,"column":80}},"38":{"start":{"line":94,"column":20},"end":{"line":94,"column":26}},"39":{"start":{"line":96,"column":20},"end":{"line":96,"column":66}},"40":{"start":{"line":97,"column":20},"end":{"line":97,"column":26}},"41":{"start":{"line":99,"column":20},"end":{"line":99,"column":72}},"42":{"start":{"line":102,"column":12},"end":{"line":102,"column":19}}},"fnMap":{"0":{"name":"(anonymous_0)","decl":{"start":{"line":4,"column":4},"end":{"line":4,"column":5}},"loc":{"start":{"line":4,"column":29},"end":{"line":59,"column":5}},"line":4},"1":{"name":"(anonymous_1)","decl":{"start":{"line":60,"column":4},"end":{"line":60,"column":5}},"loc":{"start":{"line":60,"column":32},"end":{"line":104,"column":5}},"line":60}},"branchMap":{"0":{"loc":{"start":{"line":27,"column":8},"end":{"line":58,"column":9}},"type":"if","locations":[{"start":{"line":27,"column":8},"end":{"line":58,"column":9}},{"start":{"line":27,"column":8},"end":{"line":58,"column":9}}],"line":27},"1":{"loc":{"start":{"line":28,"column":12},"end":{"line":55,"column":13}},"type":"switch","locations":[{"start":{"line":29,"column":16},"end":{"line":31,"column":26}},{"start":{"line":32,"column":16},"end":{"line":34,"column":26}},{"start":{"line":35,"column":16},"end":{"line":37,"column":26}},{"start":{"line":38,"column":16},"end":{"line":40,"column":26}},{"start":{"line":41,"column":16},"end":{"line":43,"column":26}},{"start":{"line":44,"column":16},"end":{"line":46,"column":26}},{"start":{"line":47,"column":16},"end":{"line":49,"column":26}},{"start":{"line":50,"column":16},"end":{"line":52,"column":26}},{"start":{"line":53,"column":16},"end":{"line":54,"column":72}}],"line":28},"2":{"loc":{"start":{"line":78,"column":8},"end":{"line":103,"column":9}},"type":"if","locations":[{"start":{"line":78,"column":8},"end":{"line":103,"column":9}},{"start":{"line":78,"column":8},"end":{"line":103,"column":9}}],"line":78},"3":{"loc":{"start":{"line":79,"column":12},"end":{"line":100,"column":13}},"type":"switch","locations":[{"start":{"line":80,"column":16},"end":{"line":82,"column":26}},{"start":{"line":83,"column":16},"end":{"line":85,"column":26}},{"start":{"line":86,"column":16},"end":{"line":88,"column":26}},{"start":{"line":89,"column":16},"end":{"line":91,"column":26}},{"start":{"line":92,"column":16},"end":{"line":94,"column":26}},{"start":{"line":95,"column":16},"end":{"line":97,"column":26}},{"start":{"line":98,"column":16},"end":{"line":99,"column":72}}],"line":79}},"s":{"0":1,"1":1,"2":0,"3":0,"4":0,"5":0,"6":0,"7":0,"8":0,"9":0,"10":0,"11":0,"12":0,"13":0,"14":0,"15":0,"16":0,"17":0,"18":0,"19":0,"20":0,"21":0,"22":0,"23":0,"24":0,"25":0,"26":0,"27":0,"28":0,"29":0,"30":0,"31":0,"32":0,"33":0,"34":0,"35":0,"36":0,"37":0,"38":0,"39":0,"40":0,"41":0,"42":0},"f":{"0":0,"1":0},"b":{"0":[0,0],"1":[0,0,0,0,0,0,0,0,0],"2":[0,0],"3":[0,0,0,0,0,0,0]},"_coverageSchema":"43e27e138ebf9cfc5966b082cf9a028302ed4184","hash":"3e7816e8f21ad722e65504fccf0c9b84dd170b5c","contentHash":"8002880edb71b5868aa8af2fd4956307"},"/Users/nicholasmitchell/LoRaWAN_Web_App_1/server/src/controllers/user.js":{"path":"/Users/nicholasmitchell/LoRaWAN_Web_App_1/server/src/controllers/user.js","statementMap":{"0":{"start":{"line":1,"column":14},"end":{"line":1,"column":42}},"1":{"start":{"line":2,"column":13},"end":{"line":2,"column":30}},"2":{"start":{"line":3,"column":11},"end":{"line":3,"column":27}},"3":{"start":{"line":4,"column":12},"end":{"line":4,"column":38}},"4":{"start":{"line":5,"column":15},"end":{"line":5,"column":39}},"5":{"start":{"line":6,"column":29},"end":{"line":6,"column":72}},"6":{"start":{"line":7,"column":16},"end":{"line":7,"column":56}},"7":{"start":{"line":8,"column":19},"end":{"line":8,"column":61}},"8":{"start":{"line":9,"column":23},"end":{"line":9,"column":69}},"9":{"start":{"line":14,"column":2},"end":{"line":16,"column":22}},"10":{"start":{"line":21,"column":2},"end":{"line":25,"column":4}},"11":{"start":{"line":28,"column":2},"end":{"line":34,"column":5}},"12":{"start":{"line":29,"column":4},"end":{"line":33,"column":7}},"13":{"start":{"line":30,"column":6},"end":{"line":32,"column":9}},"14":{"start":{"line":31,"column":8},"end":{"line":31,"column":24}},"15":{"start":{"line":39,"column":2},"end":{"line":51,"column":3}},"16":{"start":{"line":40,"column":4},"end":{"line":48,"column":7}},"17":{"start":{"line":41,"column":6},"end":{"line":47,"column":9}},"18":{"start":{"line":42,"column":8},"end":{"line":46,"column":9}},"19":{"start":{"line":43,"column":10},"end":{"line":43,"column":28}},"20":{"start":{"line":45,"column":10},"end":{"line":45,"column":28}},"21":{"start":{"line":50,"column":4},"end":{"line":50,"column":14}},"22":{"start":{"line":56,"column":0},"end":{"line":378,"column":2}},"23":{"start":{"line":60,"column":4},"end":{"line":85,"column":5}},"24":{"start":{"line":61,"column":6},"end":{"line":80,"column":7}},"25":{"start":{"line":62,"column":8},"end":{"line":65,"column":11}},"26":{"start":{"line":64,"column":10},"end":{"line":64,"column":20}},"27":{"start":{"line":66,"column":8},"end":{"line":66,"column":25}},"28":{"start":{"line":67,"column":8},"end":{"line":74,"column":9}},"29":{"start":{"line":75,"column":12},"end":{"line":80,"column":7}},"30":{"start":{"line":76,"column":8},"end":{"line":79,"column":12}},"31":{"start":{"line":78,"column":12},"end":{"line":78,"column":22}},"32":{"start":{"line":81,"column":6},"end":{"line":81,"column":36}},"33":{"start":{"line":82,"column":6},"end":{"line":82,"column":88}},"34":{"start":{"line":84,"column":6},"end":{"line":84,"column":78}},"35":{"start":{"line":90,"column":4},"end":{"line":130,"column":5}},"36":{"start":{"line":91,"column":17},"end":{"line":91,"column":42}},"37":{"start":{"line":92,"column":15},"end":{"line":92,"column":40}},"38":{"start":{"line":93,"column":23},"end":{"line":97,"column":8}},"39":{"start":{"line":96,"column":8},"end":{"line":96,"column":18}},"40":{"start":{"line":98,"column":6},"end":{"line":101,"column":11}},"41":{"start":{"line":100,"column":10},"end":{"line":100,"column":20}},"42":{"start":{"line":102,"column":6},"end":{"line":106,"column":10}},"43":{"start":{"line":105,"column":10},"end":{"line":105,"column":20}},"44":{"start":{"line":107,"column":8},"end":{"line":107,"column":33}},"45":{"start":{"line":108,"column":6},"end":{"line":121,"column":7}},"46":{"start":{"line":109,"column":19},"end":{"line":113,"column":12}},"47":{"start":{"line":112,"column":12},"end":{"line":112,"column":22}},"48":{"start":{"line":114,"column":8},"end":{"line":120,"column":9}},"49":{"start":{"line":115,"column":10},"end":{"line":119,"column":14}},"50":{"start":{"line":118,"column":14},"end":{"line":118,"column":24}},"51":{"start":{"line":122,"column":6},"end":{"line":125,"column":10}},"52":{"start":{"line":124,"column":10},"end":{"line":124,"column":20}},"53":{"start":{"line":126,"column":6},"end":{"line":126,"column":36}},"54":{"start":{"line":127,"column":6},"end":{"line":127,"column":88}},"55":{"start":{"line":129,"column":6},"end":{"line":129,"column":23}},"56":{"start":{"line":135,"column":4},"end":{"line":168,"column":5}},"57":{"start":{"line":136,"column":17},"end":{"line":136,"column":42}},"58":{"start":{"line":137,"column":6},"end":{"line":141,"column":11}},"59":{"start":{"line":140,"column":10},"end":{"line":140,"column":20}},"60":{"start":{"line":142,"column":8},"end":{"line":150,"column":9}},"61":{"start":{"line":143,"column":10},"end":{"line":149,"column":11}},"62":{"start":{"line":144,"column":12},"end":{"line":148,"column":17}},"63":{"start":{"line":147,"column":16},"end":{"line":147,"column":26}},"64":{"start":{"line":151,"column":8},"end":{"line":159,"column":7}},"65":{"start":{"line":152,"column":10},"end":{"line":158,"column":11}},"66":{"start":{"line":153,"column":12},"end":{"line":157,"column":17}},"67":{"start":{"line":156,"column":16},"end":{"line":156,"column":26}},"68":{"start":{"line":160,"column":6},"end":{"line":163,"column":10}},"69":{"start":{"line":162,"column":10},"end":{"line":162,"column":20}},"70":{"start":{"line":164,"column":6},"end":{"line":164,"column":36}},"71":{"start":{"line":165,"column":6},"end":{"line":165,"column":88}},"72":{"start":{"line":167,"column":6},"end":{"line":167,"column":23}},"73":{"start":{"line":173,"column":4},"end":{"line":187,"column":5}},"74":{"start":{"line":174,"column":6},"end":{"line":178,"column":10}},"75":{"start":{"line":177,"column":10},"end":{"line":177,"column":20}},"76":{"start":{"line":179,"column":6},"end":{"line":182,"column":10}},"77":{"start":{"line":181,"column":10},"end":{"line":181,"column":20}},"78":{"start":{"line":183,"column":6},"end":{"line":183,"column":36}},"79":{"start":{"line":184,"column":6},"end":{"line":184,"column":88}},"80":{"start":{"line":186,"column":6},"end":{"line":186,"column":23}},"81":{"start":{"line":193,"column":4},"end":{"line":203,"column":5}},"82":{"start":{"line":194,"column":6},"end":{"line":197,"column":10}},"83":{"start":{"line":196,"column":10},"end":{"line":196,"column":20}},"84":{"start":{"line":198,"column":6},"end":{"line":198,"column":50}},"85":{"start":{"line":199,"column":6},"end":{"line":199,"column":109}},"86":{"start":{"line":201,"column":6},"end":{"line":201,"column":23}},"87":{"start":{"line":202,"column":6},"end":{"line":202,"column":85}},"88":{"start":{"line":208,"column":4},"end":{"line":247,"column":5}},"89":{"start":{"line":209,"column":17},"end":{"line":209,"column":42}},"90":{"start":{"line":210,"column":19},"end":{"line":214,"column":10}},"91":{"start":{"line":213,"column":10},"end":{"line":213,"column":20}},"92":{"start":{"line":215,"column":6},"end":{"line":244,"column":7}},"93":{"start":{"line":216,"column":8},"end":{"line":216,"column":73}},"94":{"start":{"line":219,"column":28},"end":{"line":223,"column":12}},"95":{"start":{"line":222,"column":12},"end":{"line":222,"column":22}},"96":{"start":{"line":224,"column":8},"end":{"line":243,"column":9}},"97":{"start":{"line":225,"column":10},"end":{"line":239,"column":11}},"98":{"start":{"line":226,"column":12},"end":{"line":226,"column":50}},"99":{"start":{"line":229,"column":27},"end":{"line":229,"column":41}},"100":{"start":{"line":230,"column":23},"end":{"line":236,"column":13}},"101":{"start":{"line":237,"column":12},"end":{"line":237,"column":40}},"102":{"start":{"line":238,"column":12},"end":{"line":238,"column":39}},"103":{"start":{"line":242,"column":10},"end":{"line":242,"column":75}},"104":{"start":{"line":246,"column":6},"end":{"line":246,"column":23}},"105":{"start":{"line":252,"column":4},"end":{"line":300,"column":5}},"106":{"start":{"line":253,"column":6},"end":{"line":253,"column":39}},"107":{"start":{"line":254,"column":19},"end":{"line":258,"column":10}},"108":{"start":{"line":257,"column":10},"end":{"line":257,"column":20}},"109":{"start":{"line":259,"column":6},"end":{"line":297,"column":7}},"110":{"start":{"line":260,"column":8},"end":{"line":260,"column":73}},"111":{"start":{"line":263,"column":28},"end":{"line":267,"column":12}},"112":{"start":{"line":266,"column":12},"end":{"line":266,"column":22}},"113":{"start":{"line":268,"column":8},"end":{"line":296,"column":9}},"114":{"start":{"line":269,"column":10},"end":{"line":292,"column":12}},"115":{"start":{"line":270,"column":37},"end":{"line":274,"column":16}},"116":{"start":{"line":273,"column":16},"end":{"line":273,"column":26}},"117":{"start":{"line":275,"column":12},"end":{"line":279,"column":16}},"118":{"start":{"line":278,"column":16},"end":{"line":278,"column":26}},"119":{"start":{"line":280,"column":27},"end":{"line":280,"column":41}},"120":{"start":{"line":281,"column":12},"end":{"line":287,"column":14}},"121":{"start":{"line":288,"column":12},"end":{"line":288,"column":40}},"122":{"start":{"line":289,"column":12},"end":{"line":289,"column":39}},"123":{"start":{"line":291,"column":12},"end":{"line":291,"column":28}},"124":{"start":{"line":295,"column":10},"end":{"line":295,"column":75}},"125":{"start":{"line":306,"column":4},"end":{"line":326,"column":5}},"126":{"start":{"line":307,"column":6},"end":{"line":311,"column":10}},"127":{"start":{"line":310,"column":10},"end":{"line":310,"column":20}},"128":{"start":{"line":312,"column":6},"end":{"line":312,"column":45}},"129":{"start":{"line":313,"column":6},"end":{"line":320,"column":7}},"130":{"start":{"line":321,"column":6},"end":{"line":321,"column":58}},"131":{"start":{"line":322,"column":6},"end":{"line":322,"column":47}},"132":{"start":{"line":324,"column":6},"end":{"line":324,"column":23}},"133":{"start":{"line":325,"column":6},"end":{"line":325,"column":62}},"134":{"start":{"line":330,"column":4},"end":{"line":342,"column":5}},"135":{"start":{"line":331,"column":6},"end":{"line":331,"column":51}},"136":{"start":{"line":332,"column":6},"end":{"line":335,"column":11}},"137":{"start":{"line":334,"column":10},"end":{"line":334,"column":20}},"138":{"start":{"line":336,"column":17},"end":{"line":336,"column":96}},"139":{"start":{"line":337,"column":6},"end":{"line":337,"column":34}},"140":{"start":{"line":338,"column":6},"end":{"line":338,"column":35}},"141":{"start":{"line":341,"column":6},"end":{"line":341,"column":23}},"142":{"start":{"line":346,"column":4},"end":{"line":376,"column":5}},"143":{"start":{"line":347,"column":6},"end":{"line":347,"column":39}},"144":{"start":{"line":348,"column":19},"end":{"line":352,"column":10}},"145":{"start":{"line":351,"column":10},"end":{"line":351,"column":20}},"146":{"start":{"line":353,"column":26},"end":{"line":357,"column":10}},"147":{"start":{"line":356,"column":10},"end":{"line":356,"column":20}},"148":{"start":{"line":358,"column":6},"end":{"line":373,"column":7}},"149":{"start":{"line":359,"column":35},"end":{"line":363,"column":14}},"150":{"start":{"line":362,"column":14},"end":{"line":362,"column":24}},"151":{"start":{"line":364,"column":8},"end":{"line":368,"column":14}},"152":{"start":{"line":367,"column":14},"end":{"line":367,"column":24}},"153":{"start":{"line":369,"column":8},"end":{"line":369,"column":62}},"154":{"start":{"line":372,"column":8},"end":{"line":372,"column":64}},"155":{"start":{"line":375,"column":6},"end":{"line":375,"column":23}}},"fnMap":{"0":{"name":"randomPasswordGenerator","decl":{"start":{"line":13,"column":9},"end":{"line":13,"column":32}},"loc":{"start":{"line":13,"column":35},"end":{"line":17,"column":1}},"line":13},"1":{"name":"toJSON","decl":{"start":{"line":19,"column":9},"end":{"line":19,"column":15}},"loc":{"start":{"line":19,"column":22},"end":{"line":26,"column":1}},"line":19},"2":{"name":"encrypt","decl":{"start":{"line":27,"column":9},"end":{"line":27,"column":16}},"loc":{"start":{"line":27,"column":27},"end":{"line":35,"column":1}},"line":27},"3":{"name":"(anonymous_3)","decl":{"start":{"line":28,"column":21},"end":{"line":28,"column":22}},"loc":{"start":{"line":28,"column":42},"end":{"line":34,"column":3}},"line":28},"4":{"name":"(anonymous_4)","decl":{"start":{"line":29,"column":22},"end":{"line":29,"column":23}},"loc":{"start":{"line":29,"column":41},"end":{"line":33,"column":5}},"line":29},"5":{"name":"(anonymous_5)","decl":{"start":{"line":30,"column":42},"end":{"line":30,"column":43}},"loc":{"start":{"line":30,"column":61},"end":{"line":32,"column":7}},"line":30},"6":{"name":"compare","decl":{"start":{"line":38,"column":9},"end":{"line":38,"column":16}},"loc":{"start":{"line":38,"column":34},"end":{"line":52,"column":1}},"line":38},"7":{"name":"(anonymous_7)","decl":{"start":{"line":40,"column":23},"end":{"line":40,"column":24}},"loc":{"start":{"line":40,"column":44},"end":{"line":48,"column":5}},"line":40},"8":{"name":"(anonymous_8)","decl":{"start":{"line":41,"column":38},"end":{"line":41,"column":39}},"loc":{"start":{"line":41,"column":57},"end":{"line":47,"column":7}},"line":41},"9":{"name":"(anonymous_9)","decl":{"start":{"line":58,"column":7},"end":{"line":58,"column":8}},"loc":{"start":{"line":58,"column":33},"end":{"line":86,"column":3}},"line":58},"10":{"name":"(anonymous_10)","decl":{"start":{"line":62,"column":64},"end":{"line":62,"column":65}},"loc":{"start":{"line":62,"column":71},"end":{"line":65,"column":9}},"line":62},"11":{"name":"(anonymous_11)","decl":{"start":{"line":77,"column":17},"end":{"line":77,"column":18}},"loc":{"start":{"line":77,"column":26},"end":{"line":79,"column":11}},"line":77},"12":{"name":"(anonymous_12)","decl":{"start":{"line":88,"column":10},"end":{"line":88,"column":11}},"loc":{"start":{"line":88,"column":34},"end":{"line":131,"column":3}},"line":88},"13":{"name":"(anonymous_13)","decl":{"start":{"line":94,"column":13},"end":{"line":94,"column":14}},"loc":{"start":{"line":94,"column":20},"end":{"line":97,"column":7}},"line":94},"14":{"name":"(anonymous_14)","decl":{"start":{"line":99,"column":15},"end":{"line":99,"column":16}},"loc":{"start":{"line":99,"column":24},"end":{"line":101,"column":9}},"line":99},"15":{"name":"(anonymous_15)","decl":{"start":{"line":103,"column":15},"end":{"line":103,"column":16}},"loc":{"start":{"line":103,"column":22},"end":{"line":106,"column":9}},"line":103},"16":{"name":"(anonymous_16)","decl":{"start":{"line":110,"column":17},"end":{"line":110,"column":18}},"loc":{"start":{"line":110,"column":24},"end":{"line":113,"column":11}},"line":110},"17":{"name":"(anonymous_17)","decl":{"start":{"line":116,"column":19},"end":{"line":116,"column":20}},"loc":{"start":{"line":116,"column":26},"end":{"line":119,"column":13}},"line":116},"18":{"name":"(anonymous_18)","decl":{"start":{"line":123,"column":15},"end":{"line":123,"column":16}},"loc":{"start":{"line":123,"column":24},"end":{"line":125,"column":9}},"line":123},"19":{"name":"(anonymous_19)","decl":{"start":{"line":133,"column":10},"end":{"line":133,"column":11}},"loc":{"start":{"line":133,"column":36},"end":{"line":169,"column":3}},"line":133},"20":{"name":"(anonymous_20)","decl":{"start":{"line":138,"column":15},"end":{"line":138,"column":16}},"loc":{"start":{"line":138,"column":22},"end":{"line":141,"column":9}},"line":138},"21":{"name":"(anonymous_21)","decl":{"start":{"line":145,"column":21},"end":{"line":145,"column":22}},"loc":{"start":{"line":145,"column":28},"end":{"line":148,"column":15}},"line":145},"22":{"name":"(anonymous_22)","decl":{"start":{"line":154,"column":21},"end":{"line":154,"column":22}},"loc":{"start":{"line":154,"column":28},"end":{"line":157,"column":15}},"line":154},"23":{"name":"(anonymous_23)","decl":{"start":{"line":161,"column":15},"end":{"line":161,"column":16}},"loc":{"start":{"line":161,"column":24},"end":{"line":163,"column":9}},"line":161},"24":{"name":"(anonymous_24)","decl":{"start":{"line":171,"column":10},"end":{"line":171,"column":11}},"loc":{"start":{"line":171,"column":36},"end":{"line":188,"column":3}},"line":171},"25":{"name":"(anonymous_25)","decl":{"start":{"line":175,"column":15},"end":{"line":175,"column":16}},"loc":{"start":{"line":175,"column":22},"end":{"line":178,"column":9}},"line":175},"26":{"name":"(anonymous_26)","decl":{"start":{"line":180,"column":15},"end":{"line":180,"column":16}},"loc":{"start":{"line":180,"column":24},"end":{"line":182,"column":9}},"line":180},"27":{"name":"(anonymous_27)","decl":{"start":{"line":191,"column":20},"end":{"line":191,"column":21}},"loc":{"start":{"line":191,"column":46},"end":{"line":204,"column":3}},"line":191},"28":{"name":"(anonymous_28)","decl":{"start":{"line":195,"column":15},"end":{"line":195,"column":16}},"loc":{"start":{"line":195,"column":24},"end":{"line":197,"column":9}},"line":195},"29":{"name":"(anonymous_29)","decl":{"start":{"line":207,"column":13},"end":{"line":207,"column":14}},"loc":{"start":{"line":207,"column":37},"end":{"line":248,"column":3}},"line":207},"30":{"name":"(anonymous_30)","decl":{"start":{"line":211,"column":15},"end":{"line":211,"column":16}},"loc":{"start":{"line":211,"column":22},"end":{"line":214,"column":9}},"line":211},"31":{"name":"(anonymous_31)","decl":{"start":{"line":220,"column":17},"end":{"line":220,"column":18}},"loc":{"start":{"line":220,"column":24},"end":{"line":223,"column":11}},"line":220},"32":{"name":"(anonymous_32)","decl":{"start":{"line":250,"column":18},"end":{"line":250,"column":19}},"loc":{"start":{"line":250,"column":42},"end":{"line":301,"column":3}},"line":250},"33":{"name":"(anonymous_33)","decl":{"start":{"line":255,"column":15},"end":{"line":255,"column":16}},"loc":{"start":{"line":255,"column":22},"end":{"line":258,"column":9}},"line":255},"34":{"name":"(anonymous_34)","decl":{"start":{"line":264,"column":17},"end":{"line":264,"column":18}},"loc":{"start":{"line":264,"column":24},"end":{"line":267,"column":11}},"line":264},"35":{"name":"(anonymous_35)","decl":{"start":{"line":269,"column":74},"end":{"line":269,"column":75}},"loc":{"start":{"line":269,"column":91},"end":{"line":290,"column":11}},"line":269},"36":{"name":"(anonymous_36)","decl":{"start":{"line":271,"column":21},"end":{"line":271,"column":22}},"loc":{"start":{"line":271,"column":28},"end":{"line":274,"column":15}},"line":271},"37":{"name":"(anonymous_37)","decl":{"start":{"line":276,"column":21},"end":{"line":276,"column":22}},"loc":{"start":{"line":276,"column":28},"end":{"line":279,"column":15}},"line":276},"38":{"name":"(anonymous_38)","decl":{"start":{"line":290,"column":19},"end":{"line":290,"column":20}},"loc":{"start":{"line":290,"column":26},"end":{"line":292,"column":11}},"line":290},"39":{"name":"(anonymous_39)","decl":{"start":{"line":304,"column":15},"end":{"line":304,"column":16}},"loc":{"start":{"line":304,"column":38},"end":{"line":327,"column":3}},"line":304},"40":{"name":"(anonymous_40)","decl":{"start":{"line":308,"column":15},"end":{"line":308,"column":16}},"loc":{"start":{"line":308,"column":22},"end":{"line":311,"column":9}},"line":308},"41":{"name":"(anonymous_41)","decl":{"start":{"line":328,"column":18},"end":{"line":328,"column":19}},"loc":{"start":{"line":328,"column":42},"end":{"line":343,"column":3}},"line":328},"42":{"name":"(anonymous_42)","decl":{"start":{"line":333,"column":15},"end":{"line":333,"column":16}},"loc":{"start":{"line":333,"column":22},"end":{"line":335,"column":9}},"line":333},"43":{"name":"(anonymous_43)","decl":{"start":{"line":344,"column":27},"end":{"line":344,"column":28}},"loc":{"start":{"line":344,"column":51},"end":{"line":377,"column":3}},"line":344},"44":{"name":"(anonymous_44)","decl":{"start":{"line":349,"column":15},"end":{"line":349,"column":16}},"loc":{"start":{"line":349,"column":22},"end":{"line":352,"column":9}},"line":349},"45":{"name":"(anonymous_45)","decl":{"start":{"line":354,"column":15},"end":{"line":354,"column":16}},"loc":{"start":{"line":354,"column":22},"end":{"line":357,"column":9}},"line":354},"46":{"name":"(anonymous_46)","decl":{"start":{"line":360,"column":19},"end":{"line":360,"column":20}},"loc":{"start":{"line":360,"column":26},"end":{"line":363,"column":13}},"line":360},"47":{"name":"(anonymous_47)","decl":{"start":{"line":365,"column":19},"end":{"line":365,"column":20}},"loc":{"start":{"line":365,"column":26},"end":{"line":368,"column":13}},"line":365}},"branchMap":{"0":{"loc":{"start":{"line":42,"column":8},"end":{"line":46,"column":9}},"type":"if","locations":[{"start":{"line":42,"column":8},"end":{"line":46,"column":9}},{"start":{"line":42,"column":8},"end":{"line":46,"column":9}}],"line":42},"1":{"loc":{"start":{"line":61,"column":6},"end":{"line":80,"column":7}},"type":"if","locations":[{"start":{"line":61,"column":6},"end":{"line":80,"column":7}},{"start":{"line":61,"column":6},"end":{"line":80,"column":7}}],"line":61},"2":{"loc":{"start":{"line":75,"column":12},"end":{"line":80,"column":7}},"type":"if","locations":[{"start":{"line":75,"column":12},"end":{"line":80,"column":7}},{"start":{"line":75,"column":12},"end":{"line":80,"column":7}}],"line":75},"3":{"loc":{"start":{"line":108,"column":6},"end":{"line":121,"column":7}},"type":"if","locations":[{"start":{"line":108,"column":6},"end":{"line":121,"column":7}},{"start":{"line":108,"column":6},"end":{"line":121,"column":7}}],"line":108},"4":{"loc":{"start":{"line":142,"column":8},"end":{"line":150,"column":9}},"type":"if","locations":[{"start":{"line":142,"column":8},"end":{"line":150,"column":9}},{"start":{"line":142,"column":8},"end":{"line":150,"column":9}}],"line":142},"5":{"loc":{"start":{"line":151,"column":8},"end":{"line":159,"column":7}},"type":"if","locations":[{"start":{"line":151,"column":8},"end":{"line":159,"column":7}},{"start":{"line":151,"column":8},"end":{"line":159,"column":7}}],"line":151},"6":{"loc":{"start":{"line":215,"column":6},"end":{"line":244,"column":7}},"type":"if","locations":[{"start":{"line":215,"column":6},"end":{"line":244,"column":7}},{"start":{"line":215,"column":6},"end":{"line":244,"column":7}}],"line":215},"7":{"loc":{"start":{"line":224,"column":8},"end":{"line":243,"column":9}},"type":"if","locations":[{"start":{"line":224,"column":8},"end":{"line":243,"column":9}},{"start":{"line":224,"column":8},"end":{"line":243,"column":9}}],"line":224},"8":{"loc":{"start":{"line":225,"column":10},"end":{"line":239,"column":11}},"type":"if","locations":[{"start":{"line":225,"column":10},"end":{"line":239,"column":11}},{"start":{"line":225,"column":10},"end":{"line":239,"column":11}}],"line":225},"9":{"loc":{"start":{"line":259,"column":6},"end":{"line":297,"column":7}},"type":"if","locations":[{"start":{"line":259,"column":6},"end":{"line":297,"column":7}},{"start":{"line":259,"column":6},"end":{"line":297,"column":7}}],"line":259},"10":{"loc":{"start":{"line":268,"column":8},"end":{"line":296,"column":9}},"type":"if","locations":[{"start":{"line":268,"column":8},"end":{"line":296,"column":9}},{"start":{"line":268,"column":8},"end":{"line":296,"column":9}}],"line":268},"11":{"loc":{"start":{"line":358,"column":6},"end":{"line":373,"column":7}},"type":"if","locations":[{"start":{"line":358,"column":6},"end":{"line":373,"column":7}},{"start":{"line":358,"column":6},"end":{"line":373,"column":7}}],"line":358}},"s":{"0":1,"1":1,"2":1,"3":1,"4":1,"5":1,"6":1,"7":1,"8":1,"9":0,"10":0,"11":0,"12":0,"13":0,"14":0,"15":0,"16":0,"17":0,"18":0,"19":0,"20":0,"21":0,"22":1,"23":0,"24":0,"25":0,"26":0,"27":0,"28":0,"29":0,"30":0,"31":0,"32":0,"33":0,"34":0,"35":0,"36":0,"37":0,"38":0,"39":0,"40":0,"41":0,"42":0,"43":0,"44":0,"45":0,"46":0,"47":0,"48":0,"49":0,"50":0,"51":0,"52":0,"53":0,"54":0,"55":0,"56":0,"57":0,"58":0,"59":0,"60":0,"61":0,"62":0,"63":0,"64":0,"65":0,"66":0,"67":0,"68":0,"69":0,"70":0,"71":0,"72":0,"73":0,"74":0,"75":0,"76":0,"77":0,"78":0,"79":0,"80":0,"81":0,"82":0,"83":0,"84":0,"85":0,"86":0,"87":0,"88":0,"89":0,"90":0,"91":0,"92":0,"93":0,"94":0,"95":0,"96":0,"97":0,"98":0,"99":0,"100":0,"101":0,"102":0,"103":0,"104":0,"105":0,"106":0,"107":0,"108":0,"109":0,"110":0,"111":0,"112":0,"113":0,"114":0,"115":0,"116":0,"117":0,"118":0,"119":0,"120":0,"121":0,"122":0,"123":0,"124":0,"125":0,"126":0,"127":0,"128":0,"129":0,"130":0,"131":0,"132":0,"133":0,"134":0,"135":0,"136":0,"137":0,"138":0,"139":0,"140":0,"141":0,"142":0,"143":0,"144":0,"145":0,"146":0,"147":0,"148":0,"149":0,"150":0,"151":0,"152":0,"153":0,"154":0,"155":0},"f":{"0":0,"1":0,"2":0,"3":0,"4":0,"5":0,"6":0,"7":0,"8":0,"9":0,"10":0,"11":0,"12":0,"13":0,"14":0,"15":0,"16":0,"17":0,"18":0,"19":0,"20":0,"21":0,"22":0,"23":0,"24":0,"25":0,"26":0,"27":0,"28":0,"29":0,"30":0,"31":0,"32":0,"33":0,"34":0,"35":0,"36":0,"37":0,"38":0,"39":0,"40":0,"41":0,"42":0,"43":0,"44":0,"45":0,"46":0,"47":0},"b":{"0":[0,0],"1":[0,0],"2":[0,0],"3":[0,0],"4":[0,0],"5":[0,0],"6":[0,0],"7":[0,0],"8":[0,0],"9":[0,0],"10":[0,0],"11":[0,0]},"_coverageSchema":"43e27e138ebf9cfc5966b082cf9a028302ed4184","hash":"1c255c8f69fe2fe63178d9e092d6780a88f7f962","contentHash":"c3e536a3bf6d42be842def048f7ad1d8"},"/Users/nicholasmitchell/LoRaWAN_Web_App_1/server/src/services/email.js":{"path":"/Users/nicholasmitchell/LoRaWAN_Web_App_1/server/src/services/email.js","statementMap":{"0":{"start":{"line":1,"column":19},"end":{"line":1,"column":40}},"1":{"start":{"line":2,"column":15},"end":{"line":2,"column":49}},"2":{"start":{"line":4,"column":0},"end":{"line":24,"column":1}},"3":{"start":{"line":13,"column":8},"end":{"line":22,"column":9}}},"fnMap":{"0":{"name":"(anonymous_0)","decl":{"start":{"line":12,"column":17},"end":{"line":12,"column":18}},"loc":{"start":{"line":12,"column":42},"end":{"line":23,"column":5}},"line":12}},"branchMap":{},"s":{"0":1,"1":1,"2":1,"3":0},"f":{"0":0},"b":{},"_coverageSchema":"43e27e138ebf9cfc5966b082cf9a028302ed4184","hash":"96ab2573da08ab24ab09cf01dbb71d0f77faa1bd","contentHash":"587ceb4c1d941d0fffb25070d4d65284"},"/Users/nicholasmitchell/LoRaWAN_Web_App_1/server/src/services/jwt.js":{"path":"/Users/nicholasmitchell/LoRaWAN_Web_App_1/server/src/services/jwt.js","statementMap":{"0":{"start":{"line":1,"column":12},"end":{"line":1,"column":35}},"1":{"start":{"line":2,"column":15},"end":{"line":2,"column":49}},"2":{"start":{"line":5,"column":8},"end":{"line":7,"column":11}},"3":{"start":{"line":10,"column":0},"end":{"line":10,"column":33}}},"fnMap":{"0":{"name":"jwtUserSignin","decl":{"start":{"line":4,"column":9},"end":{"line":4,"column":22}},"loc":{"start":{"line":4,"column":28},"end":{"line":8,"column":5}},"line":4}},"branchMap":{},"s":{"0":1,"1":1,"2":0,"3":1},"f":{"0":0},"b":{},"_coverageSchema":"43e27e138ebf9cfc5966b082cf9a028302ed4184","hash":"4870d2746c5c8ff96aa03ab6981187b4b89f1986","contentHash":"9e89e94f82183be00e6ad2df69bb3cf5"},"/Users/nicholasmitchell/LoRaWAN_Web_App_1/server/src/policies/UpdatePasswordPolicy.js":{"path":"/Users/nicholasmitchell/LoRaWAN_Web_App_1/server/src/policies/UpdatePasswordPolicy.js","statementMap":{"0":{"start":{"line":1,"column":12},"end":{"line":1,"column":26}},"1":{"start":{"line":3,"column":0},"end":{"line":52,"column":1}},"2":{"start":{"line":5,"column":8},"end":{"line":7,"column":9}},"3":{"start":{"line":8,"column":23},"end":{"line":12,"column":9}},"4":{"start":{"line":13,"column":33},"end":{"line":13,"column":59}},"5":{"start":{"line":14,"column":8},"end":{"line":19,"column":9}},"6":{"start":{"line":15,"column":12},"end":{"line":15,"column":35}},"7":{"start":{"line":16,"column":12},"end":{"line":16,"column":65}},"8":{"start":{"line":18,"column":12},"end":{"line":18,"column":19}},"9":{"start":{"line":22,"column":19},"end":{"line":22,"column":44}},"10":{"start":{"line":23,"column":23},"end":{"line":30,"column":9}},"11":{"start":{"line":31,"column":33},"end":{"line":31,"column":59}},"12":{"start":{"line":32,"column":8},"end":{"line":49,"column":9}},"13":{"start":{"line":33,"column":12},"end":{"line":46,"column":13}},"14":{"start":{"line":35,"column":20},"end":{"line":35,"column":47}},"15":{"start":{"line":36,"column":20},"end":{"line":36,"column":73}},"16":{"start":{"line":37,"column":20},"end":{"line":37,"column":26}},"17":{"start":{"line":39,"column":20},"end":{"line":39,"column":47}},"18":{"start":{"line":40,"column":20},"end":{"line":40,"column":77}},"19":{"start":{"line":41,"column":20},"end":{"line":41,"column":26}},"20":{"start":{"line":43,"column":20},"end":{"line":43,"column":39}},"21":{"start":{"line":44,"column":20},"end":{"line":44,"column":76}},"22":{"start":{"line":45,"column":20},"end":{"line":45,"column":26}},"23":{"start":{"line":48,"column":12},"end":{"line":48,"column":19}}},"fnMap":{"0":{"name":"(anonymous_0)","decl":{"start":{"line":4,"column":4},"end":{"line":4,"column":5}},"loc":{"start":{"line":4,"column":37},"end":{"line":20,"column":5}},"line":4},"1":{"name":"(anonymous_1)","decl":{"start":{"line":21,"column":4},"end":{"line":21,"column":5}},"loc":{"start":{"line":21,"column":36},"end":{"line":50,"column":5}},"line":21}},"branchMap":{"0":{"loc":{"start":{"line":14,"column":8},"end":{"line":19,"column":9}},"type":"if","locations":[{"start":{"line":14,"column":8},"end":{"line":19,"column":9}},{"start":{"line":14,"column":8},"end":{"line":19,"column":9}}],"line":14},"1":{"loc":{"start":{"line":32,"column":8},"end":{"line":49,"column":9}},"type":"if","locations":[{"start":{"line":32,"column":8},"end":{"line":49,"column":9}},{"start":{"line":32,"column":8},"end":{"line":49,"column":9}}],"line":32},"2":{"loc":{"start":{"line":33,"column":12},"end":{"line":46,"column":13}},"type":"switch","locations":[{"start":{"line":34,"column":16},"end":{"line":37,"column":26}},{"start":{"line":38,"column":16},"end":{"line":41,"column":26}},{"start":{"line":42,"column":16},"end":{"line":45,"column":26}}],"line":33}},"s":{"0":1,"1":1,"2":0,"3":0,"4":0,"5":0,"6":0,"7":0,"8":0,"9":0,"10":0,"11":0,"12":0,"13":0,"14":0,"15":0,"16":0,"17":0,"18":0,"19":0,"20":0,"21":0,"22":0,"23":0},"f":{"0":0,"1":0},"b":{"0":[0,0],"1":[0,0],"2":[0,0,0]},"_coverageSchema":"43e27e138ebf9cfc5966b082cf9a028302ed4184","hash":"f949ac03a015103197d91c7f1863e447af3a3fa9","contentHash":"5acd375497a68798c56224e459a2a0f1"},"/Users/nicholasmitchell/LoRaWAN_Web_App_1/server/src/services/database/users_db.js":{"path":"/Users/nicholasmitchell/LoRaWAN_Web_App_1/server/src/services/database/users_db.js","statementMap":{"0":{"start":{"line":1,"column":11},"end":{"line":1,"column":30}},"1":{"start":{"line":3,"column":0},"end":{"line":51,"column":1}},"2":{"start":{"line":5,"column":18},"end":{"line":6,"column":174}},"3":{"start":{"line":7,"column":4},"end":{"line":7,"column":30}},"4":{"start":{"line":10,"column":18},"end":{"line":12,"column":19}},"5":{"start":{"line":13,"column":8},"end":{"line":13,"column":34}},"6":{"start":{"line":16,"column":18},"end":{"line":17,"column":19}},"7":{"start":{"line":18,"column":8},"end":{"line":18,"column":34}},"8":{"start":{"line":21,"column":17},"end":{"line":22,"column":25}},"9":{"start":{"line":23,"column":8},"end":{"line":23,"column":34}},"10":{"start":{"line":26,"column":18},"end":{"line":29,"column":31}},"11":{"start":{"line":30,"column":8},"end":{"line":30,"column":34}},"12":{"start":{"line":33,"column":18},"end":{"line":34,"column":93}},"13":{"start":{"line":35,"column":8},"end":{"line":35,"column":34}},"14":{"start":{"line":40,"column":18},"end":{"line":41,"column":33}},"15":{"start":{"line":42,"column":8},"end":{"line":42,"column":34}},"16":{"start":{"line":45,"column":18},"end":{"line":48,"column":37}},"17":{"start":{"line":49,"column":8},"end":{"line":49,"column":34}}},"fnMap":{"0":{"name":"(anonymous_0)","decl":{"start":{"line":4,"column":14},"end":{"line":4,"column":15}},"loc":{"start":{"line":4,"column":40},"end":{"line":8,"column":5}},"line":4},"1":{"name":"(anonymous_1)","decl":{"start":{"line":9,"column":15},"end":{"line":9,"column":16}},"loc":{"start":{"line":9,"column":25},"end":{"line":14,"column":5}},"line":9},"2":{"name":"(anonymous_2)","decl":{"start":{"line":15,"column":21},"end":{"line":15,"column":22}},"loc":{"start":{"line":15,"column":31},"end":{"line":19,"column":5}},"line":15},"3":{"name":"(anonymous_3)","decl":{"start":{"line":20,"column":17},"end":{"line":20,"column":18}},"loc":{"start":{"line":20,"column":29},"end":{"line":24,"column":5}},"line":20},"4":{"name":"(anonymous_4)","decl":{"start":{"line":25,"column":17},"end":{"line":25,"column":18}},"loc":{"start":{"line":25,"column":31},"end":{"line":31,"column":5}},"line":25},"5":{"name":"(anonymous_5)","decl":{"start":{"line":32,"column":20},"end":{"line":32,"column":21}},"loc":{"start":{"line":32,"column":56},"end":{"line":36,"column":5}},"line":32},"6":{"name":"(anonymous_6)","decl":{"start":{"line":39,"column":17},"end":{"line":39,"column":18}},"loc":{"start":{"line":39,"column":34},"end":{"line":43,"column":5}},"line":39},"7":{"name":"(anonymous_7)","decl":{"start":{"line":44,"column":20},"end":{"line":44,"column":21}},"loc":{"start":{"line":44,"column":36},"end":{"line":50,"column":5}},"line":44}},"branchMap":{},"s":{"0":1,"1":1,"2":0,"3":0,"4":0,"5":0,"6":0,"7":0,"8":0,"9":0,"10":0,"11":0,"12":0,"13":0,"14":0,"15":0,"16":0,"17":0},"f":{"0":0,"1":0,"2":0,"3":0,"4":0,"5":0,"6":0,"7":0},"b":{},"_coverageSchema":"43e27e138ebf9cfc5966b082cf9a028302ed4184","hash":"57f3e8bb9cbc65b718fe9dc7bad7766ac3887efb","contentHash":"490cd976eda146afcf278c0db54736c0"},"/Users/nicholasmitchell/LoRaWAN_Web_App_1/server/src/services/database/devices_db.js":{"path":"/Users/nicholasmitchell/LoRaWAN_Web_App_1/server/src/services/database/devices_db.js","statementMap":{"0":{"start":{"line":1,"column":11},"end":{"line":1,"column":30}},"1":{"start":{"line":3,"column":0},"end":{"line":74,"column":2}},"2":{"start":{"line":5,"column":14},"end":{"line":7,"column":20}},"3":{"start":{"line":8,"column":4},"end":{"line":8,"column":30}},"4":{"start":{"line":11,"column":20},"end":{"line":11,"column":22}},"5":{"start":{"line":12,"column":16},"end":{"line":12,"column":18}},"6":{"start":{"line":13,"column":14},"end":{"line":13,"column":38}},"7":{"start":{"line":14,"column":4},"end":{"line":16,"column":5}},"8":{"start":{"line":15,"column":6},"end":{"line":15,"column":44}},"9":{"start":{"line":17,"column":4},"end":{"line":19,"column":5}},"10":{"start":{"line":18,"column":6},"end":{"line":18,"column":53}},"11":{"start":{"line":20,"column":4},"end":{"line":22,"column":5}},"12":{"start":{"line":21,"column":6},"end":{"line":21,"column":55}},"13":{"start":{"line":23,"column":4},"end":{"line":25,"column":5}},"14":{"start":{"line":24,"column":6},"end":{"line":24,"column":61}},"15":{"start":{"line":26,"column":4},"end":{"line":28,"column":5}},"16":{"start":{"line":27,"column":6},"end":{"line":27,"column":54}},"17":{"start":{"line":29,"column":4},"end":{"line":39,"column":5}},"18":{"start":{"line":30,"column":6},"end":{"line":37,"column":7}},"19":{"start":{"line":31,"column":8},"end":{"line":36,"column":9}},"20":{"start":{"line":33,"column":10},"end":{"line":33,"column":49}},"21":{"start":{"line":35,"column":10},"end":{"line":35,"column":44}},"22":{"start":{"line":38,"column":6},"end":{"line":38,"column":37}},"23":{"start":{"line":40,"column":4},"end":{"line":40,"column":30}},"24":{"start":{"line":43,"column":14},"end":{"line":45,"column":33}},"25":{"start":{"line":46,"column":4},"end":{"line":46,"column":30}},"26":{"start":{"line":50,"column":14},"end":{"line":53,"column":20}},"27":{"start":{"line":54,"column":4},"end":{"line":54,"column":30}},"28":{"start":{"line":57,"column":14},"end":{"line":59,"column":42}},"29":{"start":{"line":60,"column":4},"end":{"line":60,"column":30}},"30":{"start":{"line":63,"column":14},"end":{"line":65,"column":126}},"31":{"start":{"line":66,"column":4},"end":{"line":66,"column":30}},"32":{"start":{"line":69,"column":14},"end":{"line":71,"column":46}},"33":{"start":{"line":72,"column":4},"end":{"line":72,"column":30}}},"fnMap":{"0":{"name":"(anonymous_0)","decl":{"start":{"line":4,"column":7},"end":{"line":4,"column":8}},"loc":{"start":{"line":4,"column":18},"end":{"line":9,"column":3}},"line":4},"1":{"name":"(anonymous_1)","decl":{"start":{"line":10,"column":14},"end":{"line":10,"column":15}},"loc":{"start":{"line":10,"column":84},"end":{"line":41,"column":3}},"line":10},"2":{"name":"(anonymous_2)","decl":{"start":{"line":42,"column":19},"end":{"line":42,"column":20}},"loc":{"start":{"line":42,"column":30},"end":{"line":47,"column":3}},"line":42},"3":{"name":"(anonymous_3)","decl":{"start":{"line":48,"column":14},"end":{"line":48,"column":15}},"loc":{"start":{"line":48,"column":25},"end":{"line":55,"column":3}},"line":48},"4":{"name":"(anonymous_4)","decl":{"start":{"line":56,"column":10},"end":{"line":56,"column":11}},"loc":{"start":{"line":56,"column":42},"end":{"line":61,"column":3}},"line":56},"5":{"name":"(anonymous_5)","decl":{"start":{"line":62,"column":10},"end":{"line":62,"column":11}},"loc":{"start":{"line":62,"column":105},"end":{"line":67,"column":3}},"line":62},"6":{"name":"(anonymous_6)","decl":{"start":{"line":68,"column":25},"end":{"line":68,"column":26}},"loc":{"start":{"line":68,"column":52},"end":{"line":73,"column":3}},"line":68}},"branchMap":{"0":{"loc":{"start":{"line":14,"column":4},"end":{"line":16,"column":5}},"type":"if","locations":[{"start":{"line":14,"column":4},"end":{"line":16,"column":5}},{"start":{"line":14,"column":4},"end":{"line":16,"column":5}}],"line":14},"1":{"loc":{"start":{"line":14,"column":8},"end":{"line":14,"column":48}},"type":"binary-expr","locations":[{"start":{"line":14,"column":8},"end":{"line":14,"column":25}},{"start":{"line":14,"column":29},"end":{"line":14,"column":48}}],"line":14},"2":{"loc":{"start":{"line":17,"column":4},"end":{"line":19,"column":5}},"type":"if","locations":[{"start":{"line":17,"column":4},"end":{"line":19,"column":5}},{"start":{"line":17,"column":4},"end":{"line":19,"column":5}}],"line":17},"3":{"loc":{"start":{"line":17,"column":8},"end":{"line":17,"column":50}},"type":"binary-expr","locations":[{"start":{"line":17,"column":8},"end":{"line":17,"column":26}},{"start":{"line":17,"column":30},"end":{"line":17,"column":50}}],"line":17},"4":{"loc":{"start":{"line":20,"column":4},"end":{"line":22,"column":5}},"type":"if","locations":[{"start":{"line":20,"column":4},"end":{"line":22,"column":5}},{"start":{"line":20,"column":4},"end":{"line":22,"column":5}}],"line":20},"5":{"loc":{"start":{"line":20,"column":8},"end":{"line":20,"column":52}},"type":"binary-expr","locations":[{"start":{"line":20,"column":8},"end":{"line":20,"column":27}},{"start":{"line":20,"column":31},"end":{"line":20,"column":52}}],"line":20},"6":{"loc":{"start":{"line":23,"column":4},"end":{"line":25,"column":5}},"type":"if","locations":[{"start":{"line":23,"column":4},"end":{"line":25,"column":5}},{"start":{"line":23,"column":4},"end":{"line":25,"column":5}}],"line":23},"7":{"loc":{"start":{"line":23,"column":8},"end":{"line":23,"column":58}},"type":"binary-expr","locations":[{"start":{"line":23,"column":8},"end":{"line":23,"column":30}},{"start":{"line":23,"column":34},"end":{"line":23,"column":58}}],"line":23},"8":{"loc":{"start":{"line":26,"column":4},"end":{"line":28,"column":5}},"type":"if","locations":[{"start":{"line":26,"column":4},"end":{"line":28,"column":5}},{"start":{"line":26,"column":4},"end":{"line":28,"column":5}}],"line":26},"9":{"loc":{"start":{"line":26,"column":8},"end":{"line":26,"column":44}},"type":"binary-expr","locations":[{"start":{"line":26,"column":8},"end":{"line":26,"column":23}},{"start":{"line":26,"column":27},"end":{"line":26,"column":44}}],"line":26},"10":{"loc":{"start":{"line":29,"column":4},"end":{"line":39,"column":5}},"type":"if","locations":[{"start":{"line":29,"column":4},"end":{"line":39,"column":5}},{"start":{"line":29,"column":4},"end":{"line":39,"column":5}}],"line":29},"11":{"loc":{"start":{"line":31,"column":8},"end":{"line":36,"column":9}},"type":"if","locations":[{"start":{"line":31,"column":8},"end":{"line":36,"column":9}},{"start":{"line":31,"column":8},"end":{"line":36,"column":9}}],"line":31}},"s":{"0":1,"1":1,"2":0,"3":0,"4":0,"5":0,"6":0,"7":0,"8":0,"9":0,"10":0,"11":0,"12":0,"13":0,"14":0,"15":0,"16":0,"17":0,"18":0,"19":0,"20":0,"21":0,"22":0,"23":0,"24":0,"25":0,"26":0,"27":0,"28":0,"29":0,"30":0,"31":0,"32":0,"33":0},"f":{"0":0,"1":0,"2":0,"3":0,"4":0,"5":0,"6":0},"b":{"0":[0,0],"1":[0,0],"2":[0,0],"3":[0,0],"4":[0,0],"5":[0,0],"6":[0,0],"7":[0,0],"8":[0,0],"9":[0,0],"10":[0,0],"11":[0,0]},"_coverageSchema":"43e27e138ebf9cfc5966b082cf9a028302ed4184","hash":"b43fd7802690e205ed8baf6d32a0a513a4a2ef48","contentHash":"b085d2733b92a4db0656f56f359467ad"},"/Users/nicholasmitchell/LoRaWAN_Web_App_1/server/src/services/database/user_vessel_db.js":{"path":"/Users/nicholasmitchell/LoRaWAN_Web_App_1/server/src/services/database/user_vessel_db.js","statementMap":{"0":{"start":{"line":1,"column":11},"end":{"line":1,"column":30}},"1":{"start":{"line":3,"column":0},"end":{"line":54,"column":2}},"2":{"start":{"line":5,"column":20},"end":{"line":5,"column":22}},"3":{"start":{"line":6,"column":16},"end":{"line":6,"column":18}},"4":{"start":{"line":7,"column":14},"end":{"line":9,"column":100}},"5":{"start":{"line":10,"column":4},"end":{"line":12,"column":5}},"6":{"start":{"line":11,"column":6},"end":{"line":11,"column":37}},"7":{"start":{"line":13,"column":4},"end":{"line":15,"column":5}},"8":{"start":{"line":14,"column":6},"end":{"line":14,"column":47}},"9":{"start":{"line":16,"column":4},"end":{"line":18,"column":5}},"10":{"start":{"line":17,"column":6},"end":{"line":17,"column":51}},"11":{"start":{"line":19,"column":4},"end":{"line":21,"column":5}},"12":{"start":{"line":20,"column":6},"end":{"line":20,"column":47}},"13":{"start":{"line":22,"column":4},"end":{"line":32,"column":5}},"14":{"start":{"line":23,"column":6},"end":{"line":30,"column":7}},"15":{"start":{"line":24,"column":8},"end":{"line":29,"column":9}},"16":{"start":{"line":26,"column":10},"end":{"line":26,"column":49}},"17":{"start":{"line":28,"column":10},"end":{"line":28,"column":44}},"18":{"start":{"line":31,"column":6},"end":{"line":31,"column":37}},"19":{"start":{"line":33,"column":4},"end":{"line":33,"column":30}},"20":{"start":{"line":37,"column":14},"end":{"line":39,"column":52}},"21":{"start":{"line":40,"column":4},"end":{"line":40,"column":30}},"22":{"start":{"line":43,"column":14},"end":{"line":45,"column":46}},"23":{"start":{"line":46,"column":4},"end":{"line":46,"column":30}},"24":{"start":{"line":49,"column":16},"end":{"line":51,"column":68}},"25":{"start":{"line":52,"column":6},"end":{"line":52,"column":32}}},"fnMap":{"0":{"name":"(anonymous_0)","decl":{"start":{"line":4,"column":19},"end":{"line":4,"column":20}},"loc":{"start":{"line":4,"column":60},"end":{"line":34,"column":3}},"line":4},"1":{"name":"(anonymous_1)","decl":{"start":{"line":36,"column":32},"end":{"line":36,"column":33}},"loc":{"start":{"line":36,"column":50},"end":{"line":41,"column":3}},"line":36},"2":{"name":"(anonymous_2)","decl":{"start":{"line":42,"column":35},"end":{"line":42,"column":36}},"loc":{"start":{"line":42,"column":64},
[...]
},"58":{"start":{"line":90,"column":20},"end":{"line":90,"column":134}},"59":{"start":{"line":91,"column":20},"end":{"line":91,"column":26}},"60":{"start":{"line":93,"column":20},"end":{"line":93,"column":66}},"61":{"start":{"line":94,"column":20},"end":{"line":94,"column":58}},"62":{"start":{"line":95,"column":20},"end":{"line":95,"column":123}},"63":{"start":{"line":96,"column":20},"end":{"line":96,"column":26}},"64":{"start":{"line":98,"column":20},"end":{"line":98,"column":57}},"65":{"start":{"line":99,"column":20},"end":{"line":99,"column":58}},"66":{"start":{"line":100,"column":20},"end":{"line":100,"column":117}},"67":{"start":{"line":103,"column":12},"end":{"line":103,"column":19}},"68":{"start":{"line":106,"column":19},"end":{"line":106,"column":44}},"69":{"start":{"line":107,"column":23},"end":{"line":124,"column":9}},"70":{"start":{"line":125,"column":33},"end":{"line":125,"column":59}},"71":{"start":{"line":126,"column":8},"end":{"line":210,"column":9}},"72":{"start":{"line":127,"column":12},"end":{"line":207,"column":13}},"73":{"start":{"line":129,"column":20},"end":{"line":129,"column":71}},"74":{"start":{"line":130,"column":20},"end":{"line":130,"column":58}},"75":{"start":{"line":131,"column":20},"end":{"line":131,"column":118}},"76":{"start":{"line":132,"column":20},"end":{"line":132,"column":26}},"77":{"start":{"line":134,"column":20},"end":{"line":134,"column":69}},"78":{"start":{"line":135,"column":20},"end":{"line":135,"column":58}},"79":{"start":{"line":136,"column":20},"end":{"line":136,"column":115}},"80":{"start":{"line":137,"column":20},"end":{"line":137,"column":26}},"81":{"start":{"line":139,"column":20},"end":{"line":139,"column":74}},"82":{"start":{"line":140,"column":20},"end":{"line":140,"column":58}},"83":{"start":{"line":141,"column":20},"end":{"line":141,"column":115}},"84":{"start":{"line":142,"column":20},"end":{"line":142,"column":26}},"85":{"start":{"line":144,"column":20},"end":{"line":144,"column":78}},"86":{"start":{"line":145,"column":20},"end":{"line":145,"column":58}},"87":{"start":{"line":146,"column":20},"end":{"line":146,"column":125}},"88":{"start":{"line":147,"column":20},"end":{"line":147,"column":26}},"89":{"start":{"line":149,"column":20},"end":{"line":149,"column":69}},"90":{"start":{"line":150,"column":20},"end":{"line":150,"column":58}},"91":{"start":{"line":151,"column":20},"end":{"line":151,"column":116}},"92":{"start":{"line":152,"column":20},"end":{"line":152,"column":26}},"93":{"start":{"line":154,"column":20},"end":{"line":154,"column":76}},"94":{"start":{"line":155,"column":20},"end":{"line":155,"column":58}},"95":{"start":{"line":156,"column":20},"end":{"line":156,"column":123}},"96":{"start":{"line":157,"column":20},"end":{"line":157,"column":26}},"97":{"start":{"line":159,"column":20},"end":{"line":159,"column":77}},"98":{"start":{"line":160,"column":20},"end":{"line":160,"column":58}},"99":{"start":{"line":161,"column":20},"end":{"line":161,"column":124}},"100":{"start":{"line":162,"column":20},"end":{"line":162,"column":26}},"101":{"start":{"line":164,"column":20},"end":{"line":164,"column":75}},"102":{"start":{"line":165,"column":20},"end":{"line":165,"column":58}},"103":{"start":{"line":166,"column":20},"end":{"line":166,"column":137}},"104":{"start":{"line":167,"column":20},"end":{"line":167,"column":26}},"105":{"start":{"line":169,"column":20},"end":{"line":169,"column":75}},"106":{"start":{"line":170,"column":20},"end":{"line":170,"column":58}},"107":{"start":{"line":171,"column":20},"end":{"line":171,"column":141}},"108":{"start":{"line":172,"column":20},"end":{"line":172,"column":26}},"109":{"start":{"line":174,"column":20},"end":{"line":174,"column":75}},"110":{"start":{"line":175,"column":20},"end":{"line":175,"column":58}},"111":{"start":{"line":176,"column":20},"end":{"line":176,"column":141}},"112":{"start":{"line":177,"column":20},"end":{"line":177,"column":26}},"113":{"start":{"line":179,"column":20},"end":{"line":179,"column":76}},"114":{"start":{"line":180,"column":20},"end":{"line":180,"column":58}},"115":{"start":{"line":181,"column":20},"end":{"line":181,"column":142}},"116":{"start":{"line":182,"column":20},"end":{"line":182,"column":26}},"117":{"start":{"line":184,"column":20},"end":{"line":184,"column":82}},"118":{"start":{"line":185,"column":20},"end":{"line":185,"column":58}},"119":{"start":{"line":186,"column":20},"end":{"line":186,"column":139}},"120":{"start":{"line":187,"column":20},"end":{"line":187,"column":26}},"121":{"start":{"line":189,"column":20},"end":{"line":189,"column":76}},"122":{"start":{"line":190,"column":20},"end":{"line":190,"column":58}},"123":{"start":{"line":191,"column":20},"end":{"line":191,"column":141}},"124":{"start":{"line":192,"column":20},"end":{"line":192,"column":26}},"125":{"start":{"line":194,"column":20},"end":{"line":194,"column":78}},"126":{"start":{"line":195,"column":20},"end":{"line":195,"column":58}},"127":{"start":{"line":196,"column":20},"end":{"line":196,"column":134}},"128":{"start":{"line":197,"column":20},"end":{"line":197,"column":26}},"129":{"start":{"line":199,"column":20},"end":{"line":199,"column":66}},"130":{"start":{"line":200,"column":20},"end":{"line":200,"column":58}},"131":{"start":{"line":201,"column":20},"end":{"line":201,"column":123}},"132":{"start":{"line":202,"column":20},"end":{"line":202,"column":26}},"133":{"start":{"line":204,"column":20},"end":{"line":204,"column":57}},"134":{"start":{"line":205,"column":20},"end":{"line":205,"column":58}},"135":{"start":{"line":206,"column":20},"end":{"line":206,"column":117}},"136":{"start":{"line":209,"column":12},"end":{"line":209,"column":19}}},"fnMap":{"0":{"name":"(anonymous_0)","decl":{"start":{"line":5,"column":4},"end":{"line":5,"column":5}},"loc":{"start":{"line":5,"column":27},"end":{"line":105,"column":5}},"line":5},"1":{"name":"(anonymous_1)","decl":{"start":{"line":105,"column":7},"end":{"line":105,"column":8}},"loc":{"start":{"line":105,"column":30},"end":{"line":211,"column":5}},"line":105}},"branchMap":{"0":{"loc":{"start":{"line":25,"column":8},"end":{"line":104,"column":9}},"type":"if","locations":[{"start":{"line":25,"column":8},"end":{"line":104,"column":9}},{"start":{"line":25,"column":8},"end":{"line":104,"column":9}}],"line":25},"1":{"loc":{"start":{"line":26,"column":12},"end":{"line":101,"column":13}},"type":"switch","locations":[{"start":{"line":27,"column":16},"end":{"line":31,"column":26}},{"start":{"line":32,"column":16},"end":{"line":36,"column":26}},{"start":{"line":37,"column":16},"end":{"line":41,"column":26}},{"start":{"line":42,"column":16},"end":{"line":46,"column":26}},{"start":{"line":47,"column":16},"end":{"line":51,"column":26}},{"start":{"line":52,"column":16},"end":{"line":56,"column":26}},{"start":{"line":57,"column":16},"end":{"line":61,"column":26}},{"start":{"line":62,"column":16},"end":{"line":66,"column":26}},{"start":{"line":67,"column":16},"end":{"line":71,"column":26}},{"start":{"line":72,"column":16},"end":{"line":76,"column":26}},{"start":{"line":77,"column":16},"end":{"line":81,"column":26}},{"start":{"line":82,"column":16},"end":{"line":86,"column":26}},{"start":{"line":87,"column":16},"end":{"line":91,"column":26}},{"start":{"line":92,"column":16},"end":{"line":96,"column":26}},{"start":{"line":97,"column":16},"end":{"line":100,"column":117}}],"line":26},"2":{"loc":{"start":{"line":126,"column":8},"end":{"line":210,"column":9}},"type":"if","locations":[{"start":{"line":126,"column":8},"end":{"line":210,"column":9}},{"start":{"line":126,"column":8},"end":{"line":210,"column":9}}],"line":126},"3":{"loc":{"start":{"line":127,"column":12},"end":{"line":207,"column":13}},"type":"switch","locations":[{"start":{"line":128,"column":16},"end":{"line":132,"column":26}},{"start":{"line":133,"column":16},"end":{"line":137,"column":26}},{"start":{"line":138,"column":16},"end":{"line":142,"column":26}},{"start":{"line":143,"column":16},"end":{"line":147,"column":26}},{"start":{"line":148,"column":16},"end":{"line":152,"column":26}},{"start":{"line":153,"column":16},"end":{"line":157,"column":26}},{"start":{"line":158,"column":16},"end":{"line":162,"column":26}},{"start":{"line":163,"column":16},"end":{"line":167,"column":26}},{"start":{"line":168,"column":16},"end":{"line":172,"column":26}},{"start":{"line":173,"column":16},"end":{"line":177,"column":26}},{"start":{"line":178,"column":16},"end":{"line":182,"column":26}},{"start":{"line":183,"column":16},"end":{"line":187,"column":26}},{"start":{"line":188,"column":16},"end":{"line":192,"column":26}},{"start":{"line":193,"column":16},"end":{"line":197,"column":26}},{"start":{"line":198,"column":16},"end":{"line":202,"column":26}},{"start":{"line":203,"column":16},"end":{"line":206,"column":117}}],"line":127}},"s":{"0":1,"1":1,"2":1,"3":0,"4":0,"5":0,"6":0,"7":0,"8":0,"9":0,"10":0,"11":0,"12":0,"13":0,"14":0,"15":0,"16":0,"17":0,"18":0,"19":0,"20":0,"21":0,"22":0,"23":0,"24":0,"25":0,"26":0,"27":0,"28":0,"29":0,"30":0,"31":0,"32":0,"33":0,"34":0,"35":0,"36":0,"37":0,"38":0,"39":0,"40":0,"41":0,"42":0,"43":0,"44":0,"45":0,"46":0,"47":0,"48":0,"49":0,"50":0,"51":0,"52":0,"53":0,"54":0,"55":0,"56":0,"57":0,"58":0,"59":0,"60":0,"61":0,"62":0,"63":0,"64":0,"65":0,"66":0,"67":0,"68":0,"69":0,"70":0,"71":0,"72":0,"73":0,"74":0,"75":0,"76":0,"77":0,"78":0,"79":0,"80":0,"81":0,"82":0,"83":0,"84":0,"85":0,"86":0,"87":0,"88":0,"89":0,"90":0,"91":0,"92":0,"93":0,"94":0,"95":0,"96":0,"97":0,"98":0,"99":0,"100":0,"101":0,"102":0,"103":0,"104":0,"105":0,"106":0,"107":0,"108":0,"109":0,"110":0,"111":0,"112":0,"113":0,"114":0,"115":0,"116":0,"117":0,"118":0,"119":0,"120":0,"121":0,"122":0,"123":0,"124":0,"125":0,"126":0,"127":0,"128":0,"129":0,"130":0,"131":0,"132":0,"133":0,"134":0,"135":0,"136":0},"f":{"0":0,"1":0},"b":{"0":[0,0],"1":[0,0,0,0,0,0,0,0,0,0,0,0,0,0,0],"2":[0,0],"3":[0,0,0,0,0,0,0,0,0,0,0,0,0,0,0,0]},"_coverageSchema":"43e27e138ebf9cfc5966b082cf9a028302ed4184","hash":"e0b5598d16a472fcb5858842ac207115acd798ca","contentHash":"5e83d8ae66bf2d65c1fbefb42867b86d"},"/Users/nicholasmitchell/LoRaWAN_Web_App_1/server/src/policies/service_profile_policy.js":{"path":"/Users/nicholasmitchell/LoRaWAN_Web_App_1/server/src/policies/service_profile_policy.js","statementMap":{"0":{"start":{"line":1,"column":12},"end":{"line":1,"column":26}},"1":{"start":{"line":2,"column":21},"end":{"line":2,"column":57}},"2":{"start":{"line":4,"column":0},"end":{"line":145,"column":1}},"3":{"start":{"line":6,"column":19},"end":{"line":6,"column":44}},"4":{"start":{"line":7,"column":23},"end":{"line":18,"column":9}},"5":{"start":{"line":19,"column":33},"end":{"line":19,"column":59}},"6":{"start":{"line":20,"column":8},"end":{"line":79,"column":9}},"7":{"start":{"line":21,"column":12},"end":{"line":76,"column":13}},"8":{"start":{"line":23,"column":20},"end":{"line":23,"column":56}},"9":{"start":{"line":24,"column":20},"end":{"line":24,"column":58}},"10":{"start":{"line":25,"column":20},"end":{"line":25,"column":125}},"11":{"start":{"line":26,"column":20},"end":{"line":26,"column":26}},"12":{"start":{"line":28,"column":20},"end":{"line":28,"column":45}},"13":{"start":{"line":29,"column":20},"end":{"line":29,"column":57}},"14":{"start":{"line":30,"column":20},"end":{"line":30,"column":115}},"15":{"start":{"line":31,"column":20},"end":{"line":31,"column":26}},"16":{"start":{"line":33,"column":20},"end":{"line":33,"column":53}},"17":{"start":{"line":34,"column":20},"end":{"line":34,"column":57}},"18":{"start":{"line":35,"column":20},"end":{"line":35,"column":135}},"19":{"start":{"line":36,"column":20},"end":{"line":36,"column":26}},"20":{"start":{"line":38,"column":20},"end":{"line":38,"column":51}},"21":{"start":{"line":39,"column":20},"end":{"line":39,"column":57}},"22":{"start":{"line":40,"column":20},"end":{"line":40,"column":126}},"23":{"start":{"line":41,"column":20},"end":{"line":41,"column":26}},"24":{"start":{"line":43,"column":20},"end":{"line":43,"column":64}},"25":{"start":{"line":44,"column":20},"end":{"line":44,"column":57}},"26":{"start":{"line":45,"column":20},"end":{"line":45,"column":140}},"27":{"start":{"line":46,"column":20},"end":{"line":46,"column":26}},"28":{"start":{"line":48,"column":20},"end":{"line":48,"column":63}},"29":{"start":{"line":49,"column":20},"end":{"line":49,"column":57}},"30":{"start":{"line":50,"column":20},"end":{"line":50,"column":139}},"31":{"start":{"line":51,"column":20},"end":{"line":51,"column":26}},"32":{"start":{"line":53,"column":20},"end":{"line":53,"column":56}},"33":{"start":{"line":54,"column":20},"end":{"line":54,"column":57}},"34":{"start":{"line":55,"column":20},"end":{"line":55,"column":131}},"35":{"start":{"line":56,"column":20},"end":{"line":56,"column":26}},"36":{"start":{"line":58,"column":20},"end":{"line":58,"column":63}},"37":{"start":{"line":59,"column":20},"end":{"line":59,"column":58}},"38":{"start":{"line":60,"column":20},"end":{"line":60,"column":132}},"39":{"start":{"line":61,"column":20},"end":{"line":61,"column":26}},"40":{"start":{"line":63,"column":20},"end":{"line":63,"column":42}},"41":{"start":{"line":64,"column":20},"end":{"line":64,"column":57}},"42":{"start":{"line":65,"column":20},"end":{"line":65,"column":122}},"43":{"start":{"line":66,"column":20},"end":{"line":66,"column":26}},"44":{"start":{"line":68,"column":20},"end":{"line":68,"column":42}},"45":{"start":{"line":69,"column":20},"end":{"line":69,"column":58}},"46":{"start":{"line":70,"column":20},"end":{"line":70,"column":122}},"47":{"start":{"line":71,"column":20},"end":{"line":71,"column":26}},"48":{"start":{"line":73,"column":20},"end":{"line":73,"column":64}},"49":{"start":{"line":74,"column":20},"end":{"line":74,"column":57}},"50":{"start":{"line":75,"column":20},"end":{"line":75,"column":116}},"51":{"start":{"line":78,"column":12},"end":{"line":78,"column":19}},"52":{"start":{"line":82,"column":19},"end":{"line":82,"column":44}},"53":{"start":{"line":83,"column":23},"end":{"line":92,"column":9}},"54":{"start":{"line":93,"column":33},"end":{"line":93,"column":59}},"55":{"start":{"line":94,"column":8},"end":{"line":143,"column":9}},"56":{"start":{"line":95,"column":12},"end":{"line":140,"column":13}},"57":{"start":{"line":97,"column":20},"end":{"line":97,"column":56}},"58":{"start":{"line":98,"column":20},"end":{"line":98,"column":58}},"59":{"start":{"line":99,"column":20},"end":{"line":99,"column":126}},"60":{"start":{"line":100,"column":20},"end":{"line":100,"column":26}},"61":{"start":{"line":102,"column":20},"end":{"line":102,"column":51}},"62":{"start":{"line":103,"column":20},"end":{"line":103,"column":57}},"63":{"start":{"line":104,"column":20},"end":{"line":104,"column":127}},"64":{"start":{"line":105,"column":20},"end":{"line":105,"column":26}},"65":{"start":{"line":107,"column":20},"end":{"line":107,"column":64}},"66":{"start":{"line":108,"column":20},"end":{"line":108,"column":57}},"67":{"start":{"line":109,"column":20},"end":{"line":109,"column":140}},"68":{"start":{"line":110,"column":20},"end":{"line":110,"column":26}},"69":{"start":{"line":112,"column":20},"end":{"line":112,"column":63}},"70":{"start":{"line":113,"column":20},"end":{"line":113,"column":57}},"71":{"start":{"line":114,"column":20},"end":{"line":114,"column":139}},"72":{"start":{"line":115,"column":20},"end":{"line":115,"column":26}},"73":{"start":{"line":117,"column":20},"end":{"line":117,"column":56}},"74":{"start":{"line":118,"column":20},"end":{"line":118,"column":57}},"75":{"start":{"line":119,"column":20},"end":{"line":119,"column":131}},"76":{"start":{"line":120,"column":20},"end":{"line":120,"column":26}},"77":{"start":{"line":122,"column":20},"end":{"line":122,"column":63}},"78":{"start":{"line":123,"column":20},"end":{"line":123,"column":58}},"79":{"start":{"line":124,"column":20},"end":{"line":124,"column":133}},"80":{"start":{"line":125,"column":20},"end":{"line":125,"column":26}},"81":{"start":{"line":127,"column":20},"end":{"line":127,"column":42}},"82":{"start":{"line":128,"column":20},"end":{"line":128,"column":57}},"83":{"start":{"line":129,"column":20},"end":{"line":129,"column":122}},"84":{"start":{"line":130,"column":20},"end":{"line":130,"column":26}},"85":{"start":{"line":132,"column":20},"end":{"line":132,"column":42}},"86":{"start":{"line":133,"column":20},"end":{"line":133,"column":58}},"87":{"start":{"line":134,"column":20},"end":{"line":134,"column":122}},"88":{"start":{"line":135,"column":20},"end":{"line":135,"column":26}},"89":{"start":{"line":137,"column":20},"end":{"line":137,"column":64}},"90":{"start":{"line":138,"column":20},"end":{"line":138,"column":57}},"91":{"start":{"line":139,"column":20},"end":{"line":139,"column":117}},"92":{"start":{"line":142,"column":12},"end":{"line":142,"column":19}}},"fnMap":{"0":{"name":"(anonymous_0)","decl":{"start":{"line":5,"column":4},"end":{"line":5,"column":5}},"loc":{"start":{"line":5,"column":27},"end":{"line":80,"column":5}},"line":5},"1":{"name":"(anonymous_1)","decl":{"start":{"line":81,"column":4},"end":{"line":81,"column":5}},"loc":{"start":{"line":81,"column":27},"end":{"line":144,"column":5}},"line":81}},"branchMap":{"0":{"loc":{"start":{"line":20,"column":8},"end":{"line":79,"column":9}},"type":"if","locations":[{"start":{"line":20,"column":8},"end":{"line":79,"column":9}},{"start":{"line":20,"column":8},"end":{"line":79,"column":9}}],"line":20},"1":{"loc":{"start":{"line":21,"column":12},"end":{"line":76,"column":13}},"type":"switch","locations":[{"start":{"line":22,"column":16},"end":{"line":26,"column":26}},{"start":{"line":27,"column":16},"end":{"line":31,"column":26}},{"start":{"line":32,"column":16},"end":{"line":36,"column":26}},{"start":{"line":37,"column":16},"end":{"line":41,"column":26}},{"start":{"line":42,"column":16},"end":{"line":46,"column":26}},{"start":{"line":47,"column":16},"end":{"line":51,"column":26}},{"start":{"line":52,"column":16},"end":{"line":56,"column":26}},{"start":{"line":57,"column":16},"end":{"line":61,"column":26}},{"start":{"line":62,"column":16},"end":{"line":66,"column":26}},{"start":{"line":67,"column":16},"end":{"line":71,"column":26}},{"start":{"line":72,"column":16},"end":{"line":75,"column":116}}],"line":21},"2":{"loc":{"start":{"line":94,"column":8},"end":{"line":143,"column":9}},"type":"if","locations":[{"start":{"line":94,"column":8},"end":{"line":143,"column":9}},{"start":{"line":94,"column":8},"end":{"line":143,"column":9}}],"line":94},"3":{"loc":{"start":{"line":95,"column":12},"end":{"line":140,"column":13}},"type":"switch","locations":[{"start":{"line":96,"column":16},"end":{"line":100,"column":26}},{"start":{"line":101,"column":16},"end":{"line":105,"column":26}},{"start":{"line":106,"column":16},"end":{"line":110,"column":26}},{"start":{"line":111,"column":16},"end":{"line":115,"column":26}},{"start":{"line":116,"column":16},"end":{"line":120,"column":26}},{"start":{"line":121,"column":16},"end":{"line":125,"column":26}},{"start":{"line":126,"column":16},"end":{"line":130,"column":26}},{"start":{"line":131,"column":16},"end":{"line":135,"column":26}},{"start":{"line":136,"column":16},"end":{"line":139,"column":117}}],"line":95}},"s":{"0":1,"1":1,"2":1,"3":0,"4":0,"5":0,"6":0,"7":0,"8":0,"9":0,"10":0,"11":0,"12":0,"13":0,"14":0,"15":0,"16":0,"17":0,"18":0,"19":0,"20":0,"21":0,"22":0,"23":0,"24":0,"25":0,"26":0,"27":0,"28":0,"29":0,"30":0,"31":0,"32":0,"33":0,"34":0,"35":0,"36":0,"37":0,"38":0,"39":0,"40":0,"41":0,"42":0,"43":0,"44":0,"45":0,"46":0,"47":0,"48":0,"49":0,"50":0,"51":0,"52":0,"53":0,"54":0,"55":0,"56":0,"57":0,"58":0,"59":0,"60":0,"61":0,"62":0,"63":0,"64":0,"65":0,"66":0,"67":0,"68":0,"69":0,"70":0,"71":0,"72":0,"73":0,"74":0,"75":0,"76":0,"77":0,"78":0,"79":0,"80":0,"81":0,"82":0,"83":0,"84":0,"85":0,"86":0,"87":0,"88":0,"89":0,"90":0,"91":0,"92":0},"f":{"0":0,"1":0},"b":{"0":[0,0],"1":[0,0,0,0,0,0,0,0,0,0,0],"2":[0,0],"3":[0,0,0,0,0,0,0,0,0]},"_coverageSchema":"43e27e138ebf9cfc5966b082cf9a028302ed4184","hash":"15481ae5b4a243b6ceb3f4dbc47a74da34acb913","contentHash":"86a913a6d61211ced2fd9930f65973ea"}}