{"/Users/nicholasmitchell/LoRaWAN_Web_App_1/server/src/app.js":{"path":"/Users/nicholasmitchell/LoRaWAN_Web_App_1/server/src/app.js","statementMap":{"0":{"start":{"line":1,"column":16},"end":{"line":1,"column":34}},"1":{"start":{"line":2,"column":19},"end":{"line":2,"column":41}},"2":{"start":{"line":3,"column":13},"end":{"line":3,"column":28}},"3":{"start":{"line":4,"column":15},"end":{"line":4,"column":32}},"4":{"start":{"line":5,"column":15},"end":{"line":5,"column":48}},"5":{"start":{"line":6,"column":12},"end":{"line":6,"column":21}},"6":{"start":{"line":7,"column":11},"end":{"line":7,"column":54}},"7":{"start":{"line":9,"column":0},"end":{"line":9,"column":27}},"8":{"start":{"line":12,"column":0},"end":{"line":12,"column":42}},"9":{"start":{"line":13,"column":0},"end":{"line":13,"column":16}},"10":{"start":{"line":14,"column":0},"end":{"line":14,"column":22}},"11":{"start":{"line":16,"column":0},"end":{"line":18,"column":3}},"12":{"start":{"line":17,"column":4},"end":{"line":17,"column":56}},"13":{"start":{"line":20,"column":11},"end":{"line":20,"column":26}},"14":{"start":{"line":21,"column":0},"end":{"line":21,"column":21}},"15":{"start":{"line":22,"column":0},"end":{"line":22,"column":25}}},"fnMap":{"0":{"name":"(anonymous_0)","decl":{"start":{"line":16,"column":24},"end":{"line":16,"column":25}},"loc":{"start":{"line":16,"column":29},"end":{"line":18,"column":1}},"line":16}},"branchMap":{},"s":{"0":1,"1":1,"2":1,"3":1,"4":1,"5":1,"6":1,"7":1,"8":1,"9":1,"10":1,"11":1,"12":1,"13":1,"14":1,"15":1},"f":{"0":1},"b":{},"_coverageSchema":"43e27e138ebf9cfc5966b082cf9a028302ed4184","hash":"bb43e55c86aab3b896a28a7f86db1923754ce8f3","contentHash":"ee61c4e8656d8f9c610762fb1d93be87"},"/Users/nicholasmitchell/LoRaWAN_Web_App_1/server/src/configeration/config.js":{"path":"/Users/nicholasmitchell/LoRaWAN_Web_App_1/server/src/configeration/config.js","statementMap":{"0":{"start":{"line":2,"column":0},"end":{"line":22,"column":1}}},"fnMap":{},"branchMap":{},"s":{"0":1},"f":{},"b":{},"_coverageSchema":"43e27e138ebf9cfc5966b082cf9a028302ed4184","hash":"4abddabe3a9d243a0ad7628dde01850f16cc44b0","contentHash":"a945763c582857179ab2d58aa98bac79"},"/Users/nicholasmitchell/LoRaWAN_Web_App_1/server/src/services/database/device_rx_db.js":{"path":"/Users/nicholasmitchell/LoRaWAN_Web_App_1/server/src/services/database/device_rx_db.js","statementMap":{"0":{"start":{"line":1,"column":11},"end":{"line":1,"column":30}},"1":{"start":{"line":3,"column":0},"end":{"line":98,"column":2}},"2":{"start":{"line":5,"column":18},"end":{"line":11,"column":229}},"3":{"start":{"line":12,"column":8},"end":{"line":12,"column":34}},"4":{"start":{"line":15,"column":18},"end":{"line":19,"column":193}},"5":{"start":{"line":20,"column":8},"end":{"line":20,"column":34}},"6":{"start":{"line":23,"column":18},"end":{"line":25,"column":54}},"7":{"start":{"line":26,"column":8},"end":{"line":26,"column":34}},"8":{"start":{"line":29,"column":8},"end":{"line":29,"column":34}},"9":{"start":{"line":34,"column":18},"end":{"line":39,"column":20}},"10":{"start":{"line":40,"column":8},"end":{"line":40,"column":34}},"11":{"start":{"line":44,"column":22},"end":{"line":48,"column":76}},"12":{"start":{"line":49,"column":24},"end":{"line":49,"column":70}},"13":{"start":{"line":50,"column":28},"end":{"line":50,"column":30}},"14":{"start":{"line":51,"column":25},"end":{"line":51,"column":27}},"15":{"start":{"line":52,"column":12},"end":{"line":59,"column":13}},"16":{"start":{"line":53,"column":16},"end":{"line":53,"column":148}},"17":{"start":{"line":54,"column":16},"end":{"line":56,"column":43}},"18":{"start":{"line":55,"column":20},"end":{"line":55,"column":108}},"19":{"start":{"line":56,"column":22},"end":{"line":56,"column":43}},"20":{"start":{"line":57,"column":16},"end":{"line":57,"column":38}},"21":{"start":{"line":58,"column":16},"end":{"line":58,"column":28}},"22":{"start":{"line":60,"column":12},"end":{"line":67,"column":13}},"23":{"start":{"line":61,"column":12},"end":{"line":66,"column":13}},"24":{"start":{"line":63,"column":16},"end":{"line":63,"column":54}},"25":{"start":{"line":65,"column":16},"end":{"line":65,"column":51}},"26":{"start":{"line":68,"column":12},"end":{"line":68,"column":43}},"27":{"start":{"line":69,"column":12},"end":{"line":69,"column":66}},"28":{"start":{"line":70,"column":8},"end":{"line":70,"column":34}},"29":{"start":{"line":74,"column":18},"end":{"line":75,"column":27}},"30":{"start":{"line":76,"column":8},"end":{"line":76,"column":34}},"31":{"start":{"line":81,"column":18},"end":{"line":87,"column":33}},"32":{"start":{"line":88,"column":8},"end":{"line":88,"column":34}}},"fnMap":{"0":{"name":"(anonymous_0)","decl":{"start":{"line":4,"column":12},"end":{"line":4,"column":13}},"loc":{"start":{"line":4,"column":28},"end":{"line":13,"column":5}},"line":4},"1":{"name":"(anonymous_1)","decl":{"start":{"line":14,"column":22},"end":{"line":14,"column":23}},"loc":{"start":{"line":14,"column":38},"end":{"line":21,"column":5}},"line":14},"2":{"name":"(anonymous_2)","decl":{"start":{"line":22,"column":9},"end":{"line":22,"column":10}},"loc":{"start":{"line":22,"column":34},"end":{"line":27,"column":5}},"line":22},"3":{"name":"(anonymous_3)","decl":{"start":{"line":28,"column":30},"end":{"line":28,"column":31}},"loc":{"start":{"line":28,"column":45},"end":{"line":30,"column":5}},"line":28},"4":{"name":"(anonymous_4)","decl":{"start":{"line":31,"column":4},"end":{"line":31,"column":5}},"loc":{"start":{"line":31,"column":47},"end":{"line":41,"column":5}},"line":31},"5":{"name":"(anonymous_5)","decl":{"start":{"line":42,"column":4},"end":{"line":42,"column":5}},"loc":{"start":{"line":42,"column":54},"end":{"line":71,"column":5}},"line":42},"6":{"name":"(anonymous_6)","decl":{"start":{"line":72,"column":4},"end":{"line":72,"column":5}},"loc":{"start":{"line":72,"column":25},"end":{"line":77,"column":5}},"line":72},"7":{"name":"(anonymous_7)","decl":{"start":{"line":78,"column":4},"end":{"line":78,"column":5}},"loc":{"start":{"line":78,"column":66},"end":{"line":89,"column":5}},"line":78}},"branchMap":{"0":{"loc":{"start":{"line":54,"column":16},"end":{"line":56,"column":43}},"type":"if","locations":[{"start":{"line":54,"column":16},"end":{"line":56,"column":43}},{"start":{"line":54,"column":16},"end":{"line":56,"column":43}}],"line":54},"1":{"loc":{"start":{"line":61,"column":12},"end":{"line":66,"column":13}},"type":"if","locations":[{"start":{"line":61,"column":12},"end":{"line":66,"column":13}},{"start":{"line":61,"column":12},"end":{"line":66,"column":13}}],"line":61}},"s":{"0":1,"1":1,"2":0,"3":0,"4":0,"5":0,"6":10,"7":10,"8":0,"9":0,"10":0,"11":0,"12":0,"13":0,"14":0,"15":0,"16":0,"17":0,"18":0,"19":0,"20":0,"21":0,"22":0,"23":0,"24":0,"25":0,"26":0,"27":0,"28":0,"29":0,"30":0,"31":0,"32":0},"f":{"0":0,"1":0,"2":10,"3":0,"4":0,"5":0,"6":0,"7":0},"b":{"0":[0,0],"1":[0,0]},"_coverageSchema":"43e27e138ebf9cfc5966b082cf9a028302ed4184","hash":"75e49974d2b07b40bcff378a485300a037cf185e","contentHash":"79f9bc3470cd2e9bb61642f0ff6eedd6"},"/Users/nicholasmitchell/LoRaWAN_Web_App_1/server/src/db.js":{"path":"/Users/nicholasmitchell/LoRaWAN_Web_App_1/server/src/db.js","statementMap":{"0":{"start":{"line":2,"column":15},"end":{"line":2,"column":48}},"1":{"start":{"line":3,"column":14},"end":{"line":3,"column":33}},"2":{"start":{"line":4,"column":12},"end":{"line":4,"column":28}},"3":{"start":{"line":5,"column":0},"end":{"line":5,"column":64}},"4":{"start":{"line":6,"column":0},"end":{"line":6,"column":58}},"5":{"start":{"line":8,"column":16},"end":{"line":13,"column":1}},"6":{"start":{"line":14,"column":7},"end":{"line":14,"column":8}},"7":{"start":{"line":16,"column":9},"end":{"line":16,"column":42}},"8":{"start":{"line":19,"column":0},"end":{"line":26,"column":3}},"9":{"start":{"line":20,"column":4},"end":{"line":25,"column":5}},"10":{"start":{"line":21,"column":6},"end":{"line":21,"column":50}},"11":{"start":{"line":22,"column":6},"end":{"line":22,"column":13}},"12":{"start":{"line":24,"column":6},"end":{"line":24,"column":62}},"13":{"start":{"line":28,"column":0},"end":{"line":30,"column":3}},"14":{"start":{"line":29,"column":2},"end":{"line":29,"column":21}},"15":{"start":{"line":33,"column":2},"end":{"line":33,"column":41}},"16":{"start":{"line":35,"column":2},"end":{"line":45,"column":4}},"17":{"start":{"line":36,"column":4},"end":{"line":43,"column":5}},"18":{"start":{"line":37,"column":6},"end":{"line":37,"column":54}},"19":{"start":{"line":38,"column":6},"end":{"line":38,"column":13}},"20":{"start":{"line":39,"column":6},"end":{"line":39,"column":42}},"21":{"start":{"line":42,"column":6},"end":{"line":42,"column":61}},"22":{"start":{"line":46,"column":2},"end":{"line":52,"column":5}},"23":{"start":{"line":47,"column":4},"end":{"line":51,"column":5}},"24":{"start":{"line":48,"column":6},"end":{"line":48,"column":25}},"25":{"start":{"line":55,"column":0},"end":{"line":55,"column":20}}},"fnMap":{"0":{"name":"(anonymous_0)","decl":{"start":{"line":19,"column":11},"end":{"line":19,"column":12}},"loc":{"start":{"line":19,"column":18},"end":{"line":26,"column":1}},"line":19},"1":{"name":"(anonymous_1)","decl":{"start":{"line":28,"column":15},"end":{"line":28,"column":16}},"loc":{"start":{"line":28,"column":30},"end":{"line":30,"column":1}},"line":28},"2":{"name":"handleDisconnect","decl":{"start":{"line":32,"column":9},"end":{"line":32,"column":25}},"loc":{"start":{"line":32,"column":28},"end":{"line":53,"column":1}},"line":32},"3":{"name":"(anonymous_3)","decl":{"start":{"line":35,"column":13},"end":{"line":35,"column":14}},"loc":{"start":{"line":35,"column":20},"end":{"line":44,"column":3}},"line":35},"4":{"name":"(anonymous_4)","decl":{"start":{"line":46,"column":17},"end":{"line":46,"column":18}},"loc":{"start":{"line":46,"column":32},"end":{"line":52,"column":3}},"line":46}},"branchMap":{"0":{"loc":{"start":{"line":20,"column":4},"end":{"line":25,"column":5}},"type":"if","locations":[{"start":{"line":20,"column":4},"end":{"line":25,"column":5}},{"start":{"line":20,"column":4},"end":{"line":25,"column":5}}],"line":20},"1":{"loc":{"start":{"line":36,"column":4},"end":{"line":43,"column":5}},"type":"if","locations":[{"start":{"line":36,"column":4},"end":{"line":43,"column":5}},{"start":{"line":36,"column":4},"end":{"line":43,"column":5}}],"line":36},"2":{"loc":{"start":{"line":47,"column":4},"end":{"line":51,"column":5}},"type":"if","locations":[{"start":{"line":47,"column":4},"end":{"line":51,"column":5}},{"start":{"line":47,"column":4},"end":{"line":51,"column":5}}],"line":47}},"s":{"0":1,"1":1,"2":1,"3":1,"4":1,"5":1,"6":1,"7":1,"8":1,"9":1,"10":0,"11":0,"12":1,"13":1,"14":0,"15":0,"16":0,"17":0,"18":0,"19":0,"20":0,"21":0,"22":0,"23":0,"24":0,"25":1},"f":{"0":1,"1":0,"2":0,"3":0,"4":0},"b":{"0":[0,1],"1":[0,0],"2":[0,0]},"_coverageSchema":"43e27e138ebf9cfc5966b082cf9a028302ed4184","hash":"9ea0449f82c528bb5d05930cbd67923dbc9a4180","contentHash":"02bf3de01d6f63518525d47bf0db76b3"},"/Users/nicholasmitchell/LoRaWAN_Web_App_1/server/src/services/MQTT.js":{"path":"/Users/nicholasmitchell/LoRaWAN_Web_App_1/server/src/services/MQTT.js","statementMap":{"0":{"start":{"line":1,"column":13},"end":{"line":1,"column":28}},"1":{"start":{"line":4,"column":15},"end":{"line":4,"column":50}},"2":{"start":{"line":6,"column":25},"end":{"line":6,"column":63}},"3":{"start":{"line":7,"column":19},"end":{"line":7,"column":51}},"4":{"start":{"line":8,"column":18},"end":{"line":8,"column":52}},"5":{"start":{"line":9,"column":22},"end":{"line":9,"column":65}},"6":{"start":{"line":10,"column":21},"end":{"line":10,"column":47}},"7":{"start":{"line":11,"column":19},"end":{"line":11,"column":52}},"8":{"start":{"line":15,"column":0},"end":{"line":22,"column":3}},"9":{"start":{"line":16,"column":4},"end":{"line":18,"column":7}},"10":{"start":{"line":17,"column":8},"end":{"line":17,"column":54}},"11":{"start":{"line":19,"column":4},"end":{"line":21,"column":7}},"12":{"start":{"line":20,"column":6},"end":{"line":20,"column":48}},"13":{"start":{"line":24,"column":0},"end":{"line":109,"column":2}},"14":{"start":{"line":25,"column":4},"end":{"line":107,"column":5}},"15":{"start":{"line":28,"column":8},"end":{"line":28,"column":38}},"16":{"start":{"line":29,"column":32},"end":{"line":29,"column":64}},"17":{"start":{"line":30,"column":8},"end":{"line":104,"column":9}},"18":{"start":{"line":31,"column":23},"end":{"line":36,"column":18}},"19":{"start":{"line":34,"column":20},"end":{"line":34,"column":67}},"20":{"start":{"line":35,"column":20},"end":{"line":35,"column":36}},"21":{"start":{"line":37,"column":12},"end":{"line":80,"column":13}},"22":{"start":{"line":38,"column":16},"end":{"line":38,"column":57}},"23":{"start":{"line":39,"column":16},"end":{"line":39,"column":57}},"24":{"start":{"line":40,"column":16},"end":{"line":78,"column":17}},"25":{"start":{"line":41,"column":20},"end":{"line":77,"column":21}},"26":{"start":{"line":43,"column":24},"end":{"line":52,"column":25}},"27":{"start":{"line":44,"column":28},"end":{"line":44,"column":135}},"28":{"start":{"line":45,"column":28},"end":{"line":45,"column":136}},"29":{"start":{"line":46,"column":30},"end":{"line":52,"column":25}},"30":{"start":{"line":47,"column":28},"end":{"line":47,"column":143}},"31":{"start":{"line":48,"column":28},"end":{"line":48,"column":144}},"32":{"start":{"line":49,"column":30},"end":{"line":52,"column":25}},"33":{"start":{"line":50,"column":28},"end":{"line":50,"column":143}},"34":{"start":{"line":51,"column":28},"end":{"line":51,"column":144}},"35":{"start":{"line":54,"column":24},"end":{"line":54,"column":95}},"36":{"start":{"line":55,"column":24},"end":{"line":59,"column":30}},"37":{"start":{"line":58,"column":32},"end":{"line":58,"column":49}},"38":{"start":{"line":60,"column":24},"end":{"line":64,"column":31}},"39":{"start":{"line":61,"column":32},"end":{"line":63,"column":33}},"40":{"start":{"line":62,"column":36},"end":{"line":62,"column":52}},"41":{"start":{"line":66,"column":24},"end":{"line":71,"column":26}},"42":{"start":{"line":69,"column":28},"end":{"line":69,"column":45}},"43":{"start":{"line":72,"column":24},"end":{"line":76,"column":27}},"44":{"start":{"line":73,"column":28},"end":{"line":75,"column":29}},"45":{"start":{"line":74,"column":32},"end":{"line":74,"column":48}},"46":{"start":{"line":81,"column":14},"end":{"line":104,"column":9}},"47":{"start":{"line":82,"column":38},"end":{"line":86,"column":18}},"48":{"start":{"line":85,"column":20},"end":{"line":85,"column":36}},"49":{"start":{"line":87,"column":12},"end":{"line":103,"column":13}},"50":{"start":{"line":88,"column":16},"end":{"line":102,"column":17}},"51":{"start":{"line":89,"column":20},"end":{"line":89,"column":49}},"52":{"start":{"line":90,"column":20},"end":{"line":90,"column":78}},"53":{"start":{"line":91,"column":20},"end":{"line":91,"column":83}},"54":{"start":{"line":92,"column":20},"end":{"line":92,"column":82}},"55":{"start":{"line":93,"column":20},"end":{"line":93,"column":78}},"56":{"start":{"line":94,"column":20},"end":{"line":98,"column":26}},"57":{"start":{"line":97,"column":28},"end":{"line":97,"column":44}},"58":{"start":{"line":106,"column":8},"end":{"line":106,"column":24}},"59":{"start":{"line":112,"column":4},"end":{"line":157,"column":5}},"60":{"start":{"line":114,"column":8},"end":{"line":153,"column":9}},"61":{"start":{"line":115,"column":12},"end":{"line":133,"column":13}},"62":{"start":{"line":116,"column":37},"end":{"line":116,"column":66}},"63":{"start":{"line":117,"column":33},"end":{"line":117,"column":58}},"64":{"start":{"line":118,"column":16},"end":{"line":118,"column":104}},"65":{"start":{"line":119,"column":19},"end":{"line":133,"column":13}},"66":{"start":{"line":120,"column":37},"end":{"line":120,"column":66}},"67":{"start":{"line":121,"column":33},"end":{"line":121,"column":58}},"68":{"start":{"line":122,"column":16},"end":{"line":122,"column":108}},"69":{"start":{"line":123,"column":19},"end":{"line":133,"column":13}},"70":{"start":{"line":124,"column":37},"end":{"line":124,"column":66}},"71":{"start":{"line":125,"column":33},"end":{"line":125,"column":58}},"72":{"start":{"line":126,"column":16},"end":{"line":126,"column":105}},"73":{"start":{"line":127,"column":19},"end":{"line":133,"column":13}},"74":{"start":{"line":128,"column":37},"end":{"line":128,"column":66}},"75":{"start":{"line":129,"column":33},"end":{"line":129,"column":58}},"76":{"start":{"line":130,"column":16},"end":{"line":130,"column":107}},"77":{"start":{"line":132,"column":16},"end":{"line":132,"column":34}},"78":{"start":{"line":134,"column":15},"end":{"line":153,"column":9}},"79":{"start":{"line":135,"column":12},"end":{"line":152,"column":13}},"80":{"start":{"line":136,"column":38},"end":{"line":136,"column":68}},"81":{"start":{"line":137,"column":16},"end":{"line":137,"column":82}},"82":{"start":{"line":138,"column":19},"end":{"line":152,"column":13}},"83":{"start":{"line":139,"column":38},"end":{"line":139,"column":68}},"84":{"start":{"line":140,"column":16},"end":{"line":140,"column":82}},"85":{"start":{"line":141,"column":19},"end":{"line":152,"column":13}},"86":{"start":{"line":142,"column":38},"end":{"line":142,"column":68}},"87":{"start":{"line":143,"column":16},"end":{"line":143,"column":85}},"88":{"start":{"line":144,"column":19},"end":{"line":152,"column":13}},"89":{"start":{"line":145,"column":38},"end":{"line":145,"column":68}},"90":{"start":{"line":146,"column":16},"end":{"line":146,"column":83}},"91":{"start":{"line":147,"column":19},"end":{"line":152,"column":13}},"92":{"start":{"line":148,"column":38},"end":{"line":148,"column":68}},"93":{"start":{"line":149,"column":16},"end":{"line":149,"column":86}},"94":{"start":{"line":151,"column":16},"end":{"line":151,"column":26}},"95":{"start":{"line":156,"column":8},"end":{"line":156,"column":26}},"96":{"start":{"line":161,"column":16},"end":{"line":161,"column":38}},"97":{"start":{"line":162,"column":16},"end":{"line":162,"column":41}},"98":{"start":{"line":163,"column":4},"end":{"line":163,"column":46}},"99":{"start":{"line":166,"column":16},"end":{"line":166,"column":38}},"100":{"start":{"line":167,"column":16},"end":{"line":167,"column":41}},"101":{"start":{"line":168,"column":4},"end":{"line":168,"column":37}},"102":{"start":{"line":171,"column":16},"end":{"line":171,"column":38}},"103":{"start":{"line":172,"column":16},"end":{"line":172,"column":45}},"104":{"start":{"line":173,"column":16},"end":{"line":173,"column":41}},"105":{"start":{"line":174,"column":4},"end":{"line":174,"column":50}}},"fnMap":{"0":{"name":"(anonymous_0)","decl":{"start":{"line":15,"column":21},"end":{"line":15,"column":22}},"loc":{"start":{"line":15,"column":27},"end":{"line":22,"column":1}},"line":15},"1":{"name":"(anonymous_1)","decl":{"start":{"line":16,"column":38},"end":{"line":16,"column":39}},"loc":{"start":{"line":16,"column":44},"end":{"line":18,"column":5}},"line":16},"2":{"name":"(anonymous_2)","decl":{"start":{"line":19,"column":34},"end":{"line":19,"column":35}},"loc":{"start":{"line":19,"column":40},"end":{"line":21,"column":5}},"line":19},"3":{"name":"(anonymous_3)","decl":{"start":{"line":24,"column":21},"end":{"line":24,"column":22}},"loc":{"start":{"line":24,"column":53},"end":{"line":109,"column":1}},"line":24},"4":{"name":"(anonymous_4)","decl":{"start":{"line":32,"column":23},"end":{"line":32,"column":24}},"loc":{"start":{"line":32,"column":30},"end":{"line":36,"column":17}},"line":32},"5":{"name":"(anonymous_5)","decl":{"start":{"line":56,"column":35},"end":{"line":56,"column":36}},"loc":{"start":{"line":56,"column":42},"end":{"line":59,"column":29}},"line":56},"6":{"name":"(anonymous_6)","decl":{"start":{"line":60,"column":65},"end":{"line":60,"column":66}},"loc":{"start":{"line":60,"column":78},"end":{"line":64,"column":29}},"line":60},"7":{"name":"(anonymous_7)","decl":{"start":{"line":67,"column":24},"end":{"line":67,"column":25}},"loc":{"start":{"line":67,"column":31},"end":{"line":70,"column":25}},"line":67},"8":{"name":"(anonymous_8)","decl":{"start":{"line":72,"column":65},"end":{"line":72,"column":66}},"loc":{"start":{"line":72,"column":78},"end":{"line":76,"column":25}},"line":72},"9":{"name":"(anonymous_9)","decl":{"start":{"line":83,"column":23},"end":{"line":83,"column":24}},"loc":{"start":{"line":83,"column":30},"end":{"line":86,"column":17}},"line":83},"10":{"name":"(anonymous_10)","decl":{"start":{"line":95,"column":31},"end":{"line":95,"column":32}},"loc":{"start":{"line":95,"column":38},"end":{"line":98,"column":25}},"line":95},"11":{"name":"extract_topic_information","decl":{"start":{"line":111,"column":9},"end":{"line":111,"column":34}},"loc":{"start":{"line":111,"column":41},"end":{"line":158,"column":1}},"line":111},"12":{"name":"extract_application_id","decl":{"start":{"line":160,"column":9},"end":{"line":160,"column":31}},"loc":{"start":{"line":160,"column":38},"end":{"line":164,"column":1}},"line":160},"13":{"name":"extract_gateway_id_lora","decl":{"start":{"line":165,"column":9},"end":{"line":165,"column":32}},"loc":{"start":{"line":165,"column":39},"end":{"line":169,"column":1}},"line":165},"14":{"name":"extract_device_eui","decl":{"start":{"line":170,"column":9},"end":{"line":170,"column":27}},"loc":{"start":{"line":170,"column":35},"end":{"line":175,"column":1}},"line":170}},"branchMap":{"0":{"loc":{"start":{"line":30,"column":8},"end":{"line":104,"column":9}},"type":"if","locations":[{"start":{"line":30,"column":8},"end":{"line":104,"column":9}},{"start":{"line":30,"column":8},"end":{"line":104,"column":9}}],"line":30},"1":{"loc":{"start":{"line":37,"column":12},"end":{"line":80,"column":13}},"type":"if","locations":[{"start":{"line":37,"column":12},"end":{"line":80,"column":13}},{"start":{"line":37,"column":12},"end":{"line":80,"column":13}}],"line":37},"2":{"loc":{"start":{"line":40,"column":16},"end":{"line":78,"column":17}},"type":"if","locations":[{"start":{"line":40,"column":16},"end":{"line":78,"column":17}},{"start":{"line":40,"column":16},"end":{"line":78,"column":17}}],"line":40},"3":{"loc":{"start":{"line":41,"column":20},"end":{"line":77,"column":21}},"type":"if","locations":[{"start":{"line":41,"column":20},"end":{"line":77,"column":21}},{"start":{"line":41,"column":20},"end":{"line":77,"column":21}}],"line":41},"4":{"loc":{"start":{"line":43,"column":24},"end":{"line":52,"column":25}},"type":"if","locations":[{"start":{"line":43,"column":24},"end":{"line":52,"column":25}},{"start":{"line":43,"column":24},"end":{"line":52,"column":25}}],"line":43},"5":{"loc":{"start":{"line":46,"column":30},"end":{"line":52,"column":25}},"type":"if","locations":[{"start":{"line":46,"column":30},"end":{"line":52,"column":25}},{"start":{"line":46,"column":30},"end":{"line":52,"column":25}}],"line":46},"6":{"loc":{"start":{"line":49,"column":30},"end":{"line":52,"column":25}},"type":"if","locations":[{"start":{"line":49,"column":30},"end":{"line":52,"column":25}},{"start":{"line":49,"column":30},"end":{"line":52,"column":25}}],"line":49},"7":{"loc":{"start":{"line":61,"column":32},"end":{"line":63,"column":33}},"type":"if","locations":[{"start":{"line":61,"column":32},"end":{"line":63,"column":33}},{"start":{"line":61,"column":32},"end":{"line":63,"column":33}}],"line":61},"8":{"loc":{"start":{"line":73,"column":28},"end":{"line":75,"column":29}},"type":"if","locations":[{"start":{"line":73,"column":28},"end":{"line":75,"column":29}},{"start":{"line":73,"column":28},"end":{"line":75,"column":29}}],"line":73},"9":{"loc":{"start":{"line":81,"column":14},"end":{"line":104,"column":9}},"type":"if","locations":[{"start":{"line":81,"column":14},"end":{"line":104,"column":9}},{"start":{"line":81,"column":14},"end":{"line":104,"column":9}}],"line":81},"10":{"loc":{"start":{"line":87,"column":12},"end":{"line":103,"column":13}},"type":"if","locations":[{"start":{"line":87,"column":12},"end":{"line":103,"column":13}},{"start":{"line":87,"column":12},"end":{"line":103,"column":13}}],"line":87},"11":{"loc":{"start":{"line":88,"column":16},"end":{"line":102,"column":17}},"type":"if","locations":[{"start":{"line":88,"column":16},"end":{"line":102,"column":17}},{"start":{"line":88,"column":16},"end":{"line":102,"column":17}}],"line":88},"12":{"loc":{"start":{"line":114,"column":8},"end":{"line":153,"column":9}},"type":"if","locations":[{"start":{"line":114,"column":8},"end":{"line":153,"column":9}},{"start":{"line":114,"column":8},"end":{"line":153,"column":9}}],"line":114},"13":{"loc":{"start":{"line":115,"column":12},"end":{"line":133,"column":13}},"type":"if","locations":[{"start":{"line":115,"column":12},"end":{"line":133,"column":13}},{"start":{"line":115,"column":12},"end":{"line":133,"column":13}}],"line":115},"14":{"loc":{"start":{"line":119,"column":19},"end":{"line":133,"column":13}},"type":"if","locations":[{"start":{"line":119,"column":19},"end":{"line":133,"column":13}},{"start":{"line":119,"column":19},"end":{"line":133,"column":13}}],"line":119},"15":{"loc":{"start":{"line":123,"column":19},"end":{"line":133,"column":13}},"type":"if","locations":[{"start":{"line":123,"column":19},"end":{"line":133,"column":13}},{"start":{"line":123,"column":19},"end":{"line":133,"column":13}}],"line":123},"16":{"loc":{"start":{"line":127,"column":19},"end":{"line":133,"column":13}},"type":"if","locations":[{"start":{"line":127,"column":19},"end":{"line":133,"column":13}},{"start":{"line":127,"column":19},"end":{"line":133,"column":13}}],"line":127},"17":{"loc":{"start":{"line":134,"column":15},"end":{"line":153,"column":9}},"type":"if","locations":[{"start":{"line":134,"column":15},"end":{"line":153,"column":9}},{"start":{"line":134,"column":15},"end":{"line":153,"column":9}}],"line":134},"18":{"loc":{"start":{"line":135,"column":12},"end":{"line":152,"column":13}},"type":"if","locations":[{"start":{"line":135,"column":12},"end":{"line":152,"column":13}},{"start":{"line":135,"column":12},"end":{"line":152,"column":13}}],"line":135},"19":{"loc":{"start":{"line":138,"column":19},"end":{"line":152,"column":13}},"type":"if","locations":[{"start":{"line":138,"column":19},"end":{"line":152,"column":13}},{"start":{"line":138,"column":19},"end":{"line":152,"column":13}}],"line":138},"20":{"loc":{"start":{"line":141,"column":19},"end":{"line":152,"column":13}},"type":"if","locations":[{"start":{"line":141,"column":19},"end":{"line":152,"column":13}},{"start":{"line":141,"column":19},"end":{"line":152,"column":13}}],"line":141},"21":{"loc":{"start":{"line":144,"column":19},"end":{"line":152,"column":13}},"type":"if","locations":[{"start":{"line":144,"column":19},"end":{"line":152,"column":13}},{"start":{"line":144,"column":19},"end":{"line":152,"column":13}}],"line":144},"22":{"loc":{"start":{"line":147,"column":19},"end":{"line":152,"column":13}},"type":"if","locations":[{"start":{"line":147,"column":19},"end":{"line":152,"column":13}},{"start":{"line":147,"column":19},"end":{"line":152,"column":13}}],"line":147}},"s":{"0":1,"1":1,"2":1,"3":1,"4":1,"5":1,"6":1,"7":1,"8":1,"9":1,"10":1,"11":1,"12":1,"13":1,"14":0,"15":0,"16":0,"17":0,"18":0,"19":0,"20":0,"21":0,"22":0,"23":0,"24":0,"25":0,"26":0,"27":0,"28":0,"29":0,"30":0,"31":0,"32":0,"33":0,"34":0,"35":0,"36":0,"37":0,"38":0,"39":0,"40":0,"41":0,"42":0,"43":0,"44":0,"45":0,"46":0,"47":0,"48":0,"49":0,"50":0,"51":0,"52":0,"53":0,"54":0,"55":0,"56":0,"57":0,"58":0,"59":0,"60":0,"61":0,"62":0,"63":0,"64":0,"65":0,"66":0,"67":0,"68":0,"69":0,"70":0,"71":0,"72":0,"73":0,"74":0,"75":0,"76":0,"77":0,"78":0,"79":0,"80":0,"81":0,"82":0,"83":0,"84":0,"85":0,"86":0,"87":0,"88":0,"89":0,"90":0,"91":0,"92":0,"93":0,"94":0,"95":0,"96":0,"97":0,"98":0,"99":0,"100":0,"101":0,"102":0,"103":0,"104":0,"105":0},"f":{"0":1,"1":1,"2":1,"3":0,"4":0,"5":0,"6":0,"7":0,"8":0,"9":0,"10":0,"11":0,"12":0,"13":0,"14":0},"b":{"0":[0,0],"1":[0,0],"2":[0,0],"3":[0,0],"4":[0,0],"5":[0,0],"6":[0,0],"7":[0,0],"8":[0,0],"9":[0,0],"10":[0,0],"11":[0,0],"12":[0,0],"13":[0,0],"14":[0,0],"15":[0,0],"16":[0,0],"17":[0,0],"18":[0,0],"19":[0,0],"20":[0,0],"21":[0,0],"22":[0,0]},"_coverageSchema":"43e27e138ebf9cfc5966b082cf9a028302ed4184","hash":"7750156c1cbbab6598c8c4b1653bf7ad5f18151b","contentHash":"3d1079587f8612eb0d7d266704a4dd48"},"/Users/nicholasmitchell/LoRaWAN_Web_App_1/server/src/services/database/vessel_device_db.js":{"path":"/Users/nicholasmitchell/LoRaWAN_Web_App_1/server/src/services/database/vessel_device_db.js","statementMap":{"0":{"start":{"line":1,"column":11},"end":{"line":1,"column":30}},"1":{"start":{"line":3,"column":0},"end":{"line":108,"column":2}},"2":{"start":{"line":6,"column":14},"end":{"line":8,"column":40}},"3":{"start":{"line":9,"column":4},"end":{"line":9,"column":30}},"4":{"start":{"line":13,"column":14},"end":{"line":16,"column":95}},"5":{"start":{"line":17,"column":4},"end":{"line":17,"column":30}},"6":{"start":{"line":21,"column":14},"end":{"line":24,"column":40}},"7":{"start":{"line":25,"column":4},"end":{"line":25,"column":30}},"8":{"start":{"line":28,"column":20},"end":{"line":28,"column":22}},"9":{"start":{"line":29,"column":16},"end":{"line":29,"column":18}},"10":{"start":{"line":30,"column":14},"end":{"line":30,"column":141}},"11":{"start":{"line":31,"column":4},"end":{"line":39,"column":5}},"12":{"start":{"line":32,"column":6},"end":{"line":32,"column":170}},"13":{"start":{"line":33,"column":6},"end":{"line":36,"column":7}},"14":{"start":{"line":34,"column":8},"end":{"line":34,"column":94}},"15":{"start":{"line":37,"column":6},"end":{"line":37,"column":28}},"16":{"start":{"line":38,"column":6},"end":{"line":38,"column":17}},"17":{"start":{"line":40,"column":4},"end":{"line":50,"column":5}},"18":{"start":{"line":41,"column":6},"end":{"line":48,"column":7}},"19":{"start":{"line":42,"column":8},"end":{"line":47,"column":9}},"20":{"start":{"line":44,"column":10},"end":{"line":44,"column":50}},"21":{"start":{"line":46,"column":10},"end":{"line":46,"column":46}},"22":{"start":{"line":49,"column":6},"end":{"line":49,"column":37}},"23":{"start":{"line":51,"column":4},"end":{"line":51,"column":30}},"24":{"start":{"line":55,"column":14},"end":{"line":57,"column":42}},"25":{"start":{"line":58,"column":4},"end":{"line":58,"column":30}},"26":{"start":{"line":62,"column":14},"end":{"line":64,"column":65}},"27":{"start":{"line":65,"column":4},"end":{"line":65,"column":30}},"28":{"start":{"line":73,"column":14},"end":{"line":75,"column":45}},"29":{"start":{"line":76,"column":4},"end":{"line":76,"column":30}},"30":{"start":{"line":84,"column":14},"end":{"line":86,"column":43}},"31":{"start":{"line":87,"column":4},"end":{"line":87,"column":30}},"32":{"start":{"line":90,"column":14},"end":{"line":92,"column":43}},"33":{"start":{"line":93,"column":4},"end":{"line":93,"column":30}},"34":{"start":{"line":102,"column":14},"end":{"line":105,"column":38}},"35":{"start":{"line":106,"column":4},"end":{"line":106,"column":30}}},"fnMap":{"0":{"name":"(anonymous_0)","decl":{"start":{"line":4,"column":19},"end":{"line":4,"column":20}},"loc":{"start":{"line":4,"column":30},"end":{"line":10,"column":3}},"line":4},"1":{"name":"(anonymous_1)","decl":{"start":{"line":11,"column":35},"end":{"line":11,"column":36}},"loc":{"start":{"line":11,"column":56},"end":{"line":18,"column":3}},"line":11},"2":{"name":"(anonymous_2)","decl":{"start":{"line":19,"column":25},"end":{"line":19,"column":26}},"loc":{"start":{"line":19,"column":44},"end":{"line":26,"column":3}},"line":19},"3":{"name":"(anonymous_3)","decl":{"start":{"line":27,"column":19},"end":{"line":27,"column":20}},"loc":{"start":{"line":27,"column":46},"end":{"line":52,"column":3}},"line":27},"4":{"name":"(anonymous_4)","decl":{"start":{"line":54,"column":10},"end":{"line":54,"column":11}},"loc":{"start":{"line":54,"column":42},"end":{"line":59,"column":3}},"line":54},"5":{"name":"(anonymous_5)","decl":{"start":{"line":60,"column":10},"end":{"line":60,"column":11}},"loc":{"start":{"line":60,"column":53},"end":{"line":66,"column":3}},"line":60},"6":{"name":"(anonymous_6)","decl":{"start":{"line":72,"column":27},"end":{"line":72,"column":28}},"loc":{"start":{"line":72,"column":48},"end":{"line":77,"column":3}},"line":72},"7":{"name":"(anonymous_7)","decl":{"start":{"line":83,"column":26},"end":{"line":83,"column":27}},"loc":{"start":{"line":83,"column":46},"end":{"line":88,"column":3}},"line":83},"8":{"name":"(anonymous_8)","decl":{"start":{"line":89,"column":34},"end":{"line":89,"column":35}},"loc":{"start":{"line":89,"column":61},"end":{"line":94,"column":3}},"line":89},"9":{"name":"(anonymous_9)","decl":{"start":{"line":101,"column":30},"end":{"line":101,"column":31}},"loc":{"start":{"line":101,"column":51},"end":{"line":107,"column":3}},"line":101}},"branchMap":{"0":{"loc":{"start":{"line":33,"column":6},"end":{"line":36,"column":7}},"type":"if","locations":[{"start":{"line":33,"column":6},"end":{"line":36,"column":7}},{"start":{"line":33,"column":6},"end":{"line":36,"column":7}}],"line":33},"1":{"loc":{"start":{"line":40,"column":4},"end":{"line":50,"column":5}},"type":"if","locations":[{"start":{"line":40,"column":4},"end":{"line":50,"column":5}},{"start":{"line":40,"column":4},"end":{"line":50,"column":5}}],"line":40},"2":{"loc":{"start":{"line":42,"column":8},"end":{"line":47,"column":9}},"type":"if","locations":[{"start":{"line":42,"column":8},"end":{"line":47,"column":9}},{"start":{"line":42,"column":8},"end":{"line":47,"column":9}}],"line":42}},"s":{"0":1,"1":1,"2":0,"3":0,"4":0,"5":0,"6":0,"7":0,"8":0,"9":0,"10":0,"11":0,"12":0,"13":0,"14":0,"15":0,"16":0,"17":0,"18":0,"19":0,"20":0,"21":0,"22":0,"23":0,"24":0,"25":0,"26":0,"27":0,"28":0,"29":0,"30":0,"31":0,"32":0,"33":0,"34":0,"35":0},"f":{"0":0,"1":0,"2":0,"3":0,"4":0,"5":0,"6":0,"7":0,"8":0,"9":0},"b":{"0":[0,0],"1":[0,0],"2":[0,0]},"_coverageSchema":"43e27e138ebf9cfc5966b082cf9a028302ed4184","hash":"adb00816678b1256c352c74d373f16b34e23cbb7","contentHash":"cfa8081092f1f3f2fece36243fa861ed"},"/Users/nicholasmitchell/LoRaWAN_Web_App_1/server/src/services/database/gateway_db.js":{"path":"/Users/nicholasmitchell/LoRaWAN_Web_App_1/server/src/services/database/gateway_db.js","statementMap":{"0":{"start":{"line":1,"column":11},"end":{"line":1,"column":30}},"1":{"start":{"line":3,"column":0},"end":{"line":39,"column":1}},"2":{"start":{"line":5,"column":18},"end":{"line":7,"column":35}},"3":{"start":{"line":8,"column":8},"end":{"line":8,"column":34}},"4":{"start":{"line":11,"column":18},"end":{"line":13,"column":52}},"5":{"start":{"line":14,"column":8},"end":{"line":14,"column":34}},"6":{"start":{"line":17,"column":18},"end":{"line":18,"column":21}},"7":{"start":{"line":19,"column":8},"end":{"line":19,"column":34}},"8":{"start":{"line":22,"column":18},"end":{"line":24,"column":47}},"9":{"start":{"line":25,"column":8},"end":{"line":25,"column":34}},"10":{"start":{"line":28,"column":18},"end":{"line":30,"column":124}},"11":{"start":{"line":31,"column":8},"end":{"line":31,"column":34}},"12":{"start":{"line":34,"column":18},"end":{"line":36,"column":67}},"13":{"start":{"line":37,"column":8},"end":{"line":37,"column":34}}},"fnMap":{"0":{"name":"(anonymous_0)","decl":{"start":{"line":4,"column":17},"end":{"line":4,"column":18}},"loc":{"start":{"line":4,"column":29},"end":{"line":9,"column":5}},"line":4},"1":{"name":"(anonymous_1)","decl":{"start":{"line":10,"column":27},"end":{"line":10,"column":28}},"loc":{"start":{"line":10,"column":54},"end":{"line":15,"column":5}},"line":10},"2":{"name":"(anonymous_2)","decl":{"start":{"line":16,"column":21},"end":{"line":16,"column":22}},"loc":{"start":{"line":16,"column":33},"end":{"line":20,"column":5}},"line":16},"3":{"name":"(anonymous_3)","decl":{"start":{"line":21,"column":20},"end":{"line":21,"column":21}},"loc":{"start":{"line":21,"column":53},"end":{"line":26,"column":5}},"line":21},"4":{"name":"(anonymous_4)","decl":{"start":{"line":27,"column":20},"end":{"line":27,"column":21}},"loc":{"start":{"line":27,"column":113},"end":{"line":32,"column":5}},"line":27},"5":{"name":"(anonymous_5)","decl":{"start":{"line":33,"column":35},"end":{"line":33,"column":36}},"loc":{"start":{"line":33,"column":63},"end":{"line":38,"column":5}},"line":33}},"branchMap":{},"s":{"0":1,"1":1,"2":0,"3":0,"4":0,"5":0,"6":0,"7":0,"8":0,"9":0,"10":0,"11":0,"12":0,"13":0},"f":{"0":0,"1":0,"2":0,"3":0,"4":0,"5":0},"b":{},"_coverageSchema":"43e27e138ebf9cfc5966b082cf9a028302ed4184","hash":"cc5d0495bee83876b9cdbc35379bf3c28a3dbd7f","contentHash":"d4aab9acc91c7e2280c84d5870d964c5"},"/Users/nicholasmitchell/LoRaWAN_Web_App_1/server/src/services/database/gateway_statistics_db.js":{"path":"/Users/nicholasmitchell/LoRaWAN_Web_App_1/server/src/services/database/gateway_statistics_db.js","statementMap":{"0":{"start":{"line":1,"column":11},"end":{"line":1,"column":30}},"1":{"start":{"line":3,"column":0},"end":{"line":69,"column":1}},"2":{"start":{"line":5,"column":18},"end":{"line":6,"column":32}},"3":{"start":{"line":7,"column":8},"end":{"line":7,"column":34}},"4":{"start":{"line":10,"column":24},"end":{"line":10,"column":26}},"5":{"start":{"line":11,"column":20},"end":{"line":11,"column":22}},"6":{"start":{"line":12,"column":18},"end":{"line":12,"column":20}},"7":{"start":{"line":13,"column":8},"end":{"line":50,"column":9}},"8":{"start":{"line":14,"column":12},"end":{"line":16,"column":13}},"9":{"start":{"line":15,"column":16},"end":{"line":15,"column":67}},"10":{"start":{"line":17,"column":12},"end":{"line":19,"column":13}},"11":{"start":{"line":18,"column":16},"end":{"line":18,"column":74}},"12":{"start":{"line":20,"column":12},"end":{"line":22,"column":13}},"13":{"start":{"line":21,"column":16},"end":{"line":21,"column":72}},"14":{"start":{"line":23,"column":12},"end":{"line":25,"column":13}},"15":{"start":{"line":24,"column":16},"end":{"line":24,"column":75}},"16":{"start":{"line":26,"column":12},"end":{"line":28,"column":13}},"17":{"start":{"line":27,"column":16},"end":{"line":27,"column":75}},"18":{"start":{"line":29,"column":12},"end":{"line":38,"column":13}},"19":{"start":{"line":30,"column":16},"end":{"line":37,"column":17}},"20":{"start":{"line":31,"column":20},"end":{"line":36,"column":21}},"21":{"start":{"line":33,"column":24},"end":{"line":33,"column":63}},"22":{"start":{"line":35,"column":24},"end":{"line":35,"column":58}},"23":{"start":{"line":39,"column":12},"end":{"line":41,"column":13}},"24":{"start":{"line":40,"column":16},"end":{"line":40,"column":46}},"25":{"start":{"line":42,"column":12},"end":{"line":46,"column":13}},"26":{"start":{"line":43,"column":16},"end":{"line":43,"column":99}},"27":{"start":{"line":45,"column":16},"end":{"line":45,"column":56}},"28":{"start":{"line":47,"column":8},"end":{"line":47,"column":34}},"29":{"start":{"line":49,"column":12},"end":{"line":49,"column":22}},"30":{"start":{"line":55,"column":18},"end":{"line":59,"column":20}},"31":{"start":{"line":60,"column":8},"end":{"line":60,"column":34}},"32":{"start":{"line":63,"column":18},"end":{"line":66,"column":136}},"33":{"start":{"line":67,"column":8},"end":{"line":67,"column":34}}},"fnMap":{"0":{"name":"(anonymous_0)","decl":{"start":{"line":4,"column":28},"end":{"line":4,"column":29}},"loc":{"start":{"line":4,"column":40},"end":{"line":8,"column":5}},"line":4},"1":{"name":"(anonymous_1)","decl":{"start":{"line":9,"column":37},"end":{"line":9,"column":38}},"loc":{"start":{"line":9,"column":66},"end":{"line":51,"column":5}},"line":9},"2":{"name":"(anonymous_2)","decl":{"start":{"line":52,"column":39},"end":{"line":52,"column":40}},"loc":{"start":{"line":52,"column":61},"end":{"line":61,"column":5}},"line":52},"3":{"name":"(anonymous_3)","decl":{"start":{"line":62,"column":31},"end":{"line":62,"column":32}},"loc":{"start":{"line":62,"column":60},"end":{"line":68,"column":5}},"line":62}},"branchMap":{"0":{"loc":{"start":{"line":14,"column":12},"end":{"line":16,"column":13}},"type":"if","locations":[{"start":{"line":14,"column":12},"end":{"line":16,"column":13}},{"start":{"line":14,"column":12},"end":{"line":16,"column":13}}],"line":14},"1":{"loc":{"start":{"line":17,"column":12},"end":{"line":19,"column":13}},"type":"if","locations":[{"start":{"line":17,"column":12},"end":{"line":19,"column":13}},{"start":{"line":17,"column":12},"end":{"line":19,"column":13}}],"line":17},"2":{"loc":{"start":{"line":20,"column":12},"end":{"line":22,"column":13}},"type":"if","locations":[{"start":{"line":20,"column":12},"end":{"line":22,"column":13}},{"start":{"line":20,"column":12},"end":{"line":22,"column":13}}],"line":20},"3":{"loc":{"start":{"line":23,"column":12},"end":{"line":25,"column":13}},"type":"if","locations":[{"start":{"line":23,"column":12},"end":{"line":25,"column":13}},{"start":{"line":23,"column":12},"end":{"line":25,"column":13}}],"line":23},"4":{"loc":{"start":{"line":26,"column":12},"end":{"line":28,"column":13}},"type":"if","locations":[{"start":{"line":26,"column":12},"end":{"line":28,"column":13}},{"start":{"line":26,"column":12},"end":{"line":28,"column":13}}],"line":26},"5":{"loc":{"start":{"line":29,"column":12},"end":{"line":38,"column":13}},"type":"if","locations":[{"start":{"line":29,"column":12},"end":{"line":38,"column":13}},{"start":{"line":29,"column":12},"end":{"line":38,"column":13}}],"line":29},"6":{"loc":{"start":{"line":29,"column":16},"end":{"line":29,"column":110}},"type":"binary-expr","locations":[{"start":{"line":29,"column":16},"end":{"line":29,"column":37}},{"start":{"line":29,"column":41},"end":{"line":29,"column":60}},{"start":{"line":29,"column":64},"end":{"line":29,"column":85}},{"start":{"line":29,"column":89},"end":{"line":29,"column":110}}],"line":29},"7":{"loc":{"start":{"line":31,"column":20},"end":{"line":36,"column":21}},"type":"if","locations":[{"start":{"line":31,"column":20},"end":{"line":36,"column":21}},{"start":{"line":31,"column":20},"end":{"line":36,"column":21}}],"line":31},"8":{"loc":{"start":{"line":39,"column":12},"end":{"line":41,"column":13}},"type":"if","locations":[{"start":{"line":39,"column":12},"end":{"line":41,"column":13}},{"start":{"line":39,"column":12},"end":{"line":41,"column":13}}],"line":39},"9":{"loc":{"start":{"line":42,"column":12},"end":{"line":46,"column":13}},"type":"if","locations":[{"start":{"line":42,"column":12},"end":{"line":46,"column":13}},{"start":{"line":42,"column":12},"end":{"line":46,"column":13}}],"line":42}},"s":{"0":1,"1":1,"2":0,"3":0,"4":0,"5":0,"6":0,"7":0,"8":0,"9":0,"10":0,"11":0,"12":0,"13":0,"14":0,"15":0,"16":0,"17":0,"18":0,"19":0,"20":0,"21":0,"22":0,"23":0,"24":0,"25":0,"26":0,"27":0,"28":0,"29":0,"30":0,"31":0,"32":0,"33":0},"f":{"0":0,"1":0,"2":0,"3":0},"b":{"0":[0,0],"1":[0,0],"2":[0,0],"3":[0,0],"4":[0,0],"5":[0,0],"6":[0,0,0,0],"7":[0,0],"8":[0,0],"9":[0,0]},"_coverageSchema":"43e27e138ebf9cfc5966b082cf9a028302ed4184","hash":"2f5c70574a685f5f5d950658c8b342bbc7567faa","contentHash":"516690bc5fbad17adbf45a0aa2f88c71"},"/Users/nicholasmitchell/LoRaWAN_Web_App_1/server/src/db_secondary.js":{"path":"/Users/nicholasmitchell/LoRaWAN_Web_App_1/server/src/db_secondary.js","statementMap":{"0":{"start":{"line":1,"column":14},"end":{"line":1,"column":32}},"1":{"start":{"line":2,"column":9},"end":{"line":2,"column":131}},"2":{"start":{"line":4,"column":0},"end":{"line":4,"column":20}}},"fnMap":{},"branchMap":{},"s":{"0":1,"1":1,"2":1},"f":{},"b":{},"_coverageSchema":"43e27e138ebf9cfc5966b082cf9a028302ed4184","hash":"dcdca8af7f964b4788e8bec70214ba2793756a71","contentHash":"99060fa3b9055568429613992ba31c36"},"/Users/nicholasmitchell/LoRaWAN_Web_App_1/server/src/services/sample_device_tracks.js":{"path":"/Users/nicholasmitchell/LoRaWAN_Web_App_1/server/src/services/sample_device_tracks.js","statementMap":{"0":{"start":{"line":2,"column":20},"end":{"line":2,"column":23}},"1":{"start":{"line":3,"column":22},"end":{"line":3,"column":118}},"2":{"start":{"line":4,"column":4},"end":{"line":4,"column":21}},"3":{"start":{"line":6,"column":0},"end":{"line":2205,"column":3}},"4":{"start":{"line":9,"column":20},"end":{"line":9,"column":30}},"5":{"start":{"line":11,"column":8},"end":{"line":23,"column":9}},"6":{"start":{"line":13,"column":12},"end":{"line":13,"column":47}},"7":{"start":{"line":14,"column":14},"end":{"line":23,"column":9}},"8":{"start":{"line":16,"column":12},"end":{"line":16,"column":47}},"9":{"start":{"line":17,"column":14},"end":{"line":23,"column":9}},"10":{"start":{"line":19,"column":12},"end":{"line":19,"column":47}},"11":{"start":{"line":22,"column":12},"end":{"line":22,"column":47}},"12":{"start":{"line":24,"column":8},"end":{"line":24,"column":27}}},"fnMap":{"0":{"name":"random_number","decl":{"start":{"line":1,"column":9},"end":{"line":1,"column":22}},"loc":{"start":{"line":1,"column":32},"end":{"line":5,"column":1}},"line":1},"1":{"name":"(anonymous_1)","decl":{"start":{"line":7,"column":23},"end":{"line":7,"column":24}},"loc":{"start":{"line":7,"column":33},"end":{"line":25,"column":7}},"line":7}},"branchMap":{"0":{"loc":{"start":{"line":11,"column":8},"end":{"line":23,"column":9}},"type":"if","locations":[{"start":{"line":11,"column":8},"end":{"line":23,"column":9}},{"start":{"line":11,"column":8},"end":{"line":23,"column":9}}],"line":11},"1":{"loc":{"start":{"line":11,"column":11},"end":{"line":11,"column":57}},"type":"binary-expr","locations":[{"start":{"line":11,"column":11},"end":{"line":11,"column":31}},{"start":{"line":11,"column":35},"end":{"line":11,"column":57}}],"line":11},"2":{"loc":{"start":{"line":14,"column":14},"end":{"line":23,"column":9}},"type":"if","locations":[{"start":{"line":14,"column":14},"end":{"line":23,"column":9}},{"start":{"line":14,"column":14},"end":{"line":23,"column":9}}],"line":14},"3":{"loc":{"start":{"line":14,"column":17},"end":{"line":14,"column":63}},"type":"binary-expr","locations":[{"start":{"line":14,"column":17},"end":{"line":14,"column":37}},{"start":{"line":14,"column":41},"end":{"line":14,"column":63}}],"line":14},"4":{"loc":{"start":{"line":17,"column":14},"end":{"line":23,"column":9}},"type":"if","locations":[{"start":{"line":17,"column":14},"end":{"line":23,"column":9}},{"start":{"line":17,"column":14},"end":{"line":23,"column":9}}],"line":17},"5":{"loc":{"start":{"line":17,"column":17},"end":{"line":17,"column":64}},"type":"binary-expr","locations":[{"start":{"line":17,"column":17},"end":{"line":17,"column":38}},{"start":{"line":17,"column":42},"end":{"line":17,"column":64}}],"line":17}},"s":{"0":0,"1":0,"2":0,"3":1,"4":0,"5":0,"6":0,"7":0,"8":0,"9":0,"10":0,"11":0,"12":0},"f":{"0":0,"1":0},"b":{"0":[0,0],"1":[0,0],"2":[0,0],"3":[0,0],"4":[0,0],"5":[0,0]},"_coverageSchema":"43e27e138ebf9cfc5966b082cf9a028302ed4184","hash":"fdfb4a1d8485bad6c599e091b6d6b75866a62f52","contentHash":"eeeda3192ca30735aa13b1836cc7da18"},"/Users/nicholasmitchell/LoRaWAN_Web_App_1/server/src/passport.js":{"path":"/Users/nicholasmitchell/LoRaWAN_Web_App_1/server/src/passport.js","statementMap":{"0":{"start":{"line":1,"column":20},"end":{"line":1,"column":52}},"1":{"start":{"line":2,"column":19},"end":{"line":2,"column":53}},"2":{"start":{"line":3,"column":17},"end":{"line":3,"column":36}},"3":{"start":{"line":4,"column":15},"end":{"line":4,"column":48}},"4":{"start":{"line":6,"column":0},"end":{"line":18,"column":1}},"5":{"start":{"line":7,"column":4},"end":{"line":14,"column":7}},"6":{"start":{"line":12,"column":8},"end":{"line":12,"column":39}},"7":{"start":{"line":16,"column":4},"end":{"line":16,"column":21}},"8":{"start":{"line":17,"column":4},"end":{"line":17,"column":28}}},"fnMap":{"0":{"name":"(anonymous_0)","decl":{"start":{"line":10,"column":7},"end":{"line":10,"column":8}},"loc":{"start":{"line":11,"column":8},"end":{"line":13,"column":9}},"line":11}},"branchMap":{},"s":{"0":1,"1":1,"2":1,"3":1,"4":1,"5":1,"6":10,"7":0,"8":0},"f":{"0":10},"b":{},"_coverageSchema":"43e27e138ebf9cfc5966b082cf9a028302ed4184","hash":"c5b1200c0b007a4a63973eeabed29c01bca52f57","contentHash":"bcf9dbe4270b1be86c4c9163ab50b42c"},"/Users/nicholasmitchell/LoRaWAN_Web_App_1/server/src/routes.js":{"path":"/Users/nicholasmitchell/LoRaWAN_Web_App_1/server/src/routes.js","statementMap":{"0":{"start":{"line":1,"column":13},"end":{"line":1,"column":42}},"1":{"start":{"line":2,"column":21},"end":{"line":2,"column":58}},"2":{"start":{"line":3,"column":21},"end":{"line":3,"column":70}},"3":{"start":{"line":4,"column":26},"end":{"line":4,"column":80}},"4":{"start":{"line":5,"column":17},"end":{"line":5,"column":50}},"5":{"start":{"line":6,"column":21},"end":{"line":6,"column":58}},"6":{"start":{"line":7,"column":16},"end":{"line":7,"column":48}},"7":{"start":{"line":8,"column":16},"end":{"line":8,"column":48}},"8":{"start":{"line":9,"column":17},"end":{"line":9,"column":50}},"9":{"start":{"line":10,"column":27},"end":{"line":10,"column":70}},"10":{"start":{"line":11,"column":25},"end":{"line":11,"column":66}},"11":{"start":{"line":12,"column":24},"end":{"line":12,"column":64}},"12":{"start":{"line":13,"column":24},"end":{"line":13,"column":64}},"13":{"start":{"line":14,"column":25},"end":{"line":14,"column":66}},"14":{"start":{"line":15,"column":20},"end":{"line":15,"column":56}},"15":{"start":{"line":16,"column":19},"end":{"line":16,"column":54}},"16":{"start":{"line":17,"column":31},"end":{"line":17,"column":77}},"17":{"start":{"line":19,"column":20},"end":{"line":19,"column":53}},"18":{"start":{"line":20,"column":23},"end":{"line":20,"column":59}},"19":{"start":{"line":21,"column":27},"end":{"line":21,"column":67}},"20":{"start":{"line":22,"column":22},"end":{"line":22,"column":57}},"21":{"start":{"line":23,"column":22},"end":{"line":23,"column":57}},"22":{"start":{"line":24,"column":23},"end":{"line":24,"column":59}},"23":{"start":{"line":25,"column":30},"end":{"line":25,"column":73}},"24":{"start":{"line":26,"column":31},"end":{"line":26,"column":75}},"25":{"start":{"line":27,"column":31},"end":{"line":27,"column":75}},"26":{"start":{"line":28,"column":30},"end":{"line":28,"column":73}},"27":{"start":{"line":29,"column":24},"end":{"line":29,"column":66}},"28":{"start":{"line":34,"column":0},"end":{"line":352,"column":3}},"29":{"start":{"line":37,"column":4},"end":{"line":37,"column":98}},"30":{"start":{"line":40,"column":4},"end":{"line":40,"column":43}},"31":{"start":{"line":43,"column":4},"end":{"line":43,"column":57}},"32":{"start":{"line":48,"column":4},"end":{"line":48,"column":90}},"33":{"start":{"line":51,"column":4},"end":{"line":51,"column":77}},"34":{"start":{"line":54,"column":4},"end":{"line":54,"column":101}},"35":{"start":{"line":57,"column":4},"end":{"line":57,"column":109}},"36":{"start":{"line":60,"column":4},"end":{"line":60,"column":87}},"37":{"start":{"line":64,"column":4},"end":{"line":64,"column":73}},"38":{"start":{"line":67,"column":4},"end":{"line":67,"column":76}},"39":{"start":{"line":70,"column":4},"end":{"line":70,"column":126}},"40":{"start":{"line":73,"column":4},"end":{"line":73,"column":73}},"41":{"start":{"line":76,"column":4},"end":{"line":76,"column":94}},"42":{"start":{"line":79,"column":4},"end":{"line":79,"column":98}},"43":{"start":{"line":82,"column":4},"end":{"line":82,"column":102}},"44":{"start":{"line":85,"column":4},"end":{"line":85,"column":113}},"45":{"start":{"line":90,"column":4},"end":{"line":90,"column":107}},"46":{"start":{"line":95,"column":4},"end":{"line":95,"column":93}},"47":{"start":{"line":98,"column":4},"end":{"line":98,"column":111}},"48":{"start":{"line":101,"column":4},"end":{"line":101,"column":120}},"49":{"start":{"line":104,"column":4},"end":{"line":104,"column":131}},"50":{"start":{"line":107,"column":4},"end":{"line":107,"column":111}},"51":{"start":{"line":111,"column":4},"end":{"line":111,"column":92}},"52":{"start":{"line":114,"column":4},"end":{"line":114,"column":116}},"53":{"start":{"line":117,"column":4},"end":{"line":117,"column":144}},"54":{"start":{"line":120,"column":4},"end":{"line":120,"column":126}},"55":{"start":{"line":123,"column":4},"end":{"line":123,"column":123}},"56":{"start":{"line":126,"column":4},"end":{"line":126,"column":138}},"57":{"start":{"line":129,"column":4},"end":{"line":129,"column":114}},"58":{"start":{"line":133,"column":4},"end":{"line":133,"column":142}},"59":{"start":{"line":136,"column":4},"end":{"line":136,"column":125}},"60":{"start":{"line":139,"column":4},"end":{"line":139,"column":114}},"61":{"start":{"line":142,"column":4},"end":{"line":142,"column":97}},"62":{"start":{"line":145,"column":4},"end":{"line":145,"column":127}},"63":{"start":{"line":148,"column":4},"end":{"line":148,"column":110}},"64":{"start":{"line":151,"column":4},"end":{"line":151,"column":99}},"65":{"start":{"line":154,"column":4},"end":{"line":154,"column":82}},"66":{"start":{"line":157,"column":4},"end":{"line":157,"column":104}},"67":{"start":{"line":160,"column":4},"end":{"line":160,"column":108}},"68":{"start":{"line":163,"column":4},"end":{"line":163,"column":118}},"69":{"start":{"line":166,"column":4},"end":{"line":166,"column":99}},"70":{"start":{"line":170,"column":4},"end":{"line":170,"column":98}},"71":{"start":{"line":173,"column":4},"end":{"line":173,"column":82}},"72":{"start":{"line":176,"column":4},"end":{"line":176,"column":110}},"73":{"start":{"line":179,"column":4},"end":{"line":179,"column":109}},"74":{"start":{"line":182,"column":4},"end":{"line":182,"column":110}},"75":{"start":{"line":185,"column":4},"end":{"line":185,"column":121}},"76":{"start":{"line":188,"column":4},"end":{"line":188,"column":108}},"77":{"start":{"line":191,"column":4},"end":{"line":191,"column":119}},"78":{"start":{"line":194,"column":4},"end":{"line":194,"column":100}},"79":{"start":{"line":198,"column":4},"end":{"line":198,"column":124}},"80":{"start":{"line":201,"column":4},"end":{"line":201,"column":128}},"81":{"start":{"line":204,"column":4},"end":{"line":204,"column":130}},"82":{"start":{"line":208,"column":4},"end":{"line":208,"column":92}},"83":{"start":{"line":211,"column":4},"end":{"line":211,"column":137}},"84":{"start":{"line":214,"column":4},"end":{"line":214,"column":111}},"85":{"start":{"line":217,"column":4},"end":{"line":217,"column":100}},"86":{"start":{"line":220,"column":4},"end":{"line":220,"column":84}},"87":{"start":{"line":223,"column":4},"end":{"line":223,"column":111}},"88":{"start":{"line":226,"column":4},"end":{"line":226,"column":122}},"89":{"start":{"line":229,"column":4},"end":{"line":229,"column":107}},"90":{"start":{"line":233,"column":4},"end":{"line":233,"column":139}},"91":{"start":{"line":236,"column":4},"end":{"line":236,"column":172}},"92":{"start":{"line":239,"column":4},"end":{"line":239,"column":156}},"93":{"start":{"line":243,"column":4},"end":{"line":243,"column":145}},"94":{"start":{"line":246,"column":4},"end":{"line":246,"column":100}},"95":{"start":{"line":249,"column":4},"end":{"line":249,"column":151}},"96":{"start":{"line":252,"column":4},"end":{"line":252,"column":175}},"97":{"start":{"line":255,"column":4},"end":{"line":255,"column":147}},"98":{"start":{"line":259,"column":4},"end":{"line":259,"column":148}},"99":{"start":{"line":262,"column":4},"end":{"line":262,"column":126}},"100":{"start":{"line":265,"column":4},"end":{"line":265,"column":98}},"101":{"start":{"line":268,"column":4},"end":{"line":268,"column":147}},"102":{"start":{"line":271,"column":4},"end":{"line":271,"column":170}},"103":{"start":{"line":274,"column":4},"end":{"line":274,"column":143}},"104":{"start":{"line":278,"column":4},"end":{"line":278,"column":145}},"105":{"start":{"line":281,"column":4},"end":{"line":281,"column":100}},"106":{"start":{"line":284,"column":4},"end":{"line":284,"column":151}},"107":{"start":{"line":287,"column":4},"end":{"line":287,"column":175}},"108":{"start":{"line":290,"column":4},"end":{"line":290,"column":147}},"109":{"start":{"line":295,"column":4},"end":{"line":295,"column":141}},"110":{"start":{"line":298,"column":4},"end":{"line":298,"column":98}},"111":{"start":{"line":301,"column":4},"end":{"line":301,"column":147}},"112":{"start":{"line":304,"column":4},"end":{"line":304,"column":170}},"113":{"start":{"line":307,"column":4},"end":{"line":307,"column":143}},"114":{"start":{"line":312,"column":4},"end":{"line":312,"column":141}},"115":{"start":{"line":315,"column":4},"end":{"line":315,"column":151}},"116":{"start":{"line":318,"column":4},"end":{"line":318,"column":196}},"117":{"start":{"line":321,"column":4},"end":{"line":321,"column":181}},"118":{"start":{"line":324,"column":4},"end":{"line":324,"column":153}},"119":{"start":{"line":327,"column":4},"end":{"line":327,"column":138}},"120":{"start":{"line":330,"column":4},"end":{"line":330,"column":126}},"121":{"start":{"line":334,"column":4},"end":{"line":334,"column":88}},"122":{"start":{"line":338,"column":4},"end":{"line":338,"column":71}},"123":{"start":{"line":341,"column":4},"end":{"line":341,"column":111}},"124":{"start":{"line":345,"column":4},"end":{"line":345,"column":134}},"125":{"start":{"line":348,"column":4},"end":{"line":348,"column":138}}},"fnMap":{"0":{"name":"(anonymous_0)","decl":{"start":{"line":34,"column":18},"end":{"line":34,"column":19}},"loc":{"start":{"line":34,"column":27},"end":{"line":352,"column":1}},"line":34}},"branchMap":{},"s":{"0":1,"1":1,"2":1,"3":1,"4":1,"5":1,"6":1,"7":1,"8":1,"9":1,"10":1,"11":1,"12":1,"13":1,"14":1,"15":1,"16":1,"17":1,"18":1,"19":1,"20":1,"21":1,"22":1,"23":1,"24":1,"25":1,"26":1,"27":1,"28":1,"29":1,"30":1,"31":1,"32":1,"33":1,"34":1,"35":1,"36":1,"37":1,"38":1,"39":1,"40":1,"41":1,"42":1,"43":1,"44":1,"45":1,"46":1,"47":1,"48":1,"49":1,"50":1,"51":1,"52":1,"53":1,"54":1,"55":1,"56":1,"57":1,"58":1,"59":1,"60":1,"61":1,"62":1,"63":1,"64":1,"65":1,"66":1,"67":1,"68":1,"69":1,"70":1,"71":1,"72":1,"73":1,"74":1,"75":1,"76":1,"77":1,"78":1,"79":1,"80":1,"81":1,"82":1,"83":1,"84":1,"85":1,"86":1,"87":1,"88":1,"89":1,"90":1,"91":1,"92":1,"93":1,"94":1,"95":1,"96":1,"97":1,"98":1,"99":1,"100":1,"101":1,"102":1,"103":1,"104":1,"105":1,"106":1,"107":1,"108":1,"109":1,"110":1,"111":1,"112":1,"113":1,"114":1,"115":1,"116":1,"117":1,"118":1,"119":1,"120":1,"121":1,"122":1,"123":1,"124":1,"125":1},"f":{"0":1},"b":{},"_coverageSchema":"43e27e138ebf9cfc5966b082cf9a028302ed4184","hash":"dd2bfabee5be104123b6a185a7995948c079e4c7","contentHash":"bcb4468e59ec331d01aaa7fb02c6aa76"},"/Users/nicholasmitchell/LoRaWAN_Web_App_1/server/src/controllers/user.js":{"path":"/Users/nicholasmitchell/LoRaWAN_Web_App_1/server/src/controllers/user.js","statementMap":{"0":{"start":{"line":1,"column":14},"end":{"line":1,"column":42}},"1":{"start":{"line":2,"column":13},"end":{"line":2,"column":30}},"2":{"start":{"line":3,"column":11},"end":{"line":3,"column":27}},"3":{"start":{"line":4,"column":12},"end":{"line":4,"column":38}},"4":{"start":{"line":5,"column":15},"end":{"line":5,"column":39}},"5":{"start":{"line":6,"column":29},"end":{"line":6,"column":72}},"6":{"start":{"line":7,"column":16},"end":{"line":7,"column":56}},"7":{"start":{"line":8,"column":19},"end":{"line":8,"column":61}},"8":{"start":{"line":9,"column":23},"end":{"line":9,"column":69}},"9":{"start":{"line":10,"column":37},"end":{"line":10,"column":97}},"10":{"start":{"line":11,"column":39},"end":{"line":11,"column":101}},"11":{"start":{"line":18,"column":2},"end":{"line":20,"column":22}},"12":{"start":{"line":25,"column":2},"end":{"line":29,"column":4}},"13":{"start":{"line":32,"column":2},"end":{"line":38,"column":5}},"14":{"start":{"line":33,"column":4},"end":{"line":37,"column":7}},"15":{"start":{"line":34,"column":6},"end":{"line":36,"column":9}},"16":{"start":{"line":35,"column":8},"end":{"line":35,"column":24}},"17":{"start":{"line":43,"column":2},"end":{"line":55,"column":3}},"18":{"start":{"line":44,"column":4},"end":{"line":52,"column":7}},"19":{"start":{"line":45,"column":6},"end":{"line":51,"column":9}},"20":{"start":{"line":46,"column":8},"end":{"line":50,"column":9}},"21":{"start":{"line":47,"column":10},"end":{"line":47,"column":28}},"22":{"start":{"line":49,"column":10},"end":{"line":49,"column":28}},"23":{"start":{"line":54,"column":4},"end":{"line":54,"column":14}},"24":{"start":{"line":61,"column":0},"end":{"line":701,"column":2}},"25":{"start":{"line":65,"column":4},"end":{"line":90,"column":5}},"26":{"start":{"line":66,"column":6},"end":{"line":85,"column":7}},"27":{"start":{"line":67,"column":8},"end":{"line":70,"column":11}},"28":{"start":{"line":69,"column":10},"end":{"line":69,"column":20}},"29":{"start":{"line":71,"column":8},"end":{"line":71,"column":25}},"30":{"start":{"line":72,"column":8},"end":{"line":79,"column":9}},"31":{"start":{"line":80,"column":12},"end":{"line":85,"column":7}},"32":{"start":{"line":81,"column":8},"end":{"line":84,"column":12}},"33":{"start":{"line":83,"column":12},"end":{"line":83,"column":22}},"34":{"start":{"line":86,"column":6},"end":{"line":86,"column":36}},"35":{"start":{"line":87,"column":6},"end":{"line":87,"column":88}},"36":{"start":{"line":89,"column":6},"end":{"line":89,"column":78}},"37":{"start":{"line":94,"column":4},"end":{"line":118,"column":5}},"38":{"start":{"line":95,"column":8},"end":{"line":99,"column":13}},"39":{"start":{"line":98,"column":12},"end":{"line":98,"column":22}},"40":{"start":{"line":100,"column":8},"end":{"line":100,"column":25}},"41":{"start":{"line":101,"column":8},"end":{"line":113,"column":9}},"42":{"start":{"line":114,"column":6},"end":{"line":114,"column":88}},"43":{"start":{"line":116,"column":6},"end":{"line":116,"column":22}},"44":{"start":{"line":117,"column":6},"end":{"line":117,"column":78}},"45":{"start":{"line":122,"column":4},"end":{"line":174,"column":5}},"46":{"start":{"line":123,"column":17},"end":{"line":123,"column":30}},"47":{"start":{"line":124,"column":6},"end":{"line":127,"column":9}},"48":{"start":{"line":126,"column":8},"end":{"line":126,"column":18}},"49":{"start":{"line":128,"column":17},"end":{"line":133,"column":10}},"50":{"start":{"line":132,"column":10},"end":{"line":132,"column":20}},"51":{"start":{"line":134,"column":22},"end":{"line":137,"column":7}},"52":{"start":{"line":138,"column":19},"end":{"line":138,"column":54}},"53":{"start":{"line":139,"column":24},"end":{"line":151,"column":9}},"54":{"start":{"line":152,"column":8},"end":{"line":155,"column":10}},"55":{"start":{"line":154,"column":10},"end":{"line":154,"column":20}},"56":{"start":{"line":156,"column":8},"end":{"line":156,"column":33}},"57":{"start":{"line":157,"column":8},"end":{"line":161,"column":10}},"58":{"start":{"line":160,"column":10},"end":{"line":160,"column":20}},"59":{"start":{"line":162,"column":6},"end":{"line":170,"column":7}},"60":{"start":{"line":163,"column":8},"end":{"line":169,"column":9}},"61":{"start":{"line":164,"column":10},"end":{"line":168,"column":14}},"62":{"start":{"line":167,"column":14},"end":{"line":167,"column":24}},"63":{"start":{"line":171,"column":6},"end":{"line":171,"column":73}},"64":{"start":{"line":173,"column":6},"end":{"line":173,"column":23}},"65":{"start":{"line":178,"column":4},"end":{"line":215,"column":5}},"66":{"start":{"line":179,"column":8},"end":{"line":183,"column":10}},"67":{"start":{"line":182,"column":10},"end":{"line":182,"column":20}},"68":{"start":{"line":184,"column":24},"end":{"line":187,"column":9}},"69":{"start":{"line":188,"column":21},"end":{"line":188,"column":56}},"70":{"start":{"line":189,"column":26},"end":{"line":201,"column":11}},"71":{"start":{"line":202,"column":10},"end":{"line":205,"column":14}},"72":{"start":{"line":204,"column":14},"end":{"line":204,"column":24}},"73":{"start":{"line":206,"column":10},"end":{"line":210,"column":12}},"74":{"start":{"line":209,"column":12},"end":{"line":209,"column":22}},"75":{"start":{"line":211,"column":10},"end":{"line":211,"column":35}},"76":{"start":{"line":212,"column":10},"end":{"line":212,"column":123}},"77":{"start":{"line":214,"column":6},"end":{"line":214,"column":22}},"78":{"start":{"line":218,"column":4},"end":{"line":283,"column":5}},"79":{"start":{"line":219,"column":27},"end":{"line":219,"column":31}},"80":{"start":{"line":220,"column":21},"end":{"line":220,"column":43}},"81":{"start":{"line":221,"column":19},"end":{"line":225,"column":8}},"82":{"start":{"line":224,"column":8},"end":{"line":224,"column":18}},"83":{"start":{"line":226,"column":6},"end":{"line":272,"column":7}},"84":{"start":{"line":230,"column":8},"end":{"line":271,"column":9}},"85":{"start":{"line":231,"column":10},"end":{"line":231,"column":95}},"86":{"start":{"line":233,"column":35},"end":{"line":237,"column":12}},"87":{"start":{"line":236,"column":12},"end":{"line":236,"column":22}},"88":{"start":{"line":238,"column":10},"end":{"line":243,"column":16}},"89":{"start":{"line":241,"column":16},"end":{"line":241,"column":35}},"90":{"start":{"line":242,"column":16},"end":{"line":242,"column":26}},"91":{"start":{"line":244,"column":14},"end":{"line":248,"column":18}},"92":{"start":{"line":247,"column":18},"end":{"line":247,"column":28}},"93":{"start":{"line":250,"column":23},"end":{"line":255,"column":12}},"94":{"start":{"line":253,"column":12},"end":{"line":253,"column":31}},"95":{"start":{"line":254,"column":12},"end":{"line":254,"column":22}},"96":{"start":{"line":256,"column":25},"end":{"line":256,"column":39}},"97":{"start":{"line":257,"column":27},"end":{"line":263,"column":17}},"98":{"start":{"line":264,"column":22},"end":{"line":264,"column":47}},"99":{"start":{"line":265,"column":10},"end":{"line":265,"column":32}},"100":{"start":{"line":266,"column":10},"end":{"line":269,"column":12}},"101":{"start":{"line":268,"column":12},"end":{"line":268,"column":22}},"102":{"start":{"line":270,"column":10},"end":{"line":270,"column":37}},"103":{"start":{"line":274,"column":6},"end":{"line":274,"column":22}},"104":{"start":{"line":275,"column":6},"end":{"line":282,"column":7}},"105":{"start":{"line":276,"column":10},"end":{"line":276,"column":85}},"106":{"start":{"line":278,"column":11},"end":{"line":282,"column":7}},"107":{"start":{"line":279,"column":10},"end":{"line":279,"column":93}},"108":{"start":{"line":281,"column":10},"end":{"line":281,"column":73}},"109":{"start":{"line":287,"column":4},"end":{"line":315,"column":5}},"110":{"start":{"line":288,"column":17},"end":{"line":288,"column":30}},"111":{"start":{"line":289,"column":6},"end":{"line":293,"column":11}},"112":{"start":{"line":292,"column":10},"end":{"line":292,"column":20}},"113":{"start":{"line":294,"column":8},"end":{"line":302,"column":9}},"114":{"start":{"line":295,"column":10},"end":{"line":301,"column":11}},"115":{"start":{"line":296,"column":12},"end":{"line":300,"column":17}},"116":{"start":{"line":299,"column":16},"end":{"line":299,"column":26}},"117":{"start":{"line":303,"column":8},"end":{"line":311,"column":7}},"118":{"start":{"line":304,"column":10},"end":{"line":310,"column":11}},"119":{"start":{"line":305,"column":12},"end":{"line":309,"column":17}},"120":{"start":{"line":308,"column":16},"end":{"line":308,"column":26}},"121":{"start":{"line":312,"column":6},"end":{"line":312,"column":74}},"122":{"start":{"line":314,"column":6},"end":{"line":314,"column":23}},"123":{"start":{"line":320,"column":4},"end":{"line":334,"column":5}},"124":{"start":{"line":321,"column":6},"end":{"line":325,"column":10}},"125":{"start":{"line":324,"column":10},"end":{"line":324,"column":20}},"126":{"start":{"line":326,"column":6},"end":{"line":329,"column":10}},"127":{"start":{"line":328,"column":10},"end":{"line":328,"column":20}},"128":{"start":{"line":330,"column":6},"end":{"line":330,"column":20}},"129":{"start":{"line":331,"column":6},"end":{"line":331,"column":88}},"130":{"start":{"line":333,"column":6},"end":{"line":333,"column":23}},"131":{"start":{"line":340,"column":4},"end":{"line":350,"column":5}},"132":{"start":{"line":341,"column":6},"end":{"line":344,"column":10}},"133":{"start":{"line":343,"column":10},"end":{"line":343,"column":20}},"134":{"start":{"line":345,"column":6},"end":{"line":345,"column":50}},"135":{"start":{"line":346,"column":6},"end":{"line":346,"column":109}},"136":{"start":{"line":348,"column":6},"end":{"line":348,"column":23}},"137":{"start":{"line":349,"column":6},"end":{"line":349,"column":85}},"138":{"start":{"line":355,"column":4},"end":{"line":401,"column":5}},"139":{"start":{"line":356,"column":17},"end":{"line":356,"column":42}},"140":{"start":{"line":357,"column":19},"end":{"line":361,"column":10}},"141":{"start":{"line":360,"column":10},"end":{"line":360,"column":20}},"142":{"start":{"line":362,"column":6},"end":{"line":398,"column":7}},"143":{"start":{"line":363,"column":8},"end":{"line":363,"column":73}},"144":{"start":{"line":366,"column":8},"end":{"line":396,"column":9}},"145":{"start":{"line":367,"column":10},"end":{"line":367,"column":118}},"146":{"start":{"line":368,"column":14},"end":{"line":396,"column":9}},"147":{"start":{"line":369,"column":10},"end":{"line":369,"column":138}},"148":{"start":{"line":371,"column":30},"end":{"line":375,"column":12}},"149":{"start":{"line":374,"column":12},"end":{"line":374,"column":22}},"150":{"start":{"line":376,"column":8},"end":{"line":395,"column":9}},"151":{"start":{"line":377,"column":10},"end":{"line":391,"column":11}},"152":{"start":{"line":378,"column":12},"end":{"line":378,"column":50}},"153":{"start":{"line":381,"column":27},"end":{"line":381,"column":41}},"154":{"start":{"line":382,"column":23},"end":{"line":388,"column":13}},"155":{"start":{"line":389,"column":12},"end":{"line":389,"column":40}},"156":{"start":{"line":390,"column":12},"end":{"line":390,"column":39}},"157":{"start":{"line":394,"column":10},"end":{"line":394,"column":75}},"158":{"start":{"line":400,"column":6},"end":{"line":400,"column":23}},"159":{"start":{"line":406,"column":4},"end":{"line":454,"column":5}},"160":{"start":{"line":407,"column":6},"end":{"line":407,"column":39}},"161":{"start":{"line":408,"column":19},"end":{"line":412,"column":10}},"162":{"start":{"line":411,"column":10},"end":{"line":411,"column":20}},"163":{"start":{"line":413,"column":6},"end":{"line":451,"column":7}},"164":{"start":{"line":414,"column":8},"end":{"line":414,"column":73}},"165":{"start":{"line":417,"column":28},"end":{"line":421,"column":12}},"166":{"start":{"line":420,"column":12},"end":{"line":420,"column":22}},"167":{"start":{"line":422,"column":8},"end":{"line":450,"column":9}},"168":{"start":{"line":423,"column":10},"end":{"line":446,"column":12}},"169":{"start":{"line":424,"column":37},"end":{"line":428,"column":16}},"170":{"start":{"line":427,"column":16},"end":{"line":427,"column":26}},"171":{"start":{"line":429,"column":12},"end":{"line":433,"column":16}},"172":{"start":{"line":432,"column":16},"end":{"line":432,"column":26}},"173":{"start":{"line":434,"column":27},"end":{"line":434,"column":41}},"174":{"start":{"line":435,"column":12},"end":{"line":441,"column":14}},"175":{"start":{"line":442,"column":12},"end":{"line":442,"column":40}},"176":{"start":{"line":443,"column":12},"end":{"line":443,"column":39}},"177":{"start":{"line":445,"column":12},"end":{"line":445,"column":28}},"178":{"start":{"line":449,"column":10},"end":{"line":449,"column":75}},"179":{"start":{"line":459,"column":4},"end":{"line":482,"column":5}},"180":{"start":{"line":460,"column":6},"end":{"line":464,"column":10}},"181":{"start":{"line":463,"column":10},"end":{"line":463,"column":20}},"182":{"start":{"line":465,"column":6},"end":{"line":465,"column":45}},"183":{"start":{"line":466,"column":6},"end":{"line":476,"column":7}},"184":{"start":{"line":477,"column":6},"end":{"line":477,"column":58}},"185":{"start":{"line":478,"column":6},"end":{"line":478,"column":47}},"186":{"start":{"line":480,"column":6},"end":{"line":480,"column":23}},"187":{"start":{"line":481,"column":6},"end":{"line":481,"column":62}},"188":{"start":{"line":486,"column":4},"end":{"line":498,"column":5}},"189":{"start":{"line":487,"column":6},"end":{"line":487,"column":51}},"190":{"start":{"line":488,"column":6},"end":{"line":491,"column":11}},"191":{"start":{"line":490,"column":10},"end":{"line":490,"column":20}},"192":{"start":{"line":492,"column":17},"end":{"line":492,"column":96}},"193":{"start":{"line":493,"column":6},"end":{"line":493,"column":34}},"194":{"start":{"line":494,"column":6},"end":{"line":494,"column":35}},"195":{"start":{"line":497,"column":6},"end":{"line":497,"column":23}},"196":{"start":{"line":502,"column":4},"end":{"line":532,"column":5}},"197":{"start":{"line":503,"column":6},"end":{"line":503,"column":39}},"198":{"start":{"line":504,"column":19},"end":{"line":508,"column":10}},"199":{"start":{"line":507,"column":10},"end":{"line":507,"column":20}},"200":{"start":{"line":509,"column":26},"end":{"line":513,"column":10}},"201":{"start":{"line":512,"column":10},"end":{"line":512,"column":20}},"202":{"start":{"line":514,"column":6},"end":{"line":529,"column":7}},"203":{"start":{"line":515,"column":35},"end":{"line":519,"column":14}},"204":{"start":{"line":518,"column":14},"end":{"line":518,"column":24}},"205":{"start":{"line":520,"column":8},"end":{"line":524,"column":14}},"206":{"start":{"line":523,"column":14},"end":{"line":523,"column":24}},"207":{"start":{"line":525,"column":8},"end":{"line":525,"column":62}},"208":{"start":{"line":528,"column":8},"end":{"line":528,"column":64}},"209":{"start":{"line":531,"column":6},"end":{"line":531,"column":23}},"210":{"start":{"line":536,"column":4},"end":{"line":589,"column":5}},"211":{"start":{"line":537,"column":19},"end":{"line":541,"column":10}},"212":{"start":{"line":540,"column":10},"end":{"line":540,"column":20}},"213":{"start":{"line":542,"column":6},"end":{"line":585,"column":7}},"214":{"start":{"line":543,"column":8},"end":{"line":543,"column":163}},"215":{"start":{"line":544,"column":12},"end":{"line":585,"column":7}},"216":{"start":{"line":545,"column":8},"end":{"line":545,"column":108}},"217":{"start":{"line":547,"column":8},"end":{"line":584,"column":9}},"218":{"start":{"line":548,"column":10},"end":{"line":548,"column":129}},"219":{"start":{"line":550,"column":26},"end":{"line":553,"column":11}},"220":{"start":{"line":554,"column":23},"end":{"line":554,"column":55}},"221":{"start":{"line":555,"column":28},"end":{"line":567,"column":13}},"222":{"start":{"line":568,"column":12},"end":{"line":571,"column":16}},"223":{"start":{"line":570,"column":16},"end":{"line":570,"column":26}},"224":{"start":{"line":572,"column":12},"end":{"line":576,"column":16}},"225":{"start":{"line":575,"column":16},"end":{"line":575,"column":26}},"226":{"start":{"line":577,"column":14},"end":{"line":581,"column":16}},"227":{"start":{"line":580,"column":16},"end":{"line":580,"column":26}},"228":{"start":{"line":582,"column":10},"end":{"line":582,"column":35}},"229":{"start":{"line":583,"column":10},"end":{"line":583,"column":165}},"230":{"start":{"line":588,"column":6},"end":{"line":588,"column":22}},"231":{"start":{"line":593,"column":4},"end":{"line":630,"column":5}},"232":{"start":{"line":594,"column":6},"end":{"line":598,"column":8}},"233":{"start":{"line":597,"column":8},"end":{"line":597,"column":18}},"234":{"start":{"line":599,"column":26},"end":{"line":602,"column":11}},"235":{"start":{"line":603,"column":23},"end":{"line":603,"column":55}},"236":{"start":{"line":604,"column":28},"end":{"line":616,"column":13}},"237":{"start":{"line":617,"column":31},"end":{"line":620,"column":16}},"238":{"start":{"line":619,"column":16},"end":{"line":619,"column":26}},"239":{"start":{"line":621,"column":14},"end":{"line":625,"column":16}},"240":{"start":{"line":624,"column":16},"end":{"line":624,"column":26}},"241":{"start":{"line":626,"column":10},"end":{"line":626,"column":35}},"242":{"start":{"line":627,"column":10},"end":{"line":627,"column":119}},"243":{"start":{"line":629,"column":6},"end":{"line":629,"column":22}},"244":{"start":{"line":633,"column":4},"end":{"line":698,"column":5}},"245":{"start":{"line":634,"column":27},"end":{"line":634,"column":31}},"246":{"start":{"line":635,"column":21},"end":{"line":635,"column":47}},"247":{"start":{"line":636,"column":19},"end":{"line":640,"column":8}},"248":{"start":{"line":639,"column":8},"end":{"line":639,"column":18}},"249":{"start":{"line":641,"column":6},"end":{"line":687,"column":7}},"250":{"start":{"line":645,"column":8},"end":{"line":686,"column":9}},"251":{"start":{"line":646,"column":10},"end":{"line":646,"column":94}},"252":{"start":{"line":648,"column":35},"end":{"line":652,"column":12}},"253":{"start":{"line":651,"column":12},"end":{"line":651,"column":22}},"254":{"start":{"line":653,"column":10},"end":{"line":658,"column":16}},"255":{"start":{"line":656,"column":16},"end":{"line":656,"column":35}},"256":{"start":{"line":657,"column":16},"end":{"line":657,"column":26}},"257":{"start":{"line":659,"column":14},"end":{"line":663,"column":18}},"258":{"start":{"line":662,"column":18},"end":{"line":662,"column":28}},"259":{"start":{"line":665,"column":23},"end":{"line":670,"column":12}},"260":{"start":{"line":668,"column":12},"end":{"line":668,"column":31}},"261":{"start":{"line":669,"column":12},"end":{"line":669,"column":22}},"262":{"start":{"line":671,"column":25},"end":{"line":671,"column":39}},"263":{"start":{"line":672,"column":27},"end":{"line":678,"column":17}},"264":{"start":{"line":679,"column":22},"end":{"line":679,"column":47}},"265":{"start":{"line":680,"column":10},"end":{"line":680,"column":32}},"266":{"start":{"line":681,"column":10},"end":{"line":684,"column":12}},"267":{"start":{"line":683,"column":12},"end":{"line":683,"column":22}},"268":{"start":{"line":685,"column":10},"end":{"line":685,"column":37}},"269":{"start":{"line":689,"column":6},"end":{"line":689,"column":22}},"270":{"start":{"line":690,"column":6},"end":{"line":697,"column":7}},"271":{"start":{"line":691,"column":10},"end":{"line":691,"column":85}},"272":{"start":{"line":693,"column":11},"end":{"line":697,"column":7}},"273":{"start":{"line":694,"column":10},"end":{"line":694,"column":93}},"274":{"start":{"line":696,"column":10},"end":{"line":696,"column":73}}},"fnMap":{"0":{"name":"randomPasswordGenerator","decl":{"start":{"line":17,"column":9},"end":{"line":17,"column":32}},"loc":{"start":{"line":17,"column":35},"end":{"line":21,"column":1}},"line":17},"1":{"name":"toJSON","decl":{"start":{"line":23,"column":9},"end":{"line":23,"column":15}},"loc":{"start":{"line":23,"column":22},"end":{"line":30,"column":1}},"line":23},"2":{"name":"encrypt","decl":{"start":{"line":31,"column":9},"end":{"line":31,"column":16}},"loc":{"start":{"line":31,"column":27},"end":{"line":39,"column":1}},"line":31},"3":{"name":"(anonymous_3)","decl":{"start":{"line":32,"column":21},"end":{"line":32,"column":22}},"loc":{"start":{"line":32,"column":42},"end":{"line":38,"column":3}},"line":32},"4":{"name":"(anonymous_4)","decl":{"start":{"line":33,"column":22},"end":{"line":33,"column":23}},"loc":{"start":{"line":33,"column":41},"end":{"line":37,"column":5}},"line":33},"5":{"name":"(anonymous_5)","decl":{"start":{"line":34,"column":42},"end":{"line":34,"column":43}},"loc":{"start":{"line":34,"column":61},"end":{"line":36,"column":7}},"line":34},"6":{"name":"compare","decl":{"start":{"line":42,"column":9},"end":{"line":42,"column":16}},"loc":{"start":{"line":42,"column":34},"end":{"line":56,"column":1}},"line":42},"7":{"name":"(anonymous_7)","decl":{"start":{"line":44,"column":23},"end":{"line":44,"column":24}},"loc":{"start":{"line":44,"column":44},"end":{"line":52,"column":5}},"line":44},"8":{"name":"(anonymous_8)","decl":{"start":{"line":45,"column":38},"end":{"line":45,"column":39}},"loc":{"start":{"line":45,"column":57},"end":{"line":51,"column":7}},"line":45},"9":{"name":"(anonymous_9)","decl":{"start":{"line":63,"column":7},"end":{"line":63,"column":8}},"loc":{"start":{"line":63,"column":33},"end":{"line":91,"column":3}},"line":63},"10":{"name":"(anonymous_10)","decl":{"start":{"line":67,"column":64},"end":{"line":67,"column":65}},"loc":{"start":{"line":67,"column":71},"end":{"line":70,"column":9}},"line":67},"11":{"name":"(anonymous_11)","decl":{"start":{"line":82,"column":17},"end":{"line":82,"column":18}},"loc":{"start":{"line":82,"column":26},"end":{"line":84,"column":11}},"line":82},"12":{"name":"(anonymous_12)","decl":{"start":{"line":92,"column":11},"end":{"line":92,"column":12}},"loc":{"start":{"line":92,"column":37},"end":{"line":119,"column":3}},"line":92},"13":{"name":"(anonymous_13)","decl":{"start":{"line":96,"column":17}
[...]
{"line":53,"column":56}},"33":{"start":{"line":54,"column":20},"end":{"line":54,"column":57}},"34":{"start":{"line":55,"column":20},"end":{"line":55,"column":131}},"35":{"start":{"line":56,"column":20},"end":{"line":56,"column":26}},"36":{"start":{"line":58,"column":20},"end":{"line":58,"column":63}},"37":{"start":{"line":59,"column":20},"end":{"line":59,"column":58}},"38":{"start":{"line":60,"column":20},"end":{"line":60,"column":132}},"39":{"start":{"line":61,"column":20},"end":{"line":61,"column":26}},"40":{"start":{"line":63,"column":20},"end":{"line":63,"column":42}},"41":{"start":{"line":64,"column":20},"end":{"line":64,"column":57}},"42":{"start":{"line":65,"column":20},"end":{"line":65,"column":122}},"43":{"start":{"line":66,"column":20},"end":{"line":66,"column":26}},"44":{"start":{"line":68,"column":20},"end":{"line":68,"column":42}},"45":{"start":{"line":69,"column":20},"end":{"line":69,"column":58}},"46":{"start":{"line":70,"column":20},"end":{"line":70,"column":122}},"47":{"start":{"line":71,"column":20},"end":{"line":71,"column":26}},"48":{"start":{"line":73,"column":20},"end":{"line":73,"column":64}},"49":{"start":{"line":74,"column":20},"end":{"line":74,"column":57}},"50":{"start":{"line":75,"column":20},"end":{"line":75,"column":116}},"51":{"start":{"line":78,"column":12},"end":{"line":78,"column":19}},"52":{"start":{"line":82,"column":19},"end":{"line":82,"column":43}},"53":{"start":{"line":83,"column":23},"end":{"line":92,"column":9}},"54":{"start":{"line":93,"column":33},"end":{"line":93,"column":59}},"55":{"start":{"line":94,"column":8},"end":{"line":143,"column":9}},"56":{"start":{"line":95,"column":12},"end":{"line":140,"column":13}},"57":{"start":{"line":97,"column":20},"end":{"line":97,"column":56}},"58":{"start":{"line":98,"column":20},"end":{"line":98,"column":58}},"59":{"start":{"line":99,"column":20},"end":{"line":99,"column":126}},"60":{"start":{"line":100,"column":20},"end":{"line":100,"column":26}},"61":{"start":{"line":102,"column":20},"end":{"line":102,"column":51}},"62":{"start":{"line":103,"column":20},"end":{"line":103,"column":57}},"63":{"start":{"line":104,"column":20},"end":{"line":104,"column":127}},"64":{"start":{"line":105,"column":20},"end":{"line":105,"column":26}},"65":{"start":{"line":107,"column":20},"end":{"line":107,"column":64}},"66":{"start":{"line":108,"column":20},"end":{"line":108,"column":57}},"67":{"start":{"line":109,"column":20},"end":{"line":109,"column":140}},"68":{"start":{"line":110,"column":20},"end":{"line":110,"column":26}},"69":{"start":{"line":112,"column":20},"end":{"line":112,"column":63}},"70":{"start":{"line":113,"column":20},"end":{"line":113,"column":57}},"71":{"start":{"line":114,"column":20},"end":{"line":114,"column":139}},"72":{"start":{"line":115,"column":20},"end":{"line":115,"column":26}},"73":{"start":{"line":117,"column":20},"end":{"line":117,"column":56}},"74":{"start":{"line":118,"column":20},"end":{"line":118,"column":57}},"75":{"start":{"line":119,"column":20},"end":{"line":119,"column":131}},"76":{"start":{"line":120,"column":20},"end":{"line":120,"column":26}},"77":{"start":{"line":122,"column":20},"end":{"line":122,"column":63}},"78":{"start":{"line":123,"column":20},"end":{"line":123,"column":58}},"79":{"start":{"line":124,"column":20},"end":{"line":124,"column":133}},"80":{"start":{"line":125,"column":20},"end":{"line":125,"column":26}},"81":{"start":{"line":127,"column":20},"end":{"line":127,"column":42}},"82":{"start":{"line":128,"column":20},"end":{"line":128,"column":57}},"83":{"start":{"line":129,"column":20},"end":{"line":129,"column":122}},"84":{"start":{"line":130,"column":20},"end":{"line":130,"column":26}},"85":{"start":{"line":132,"column":20},"end":{"line":132,"column":42}},"86":{"start":{"line":133,"column":20},"end":{"line":133,"column":58}},"87":{"start":{"line":134,"column":20},"end":{"line":134,"column":122}},"88":{"start":{"line":135,"column":20},"end":{"line":135,"column":26}},"89":{"start":{"line":137,"column":20},"end":{"line":137,"column":64}},"90":{"start":{"line":138,"column":20},"end":{"line":138,"column":57}},"91":{"start":{"line":139,"column":20},"end":{"line":139,"column":117}},"92":{"start":{"line":142,"column":12},"end":{"line":142,"column":19}}},"fnMap":{"0":{"name":"(anonymous_0)","decl":{"start":{"line":5,"column":4},"end":{"line":5,"column":5}},"loc":{"start":{"line":5,"column":27},"end":{"line":80,"column":5}},"line":5},"1":{"name":"(anonymous_1)","decl":{"start":{"line":81,"column":4},"end":{"line":81,"column":5}},"loc":{"start":{"line":81,"column":27},"end":{"line":144,"column":5}},"line":81}},"branchMap":{"0":{"loc":{"start":{"line":20,"column":8},"end":{"line":79,"column":9}},"type":"if","locations":[{"start":{"line":20,"column":8},"end":{"line":79,"column":9}},{"start":{"line":20,"column":8},"end":{"line":79,"column":9}}],"line":20},"1":{"loc":{"start":{"line":21,"column":12},"end":{"line":76,"column":13}},"type":"switch","locations":[{"start":{"line":22,"column":16},"end":{"line":26,"column":26}},{"start":{"line":27,"column":16},"end":{"line":31,"column":26}},{"start":{"line":32,"column":16},"end":{"line":36,"column":26}},{"start":{"line":37,"column":16},"end":{"line":41,"column":26}},{"start":{"line":42,"column":16},"end":{"line":46,"column":26}},{"start":{"line":47,"column":16},"end":{"line":51,"column":26}},{"start":{"line":52,"column":16},"end":{"line":56,"column":26}},{"start":{"line":57,"column":16},"end":{"line":61,"column":26}},{"start":{"line":62,"column":16},"end":{"line":66,"column":26}},{"start":{"line":67,"column":16},"end":{"line":71,"column":26}},{"start":{"line":72,"column":16},"end":{"line":75,"column":116}}],"line":21},"2":{"loc":{"start":{"line":94,"column":8},"end":{"line":143,"column":9}},"type":"if","locations":[{"start":{"line":94,"column":8},"end":{"line":143,"column":9}},{"start":{"line":94,"column":8},"end":{"line":143,"column":9}}],"line":94},"3":{"loc":{"start":{"line":95,"column":12},"end":{"line":140,"column":13}},"type":"switch","locations":[{"start":{"line":96,"column":16},"end":{"line":100,"column":26}},{"start":{"line":101,"column":16},"end":{"line":105,"column":26}},{"start":{"line":106,"column":16},"end":{"line":110,"column":26}},{"start":{"line":111,"column":16},"end":{"line":115,"column":26}},{"start":{"line":116,"column":16},"end":{"line":120,"column":26}},{"start":{"line":121,"column":16},"end":{"line":125,"column":26}},{"start":{"line":126,"column":16},"end":{"line":130,"column":26}},{"start":{"line":131,"column":16},"end":{"line":135,"column":26}},{"start":{"line":136,"column":16},"end":{"line":139,"column":117}}],"line":95}},"s":{"0":1,"1":1,"2":1,"3":0,"4":0,"5":0,"6":0,"7":0,"8":0,"9":0,"10":0,"11":0,"12":0,"13":0,"14":0,"15":0,"16":0,"17":0,"18":0,"19":0,"20":0,"21":0,"22":0,"23":0,"24":0,"25":0,"26":0,"27":0,"28":0,"29":0,"30":0,"31":0,"32":0,"33":0,"34":0,"35":0,"36":0,"37":0,"38":0,"39":0,"40":0,"41":0,"42":0,"43":0,"44":0,"45":0,"46":0,"47":0,"48":0,"49":0,"50":0,"51":0,"52":0,"53":0,"54":0,"55":0,"56":0,"57":0,"58":0,"59":0,"60":0,"61":0,"62":0,"63":0,"64":0,"65":0,"66":0,"67":0,"68":0,"69":0,"70":0,"71":0,"72":0,"73":0,"74":0,"75":0,"76":0,"77":0,"78":0,"79":0,"80":0,"81":0,"82":0,"83":0,"84":0,"85":0,"86":0,"87":0,"88":0,"89":0,"90":0,"91":0,"92":0},"f":{"0":0,"1":0},"b":{"0":[0,0],"1":[0,0,0,0,0,0,0,0,0,0,0],"2":[0,0],"3":[0,0,0,0,0,0,0,0,0]},"_coverageSchema":"43e27e138ebf9cfc5966b082cf9a028302ed4184","hash":"d50e961bfed6eaa7fa06c0d7c2a8bc3bfc864425","contentHash":"64f8da1c381dad9c4649824ae72bf224"},"/Users/nicholasmitchell/LoRaWAN_Web_App_1/server/src/policies/gateway_profile_policy.js":{"path":"/Users/nicholasmitchell/LoRaWAN_Web_App_1/server/src/policies/gateway_profile_policy.js","statementMap":{"0":{"start":{"line":1,"column":12},"end":{"line":1,"column":26}},"1":{"start":{"line":2,"column":21},"end":{"line":2,"column":57}},"2":{"start":{"line":4,"column":0},"end":{"line":134,"column":1}},"3":{"start":{"line":6,"column":19},"end":{"line":6,"column":43}},"4":{"start":{"line":7,"column":23},"end":{"line":17,"column":9}},"5":{"start":{"line":18,"column":33},"end":{"line":18,"column":59}},"6":{"start":{"line":19,"column":8},"end":{"line":68,"column":9}},"7":{"start":{"line":20,"column":12},"end":{"line":65,"column":13}},"8":{"start":{"line":22,"column":20},"end":{"line":22,"column":56}},"9":{"start":{"line":23,"column":20},"end":{"line":23,"column":58}},"10":{"start":{"line":24,"column":20},"end":{"line":24,"column":125}},"11":{"start":{"line":25,"column":20},"end":{"line":25,"column":26}},"12":{"start":{"line":27,"column":20},"end":{"line":27,"column":59}},"13":{"start":{"line":28,"column":20},"end":{"line":28,"column":57}},"14":{"start":{"line":29,"column":20},"end":{"line":29,"column":129}},"15":{"start":{"line":30,"column":20},"end":{"line":30,"column":26}},"16":{"start":{"line":32,"column":20},"end":{"line":32,"column":58}},"17":{"start":{"line":33,"column":20},"end":{"line":33,"column":57}},"18":{"start":{"line":34,"column":20},"end":{"line":34,"column":123}},"19":{"start":{"line":35,"column":20},"end":{"line":35,"column":26}},"20":{"start":{"line":37,"column":20},"end":{"line":37,"column":62}},"21":{"start":{"line":38,"column":20},"end":{"line":38,"column":57}},"22":{"start":{"line":39,"column":20},"end":{"line":39,"column":138}},"23":{"start":{"line":40,"column":20},"end":{"line":40,"column":26}},"24":{"start":{"line":42,"column":20},"end":{"line":42,"column":61}},"25":{"start":{"line":43,"column":20},"end":{"line":43,"column":57}},"26":{"start":{"line":44,"column":20},"end":{"line":44,"column":130}},"27":{"start":{"line":45,"column":20},"end":{"line":45,"column":26}},"28":{"start":{"line":47,"column":20},"end":{"line":47,"column":61}},"29":{"start":{"line":48,"column":20},"end":{"line":48,"column":57}},"30":{"start":{"line":49,"column":20},"end":{"line":49,"column":130}},"31":{"start":{"line":50,"column":20},"end":{"line":50,"column":26}},"32":{"start":{"line":52,"column":20},"end":{"line":52,"column":69}},"33":{"start":{"line":53,"column":20},"end":{"line":53,"column":57}},"34":{"start":{"line":54,"column":20},"end":{"line":54,"column":130}},"35":{"start":{"line":55,"column":20},"end":{"line":55,"column":26}},"36":{"start":{"line":57,"column":20},"end":{"line":57,"column":60}},"37":{"start":{"line":58,"column":20},"end":{"line":58,"column":57}},"38":{"start":{"line":59,"column":20},"end":{"line":59,"column":130}},"39":{"start":{"line":60,"column":20},"end":{"line":60,"column":26}},"40":{"start":{"line":62,"column":20},"end":{"line":62,"column":64}},"41":{"start":{"line":63,"column":20},"end":{"line":63,"column":57}},"42":{"start":{"line":64,"column":20},"end":{"line":64,"column":116}},"43":{"start":{"line":67,"column":12},"end":{"line":67,"column":19}},"44":{"start":{"line":71,"column":19},"end":{"line":71,"column":43}},"45":{"start":{"line":72,"column":23},"end":{"line":81,"column":9}},"46":{"start":{"line":82,"column":33},"end":{"line":82,"column":59}},"47":{"start":{"line":83,"column":8},"end":{"line":132,"column":9}},"48":{"start":{"line":84,"column":12},"end":{"line":129,"column":13}},"49":{"start":{"line":86,"column":20},"end":{"line":86,"column":56}},"50":{"start":{"line":87,"column":20},"end":{"line":87,"column":58}},"51":{"start":{"line":88,"column":20},"end":{"line":88,"column":125}},"52":{"start":{"line":89,"column":20},"end":{"line":89,"column":26}},"53":{"start":{"line":91,"column":20},"end":{"line":91,"column":59}},"54":{"start":{"line":92,"column":20},"end":{"line":92,"column":57}},"55":{"start":{"line":93,"column":20},"end":{"line":93,"column":129}},"56":{"start":{"line":94,"column":20},"end":{"line":94,"column":26}},"57":{"start":{"line":96,"column":20},"end":{"line":96,"column":58}},"58":{"start":{"line":97,"column":20},"end":{"line":97,"column":57}},"59":{"start":{"line":98,"column":20},"end":{"line":98,"column":123}},"60":{"start":{"line":99,"column":20},"end":{"line":99,"column":26}},"61":{"start":{"line":101,"column":20},"end":{"line":101,"column":62}},"62":{"start":{"line":102,"column":20},"end":{"line":102,"column":57}},"63":{"start":{"line":103,"column":20},"end":{"line":103,"column":138}},"64":{"start":{"line":104,"column":20},"end":{"line":104,"column":26}},"65":{"start":{"line":106,"column":20},"end":{"line":106,"column":61}},"66":{"start":{"line":107,"column":20},"end":{"line":107,"column":57}},"67":{"start":{"line":108,"column":20},"end":{"line":108,"column":130}},"68":{"start":{"line":109,"column":20},"end":{"line":109,"column":26}},"69":{"start":{"line":111,"column":20},"end":{"line":111,"column":61}},"70":{"start":{"line":112,"column":20},"end":{"line":112,"column":57}},"71":{"start":{"line":113,"column":20},"end":{"line":113,"column":130}},"72":{"start":{"line":114,"column":20},"end":{"line":114,"column":26}},"73":{"start":{"line":116,"column":20},"end":{"line":116,"column":69}},"74":{"start":{"line":117,"column":20},"end":{"line":117,"column":57}},"75":{"start":{"line":118,"column":20},"end":{"line":118,"column":130}},"76":{"start":{"line":119,"column":20},"end":{"line":119,"column":26}},"77":{"start":{"line":121,"column":20},"end":{"line":121,"column":60}},"78":{"start":{"line":122,"column":20},"end":{"line":122,"column":57}},"79":{"start":{"line":123,"column":20},"end":{"line":123,"column":130}},"80":{"start":{"line":124,"column":20},"end":{"line":124,"column":26}},"81":{"start":{"line":126,"column":20},"end":{"line":126,"column":64}},"82":{"start":{"line":127,"column":20},"end":{"line":127,"column":57}},"83":{"start":{"line":128,"column":20},"end":{"line":128,"column":116}},"84":{"start":{"line":131,"column":12},"end":{"line":131,"column":19}}},"fnMap":{"0":{"name":"(anonymous_0)","decl":{"start":{"line":5,"column":4},"end":{"line":5,"column":5}},"loc":{"start":{"line":5,"column":27},"end":{"line":69,"column":5}},"line":5},"1":{"name":"(anonymous_1)","decl":{"start":{"line":70,"column":4},"end":{"line":70,"column":5}},"loc":{"start":{"line":70,"column":27},"end":{"line":133,"column":5}},"line":70}},"branchMap":{"0":{"loc":{"start":{"line":19,"column":8},"end":{"line":68,"column":9}},"type":"if","locations":[{"start":{"line":19,"column":8},"end":{"line":68,"column":9}},{"start":{"line":19,"column":8},"end":{"line":68,"column":9}}],"line":19},"1":{"loc":{"start":{"line":20,"column":12},"end":{"line":65,"column":13}},"type":"switch","locations":[{"start":{"line":21,"column":16},"end":{"line":25,"column":26}},{"start":{"line":26,"column":16},"end":{"line":30,"column":26}},{"start":{"line":31,"column":16},"end":{"line":35,"column":26}},{"start":{"line":36,"column":16},"end":{"line":40,"column":26}},{"start":{"line":41,"column":16},"end":{"line":45,"column":26}},{"start":{"line":46,"column":16},"end":{"line":50,"column":26}},{"start":{"line":51,"column":16},"end":{"line":55,"column":26}},{"start":{"line":56,"column":16},"end":{"line":60,"column":26}},{"start":{"line":61,"column":16},"end":{"line":64,"column":116}}],"line":20},"2":{"loc":{"start":{"line":83,"column":8},"end":{"line":132,"column":9}},"type":"if","locations":[{"start":{"line":83,"column":8},"end":{"line":132,"column":9}},{"start":{"line":83,"column":8},"end":{"line":132,"column":9}}],"line":83},"3":{"loc":{"start":{"line":84,"column":12},"end":{"line":129,"column":13}},"type":"switch","locations":[{"start":{"line":85,"column":16},"end":{"line":89,"column":26}},{"start":{"line":90,"column":16},"end":{"line":94,"column":26}},{"start":{"line":95,"column":16},"end":{"line":99,"column":26}},{"start":{"line":100,"column":16},"end":{"line":104,"column":26}},{"start":{"line":105,"column":16},"end":{"line":109,"column":26}},{"start":{"line":110,"column":16},"end":{"line":114,"column":26}},{"start":{"line":115,"column":16},"end":{"line":119,"column":26}},{"start":{"line":120,"column":16},"end":{"line":124,"column":26}},{"start":{"line":125,"column":16},"end":{"line":128,"column":116}}],"line":84}},"s":{"0":1,"1":1,"2":1,"3":0,"4":0,"5":0,"6":0,"7":0,"8":0,"9":0,"10":0,"11":0,"12":0,"13":0,"14":0,"15":0,"16":0,"17":0,"18":0,"19":0,"20":0,"21":0,"22":0,"23":0,"24":0,"25":0,"26":0,"27":0,"28":0,"29":0,"30":0,"31":0,"32":0,"33":0,"34":0,"35":0,"36":0,"37":0,"38":0,"39":0,"40":0,"41":0,"42":0,"43":0,"44":0,"45":0,"46":0,"47":0,"48":0,"49":0,"50":0,"51":0,"52":0,"53":0,"54":0,"55":0,"56":0,"57":0,"58":0,"59":0,"60":0,"61":0,"62":0,"63":0,"64":0,"65":0,"66":0,"67":0,"68":0,"69":0,"70":0,"71":0,"72":0,"73":0,"74":0,"75":0,"76":0,"77":0,"78":0,"79":0,"80":0,"81":0,"82":0,"83":0,"84":0},"f":{"0":0,"1":0},"b":{"0":[0,0],"1":[0,0,0,0,0,0,0,0,0],"2":[0,0],"3":[0,0,0,0,0,0,0,0,0]},"_coverageSchema":"43e27e138ebf9cfc5966b082cf9a028302ed4184","hash":"27b2a5f5db34a86a88e983b9f67a192fd108e591","contentHash":"28498531fb2ea9c9aca8483e2a26edc2"},"/Users/nicholasmitchell/LoRaWAN_Web_App_1/server/src/policies/network_server_policy.js":{"path":"/Users/nicholasmitchell/LoRaWAN_Web_App_1/server/src/policies/network_server_policy.js","statementMap":{"0":{"start":{"line":1,"column":12},"end":{"line":1,"column":26}},"1":{"start":{"line":2,"column":21},"end":{"line":2,"column":57}},"2":{"start":{"line":4,"column":0},"end":{"line":44,"column":1}},"3":{"start":{"line":6,"column":19},"end":{"line":6,"column":35}},"4":{"start":{"line":7,"column":23},"end":{"line":11,"column":72}},"5":{"start":{"line":12,"column":31},"end":{"line":12,"column":57}},"6":{"start":{"line":13,"column":8},"end":{"line":38,"column":9}},"7":{"start":{"line":14,"column":12},"end":{"line":35,"column":13}},"8":{"start":{"line":16,"column":20},"end":{"line":16,"column":70}},"9":{"start":{"line":17,"column":20},"end":{"line":17,"column":57}},"10":{"start":{"line":18,"column":20},"end":{"line":18,"column":115}},"11":{"start":{"line":19,"column":20},"end":{"line":19,"column":26}},"12":{"start":{"line":21,"column":20},"end":{"line":21,"column":70}},"13":{"start":{"line":22,"column":20},"end":{"line":22,"column":58}},"14":{"start":{"line":23,"column":20},"end":{"line":23,"column":125}},"15":{"start":{"line":24,"column":20},"end":{"line":24,"column":26}},"16":{"start":{"line":26,"column":20},"end":{"line":26,"column":75}},"17":{"start":{"line":27,"column":20},"end":{"line":27,"column":58}},"18":{"start":{"line":28,"column":20},"end":{"line":28,"column":132}},"19":{"start":{"line":29,"column":20},"end":{"line":29,"column":26}},"20":{"start":{"line":31,"column":16},"end":{"line":31,"column":52}},"21":{"start":{"line":32,"column":20},"end":{"line":32,"column":46}},"22":{"start":{"line":33,"column":20},"end":{"line":33,"column":58}},"23":{"start":{"line":34,"column":20},"end":{"line":34,"column":116}},"24":{"start":{"line":37,"column":12},"end":{"line":37,"column":19}}},"fnMap":{"0":{"name":"(anonymous_0)","decl":{"start":{"line":5,"column":4},"end":{"line":5,"column":5}},"loc":{"start":{"line":5,"column":27},"end":{"line":39,"column":5}},"line":5},"1":{"name":"(anonymous_1)","decl":{"start":{"line":40,"column":4},"end":{"line":40,"column":5}},"loc":{"start":{"line":40,"column":27},"end":{"line":42,"column":5}},"line":40}},"branchMap":{"0":{"loc":{"start":{"line":13,"column":8},"end":{"line":38,"column":9}},"type":"if","locations":[{"start":{"line":13,"column":8},"end":{"line":38,"column":9}},{"start":{"line":13,"column":8},"end":{"line":38,"column":9}}],"line":13},"1":{"loc":{"start":{"line":14,"column":12},"end":{"line":35,"column":13}},"type":"switch","locations":[{"start":{"line":15,"column":16},"end":{"line":19,"column":26}},{"start":{"line":20,"column":16},"end":{"line":24,"column":26}},{"start":{"line":25,"column":16},"end":{"line":29,"column":26}},{"start":{"line":30,"column":16},"end":{"line":34,"column":116}}],"line":14}},"s":{"0":1,"1":1,"2":1,"3":0,"4":0,"5":0,"6":0,"7":0,"8":0,"9":0,"10":0,"11":0,"12":0,"13":0,"14":0,"15":0,"16":0,"17":0,"18":0,"19":0,"20":0,"21":0,"22":0,"23":0,"24":0},"f":{"0":0,"1":0},"b":{"0":[0,0],"1":[0,0,0,0]},"_coverageSchema":"43e27e138ebf9cfc5966b082cf9a028302ed4184","hash":"9c6be8ad880d0b98941feb4dd488f7a8f346f815","contentHash":"4005f9c3a016b31683af3c55ac3a7931"}}